#
# A fatal error has been detected by the Java Runtime Environment:
#
#  EXCEPTION_STACK_OVERFLOW (0xc00000fd) at pc=0x00000000590762f7, pid=25656, tid=0x00000000000086bc
#
# JRE version: OpenJDK Runtime Environment (8.0_362-b08) (build 1.8.0_362-b08)
# Java VM: OpenJDK 64-Bit Server VM (25.362-b08 mixed mode windows-amd64 compressed oops)
# Problematic frame:
# V  [jvm.dll+0x1e62f7]
#
# Failed to write core dump. Minidumps are not enabled by default on client versions of Windows
#
# If you would like to submit a bug report, please visit:
#   https://github.com/corretto/corretto-8/issues/
#

---------------  T H R E A D  ---------------

Current thread (0x000001b010e99800):  JavaThread "lettuce-eventExecutorLoop-1-2" daemon [_thread_in_vm, id=34492, stack(0x0000002607400000,0x0000002607500000)]

siginfo: ExceptionCode=0xc00000fd, ExceptionInformation=0x0000000000000001 0x00000026074fc930 

Registers:
RAX=0x00000026074fc930, RBX=0x0000000000000004, RCX=0x0000000000003000, RDX=0x000001b015975898
RSP=0x00000026074ff930, RBP=0x0000000000000000, RSI=0x00000026074ff930, RDI=0x0000000000000004
R8 =0x0000000000000006, R9 =0x000001b0143c1fd0, R10=0x000001b07eeee090, R11=0x00000026074ffd20
R12=0x00000026074ffd00, R13=0x000001b010e99800, R14=0x000001b010e99800, R15=0x0000000000000000
RIP=0x00000000590762f7, EFLAGS=0x0000000000010206

Top of Stack: (sp=0x00000026074ff930)
0x00000026074ff930:   000001b010e99800 000001b010e99800
0x00000026074ff940:   0000000000000000 000001b010e99800
0x00000026074ff950:   000001b07eeee090 00000000590767d6
0x00000026074ff960:   00000026074ffa60 00000026074ff9f8
0x00000026074ff970:   000001b0143c1fd0 0000000000000000
0x00000026074ff980:   0000000000000001 0000000058f34ff3
0x00000026074ff990:   00000026074ff9d0 00000026074ffa60
0x00000026074ff9a0:   000001b07eeee090 000001b010e99800
0x00000026074ff9b0:   000001b0000146e0 000001b07eeee090
0x00000026074ff9c0:   000001b010e99800 000001b010e99800
0x00000026074ff9d0:   000001b07eeee090 000001b07eeee090
0x00000026074ff9e0:   000001b010e99800 00000026074ffd28
0x00000026074ff9f0:   00000026074ffb00 000001b015854060
0x00000026074ffa00:   0000000000000005 000001b07eeee090
0x00000026074ffa10:   000001b010e99800 0000000058f34b9b
0x00000026074ffa20:   000001b0143c1fd0 00000007c0006a20 

Instructions: (pc=0x00000000590762f7)
0x00000000590762d7:   7c 24 38 8b fb 33 ed 66 90 e8 6b 8d 08 00 ff c3
0x00000000590762e7:   48 63 c8 48 8b c6 48 0f af cf 48 ff c7 48 2b c1
0x00000000590762f7:   89 28 48 63 c3 48 3b 05 bd e2 5a 00 7e db 48 8b
0x0000000059076307:   7c 24 38 48 8b 6c 24 30 48 8b 5c 24 40 48 83 c4 


Register to memory mapping:

RAX=0x00000026074fc930 is pointing into the stack for thread: 0x000001b010e99800
RBX=0x0000000000000004 is an unknown value
RCX=0x0000000000003000 is an unknown value
RDX=0x000001b015975898 is an unknown value
RSP=0x00000026074ff930 is pointing into the stack for thread: 0x000001b010e99800
RBP=0x0000000000000000 is an unknown value
RSI=0x00000026074ff930 is pointing into the stack for thread: 0x000001b010e99800
RDI=0x0000000000000004 is an unknown value
R8 =0x0000000000000006 is an unknown value
R9 =0x000001b0143c1fd0 is an unknown value
R10={method} {0x000001b07eeee098} 'run' '()V' in 'java/lang/Thread'
R11=0x00000026074ffd20 is pointing into the stack for thread: 0x000001b010e99800
R12=0x00000026074ffd00 is pointing into the stack for thread: 0x000001b010e99800
R13=0x000001b010e99800 is a thread
R14=0x000001b010e99800 is a thread
R15=0x0000000000000000 is an unknown value


Stack: [0x0000002607400000,0x0000002607500000],  sp=0x00000026074ff930,  free space=1022k
Native frames: (J=compiled Java code, j=interpreted, Vv=VM code, C=native code)


---------------  P R O C E S S  ---------------

Java Threads: ( => current thread )
=>0x000001b010e99800 JavaThread "lettuce-eventExecutorLoop-1-2" daemon [_thread_in_vm, id=34492, stack(0x0000002607400000,0x0000002607500000)]
  0x000001b010e9d800 JavaThread "lettuce-eventExecutorLoop-1-1" daemon [_thread_blocked, id=16400, stack(0x0000002607300000,0x0000002607400000)]
  0x000001b010e9a800 JavaThread "globalEventExecutor-2-1" [_thread_blocked, id=29888, stack(0x0000002607000000,0x0000002607100000)]
  0x000001b010e9c800 JavaThread "spring.cloud.inetutils" daemon [_thread_blocked, id=17748, stack(0x0000002607200000,0x0000002607300000)]
  0x000001b010e99000 JavaThread "com.alibaba.nacos.client.Worker" daemon [_thread_blocked, id=17124, stack(0x0000002607100000,0x0000002607200000)]
  0x000001b010e9e800 JavaThread "container-0" [_thread_blocked, id=25256, stack(0x0000002606f00000,0x0000002607000000)]
  0x000001b011ff4800 JavaThread "Catalina-utility-2" [_thread_blocked, id=27436, stack(0x0000002606e00000,0x0000002606f00000)]
  0x000001b011ff3800 JavaThread "Catalina-utility-1" [_thread_blocked, id=26056, stack(0x0000002606d00000,0x0000002606e00000)]
  0x000001b011ff2000 JavaThread "mysql-cj-abandoned-connection-cleanup" daemon [_thread_blocked, id=34692, stack(0x0000002606c00000,0x0000002606d00000)]
  0x000001b011ff5000 JavaThread "com.alibaba.nacos.client.Worker" daemon [_thread_blocked, id=6892, stack(0x0000002606b00000,0x0000002606c00000)]
  0x000001b011fea000 JavaThread "nacos-grpc-client-executor-localhost-9" daemon [_thread_blocked, id=21256, stack(0x0000002606a00000,0x0000002606b00000)]
  0x000001b011ff0800 JavaThread "nacos-grpc-client-executor-localhost-8" daemon [_thread_blocked, id=24560, stack(0x0000002606900000,0x0000002606a00000)]
  0x000001b011fef800 JavaThread "nacos-grpc-client-executor-localhost-7" daemon [_thread_blocked, id=19336, stack(0x0000002606800000,0x0000002606900000)]
  0x000001b011ff1000 JavaThread "nacos-grpc-client-executor-localhost-6" daemon [_thread_blocked, id=18832, stack(0x0000002606700000,0x0000002606800000)]
  0x000001b011fec800 JavaThread "nacos-grpc-client-executor-localhost-5" daemon [_thread_blocked, id=25948, stack(0x0000002606600000,0x0000002606700000)]
  0x000001b011feb800 JavaThread "nacos-grpc-client-executor-localhost-4" daemon [_thread_blocked, id=25500, stack(0x0000002606500000,0x0000002606600000)]
  0x000001b011fe7800 JavaThread "nacos-grpc-client-executor-localhost-3" daemon [_thread_blocked, id=25112, stack(0x0000002606400000,0x0000002606500000)]
  0x000001b011fef000 JavaThread "nacos-grpc-client-executor-localhost-2" daemon [_thread_blocked, id=22740, stack(0x0000002606300000,0x0000002606400000)]
  0x000001b011fee000 JavaThread "nacos-grpc-client-executor-localhost-1" daemon [_thread_blocked, id=20752, stack(0x0000002606200000,0x0000002606300000)]
  0x000001b011fed000 JavaThread "nacos-grpc-client-executor-localhost-0" daemon [_thread_blocked, id=34224, stack(0x0000002606100000,0x0000002606200000)]
  0x000001b011feb000 JavaThread "grpc-nio-worker-ELG-1-2" daemon [_thread_in_native, id=32228, stack(0x0000002606000000,0x0000002606100000)]
  0x000001b011fe9800 JavaThread "RMI TCP Connection(idle)" daemon [_thread_blocked, id=17428, stack(0x0000002605f00000,0x0000002606000000)]
  0x000001b011fe8800 JavaThread "grpc-default-executor-0" daemon [_thread_blocked, id=18460, stack(0x0000002605e00000,0x0000002605f00000)]
  0x000001b011d4f800 JavaThread "grpc-nio-worker-ELG-1-1" daemon [_thread_in_native, id=17608, stack(0x0000002605d00000,0x0000002605e00000)]
  0x000001b011d4b000 JavaThread "com.alibaba.nacos.client.remote.worker" daemon [_thread_blocked, id=5244, stack(0x0000002605c00000,0x0000002605d00000)]
  0x000001b011d4e000 JavaThread "com.alibaba.nacos.client.remote.worker" daemon [_thread_blocked, id=30496, stack(0x0000002605b00000,0x0000002605c00000)]
  0x000001b011d49800 JavaThread "nacos.publisher-com.alibaba.nacos.common.notify.SlowEvent" daemon [_thread_blocked, id=17832, stack(0x0000002605a00000,0x0000002605b00000)]
  0x000001b011d50800 JavaThread "RMI TCP Connection(4)-192.168.56.1" daemon [_thread_in_native, id=21332, stack(0x0000002605900000,0x0000002605a00000)]
  0x000001b011d4b800 JavaThread "com.alibaba.nacos.client.Worker" daemon [_thread_blocked, id=5696, stack(0x0000002605800000,0x0000002605900000)]
  0x000001b011d4d800 JavaThread "com.alibaba.nacos.client.Worker" daemon [_thread_blocked, id=14176, stack(0x0000002605700000,0x0000002605800000)]
  0x000001b011d4c800 JavaThread "com.alibaba.nacos.client.Worker" daemon [_thread_blocked, id=3792, stack(0x0000002605600000,0x0000002605700000)]
  0x000001b011d4f000 JavaThread "Keep-Alive-Timer" daemon [_thread_blocked, id=33500, stack(0x0000002605500000,0x0000002605600000)]
  0x000001b011d4a000 JavaThread "com.alibaba.nacos.client.auth.ram.identify.watcher.0" daemon [_thread_blocked, id=26184, stack(0x0000002605300000,0x0000002605400000)]
  0x000001b011910800 JavaThread "RMI Scheduler(0)" daemon [_thread_blocked, id=1420, stack(0x0000002605200000,0x0000002605300000)]
  0x000001b0118b0800 JavaThread "RMI TCP Connection(2)-192.168.56.1" daemon [_thread_in_native, id=29404, stack(0x0000002605100000,0x0000002605200000)]
  0x000001b01146c000 JavaThread "RMI TCP Accept-0" daemon [_thread_in_native, id=17052, stack(0x0000002604f00000,0x0000002605000000)]
  0x000001b0111ff000 JavaThread "Service Thread" daemon [_thread_blocked, id=13484, stack(0x0000002604e00000,0x0000002604f00000)]
  0x000001b01116b000 JavaThread "C1 CompilerThread3" daemon [_thread_blocked, id=30088, stack(0x0000002604d00000,0x0000002604e00000)]
  0x000001b011164000 JavaThread "C2 CompilerThread2" daemon [_thread_blocked, id=28752, stack(0x0000002604c00000,0x0000002604d00000)]
  0x000001b011163000 JavaThread "C2 CompilerThread1" daemon [_thread_blocked, id=27720, stack(0x0000002604b00000,0x0000002604c00000)]
  0x000001b011162000 JavaThread "C2 CompilerThread0" daemon [_thread_blocked, id=27980, stack(0x0000002604a00000,0x0000002604b00000)]
  0x000001b0110ec000 JavaThread "Monitor Ctrl-Break" daemon [_thread_in_native, id=25552, stack(0x0000002604900000,0x0000002604a00000)]
  0x000001b07fb7c800 JavaThread "Attach Listener" daemon [_thread_blocked, id=24748, stack(0x0000002604800000,0x0000002604900000)]
  0x000001b0107a3800 JavaThread "Signal Dispatcher" daemon [_thread_blocked, id=34028, stack(0x0000002604700000,0x0000002604800000)]
  0x000001b07f7be000 JavaThread "Finalizer" daemon [_thread_blocked, id=33700, stack(0x0000002604600000,0x0000002604700000)]
  0x000001b07fb26000 JavaThread "Reference Handler" daemon [_thread_blocked, id=29428, stack(0x0000002604500000,0x0000002604600000)]
  0x000001b073881800 JavaThread "main" [_thread_blocked, id=29448, stack(0x0000002603b00000,0x0000002603c00000)]

Other Threads:
  0x000001b07fb02000 VMThread [stack: 0x0000002604400000,0x0000002604500000] [id=5784]
  0x000001b011480000 WatcherThread [stack: 0x0000002605000000,0x0000002605100000] [id=31764]

VM state:synchronizing (normal execution)

VM Mutex/Monitor currently owned by a thread:  ([mutex/lock_event])
[0x000001b073889670] Threads_lock - owner thread: 0x000001b07fb02000

OutOfMemory and StackOverflow Exception counts:
OutOfMemoryError java_heap_errors=3

heap address: 0x00000006c1e00000, size: 4066 MB, Compressed Oops mode: Zero based, Oop shift amount: 3
Narrow klass base: 0x0000000000000000, Narrow klass shift: 3
Compressed class space size: 1073741824 Address: 0x00000007c0000000

Heap:
 PSYoungGen      total 453632K, used 352928K [0x000000076b500000, 0x0000000788400000, 0x00000007c0000000)
  eden space 439296K, 80% used [0x000000076b500000,0x0000000780da80c0,0x0000000786200000)
  from space 14336K, 0% used [0x0000000786200000,0x0000000786200000,0x0000000787000000)
  to   space 12800K, 0% used [0x0000000787000000,0x0000000787000000,0x0000000787c80000)
 ParOldGen       total 79872K, used 21187K [0x00000006c1e00000, 0x00000006c6c00000, 0x000000076b500000)
  object space 79872K, 26% used [0x00000006c1e00000,0x00000006c32b0e28,0x00000006c6c00000)
 Metaspace       used 62412K, capacity 66066K, committed 66344K, reserved 1124352K
  class space    used 8278K, capacity 8957K, committed 9008K, reserved 1048576K

Card table byte_map: [0x000001b075a60000,0x000001b076260000] byte_map_base: 0x000001b072451000

Marking Bits: (ParMarkBitMap*) 0x0000000059686830
 Begin Bits: [0x000001b0767b0000, 0x000001b07a738000)
 End Bits:   [0x000001b07a738000, 0x000001b07e6c0000)

Polling page: 0x000001b073a50000

CodeCache: size=245760Kb used=11390Kb max_used=11390Kb free=234370Kb
 bounds [0x000001b000000000, 0x000001b000b30000, 0x000001b00f000000]
 total_blobs=6449 nmethods=5857 adapters=501
 compilation: enabled

Compilation events (10 events):
Event: 14.982 Thread 0x000001b01116b000 5931       1       java.util.concurrent.ConcurrentHashMap$EntrySetView::iterator (34 bytes)
Event: 14.982 Thread 0x000001b01116b000 nmethod 5931 0x000001b000b1d710 code [0x000001b000b1d880, 0x000001b000b1dac0]
Event: 14.982 Thread 0x000001b01116b000 5932       1       java.util.concurrent.ConcurrentHashMap$EntryIterator::<init> (12 bytes)
Event: 14.982 Thread 0x000001b01116b000 nmethod 5932 0x000001b000b1dc50 code [0x000001b000b1ddc0, 0x000001b000b1df40]
Event: 14.990 Thread 0x000001b01116b000 5933       1       java.lang.Class::searchFields (41 bytes)
Event: 14.991 Thread 0x000001b01116b000 nmethod 5933 0x000001b000b1e210 code [0x000001b000b1e3a0, 0x000001b000b1e6d0]
Event: 15.000 Thread 0x000001b01116b000 5938       1       io.netty.util.HashedWheelTimer$HashedWheelBucket::clearTimeouts (38 bytes)
Event: 15.000 Thread 0x000001b01116b000 nmethod 5938 0x000001b000b1f590 code [0x000001b000b1f720, 0x000001b000b1f940]
Event: 15.000 Thread 0x000001b01116b000 5939       1       io.netty.util.HashedWheelTimer$HashedWheelBucket::pollTimeout (60 bytes)
Event: 15.000 Thread 0x000001b01116b000 nmethod 5939 0x000001b000b1fad0 code [0x000001b000b1fc40, 0x000001b000b1ff18]

GC Heap History (10 events):
Event: 12.959 GC heap before
{Heap before GC invocations=16 (full 5):
 PSYoungGen      total 453632K, used 3474K [0x000000076b500000, 0x0000000788400000, 0x00000007c0000000)
  eden space 439296K, 0% used [0x000000076b500000,0x000000076b500000,0x0000000786200000)
  from space 14336K, 24% used [0x0000000786200000,0x0000000786564918,0x0000000787000000)
  to   space 12800K, 0% used [0x0000000787000000,0x0000000787000000,0x0000000787c80000)
 ParOldGen       total 79872K, used 24640K [0x00000006c1e00000, 0x00000006c6c00000, 0x000000076b500000)
  object space 79872K, 30% used [0x00000006c1e00000,0x00000006c3610288,0x00000006c6c00000)
 Metaspace       used 55658K, capacity 58668K, committed 58792K, reserved 1114112K
  class space    used 7427K, capacity 8044K, committed 8112K, reserved 1048576K
Event: 13.020 GC heap after
Heap after GC invocations=16 (full 5):
 PSYoungGen      total 453632K, used 0K [0x000000076b500000, 0x0000000788400000, 0x00000007c0000000)
  eden space 439296K, 0% used [0x000000076b500000,0x000000076b500000,0x0000000786200000)
  from space 14336K, 0% used [0x0000000786200000,0x0000000786200000,0x0000000787000000)
  to   space 12800K, 0% used [0x0000000787000000,0x0000000787000000,0x0000000787c80000)
 ParOldGen       total 79872K, used 27523K [0x00000006c1e00000, 0x00000006c6c00000, 0x000000076b500000)
  object space 79872K, 34% used [0x00000006c1e00000,0x00000006c38e0f08,0x00000006c6c00000)
 Metaspace       used 55658K, capacity 58668K, committed 58792K, reserved 1112064K
  class space    used 7427K, capacity 8044K, committed 8112K, reserved 1048576K
}
Event: 13.041 GC heap before
{Heap before GC invocations=17 (full 5):
 PSYoungGen      total 453632K, used 23177K [0x000000076b500000, 0x0000000788400000, 0x00000007c0000000)
  eden space 439296K, 5% used [0x000000076b500000,0x000000076cba27c8,0x0000000786200000)
  from space 14336K, 0% used [0x0000000786200000,0x0000000786200000,0x0000000787000000)
  to   space 12800K, 0% used [0x0000000787000000,0x0000000787000000,0x0000000787c80000)
 ParOldGen       total 79872K, used 27523K [0x00000006c1e00000, 0x00000006c6c00000, 0x000000076b500000)
  object space 79872K, 34% used [0x00000006c1e00000,0x00000006c38e0f08,0x00000006c6c00000)
 Metaspace       used 55958K, capacity 58956K, committed 59048K, reserved 1116160K
  class space    used 7471K, capacity 8076K, committed 8112K, reserved 1048576K
Event: 13.043 GC heap after
Heap after GC invocations=17 (full 5):
 PSYoungGen      total 452096K, used 624K [0x000000076b500000, 0x0000000788400000, 0x00000007c0000000)
  eden space 439296K, 0% used [0x000000076b500000,0x000000076b500000,0x0000000786200000)
  from space 12800K, 4% used [0x0000000787000000,0x000000078709c1d8,0x0000000787c80000)
  to   space 14336K, 0% used [0x0000000786200000,0x0000000786200000,0x0000000787000000)
 ParOldGen       total 79872K, used 27523K [0x00000006c1e00000, 0x00000006c6c00000, 0x000000076b500000)
  object space 79872K, 34% used [0x00000006c1e00000,0x00000006c38e0f08,0x00000006c6c00000)
 Metaspace       used 55958K, capacity 58956K, committed 59048K, reserved 1116160K
  class space    used 7471K, capacity 8076K, committed 8112K, reserved 1048576K
}
Event: 13.043 GC heap before
{Heap before GC invocations=18 (full 6):
 PSYoungGen      total 452096K, used 624K [0x000000076b500000, 0x0000000788400000, 0x00000007c0000000)
  eden space 439296K, 0% used [0x000000076b500000,0x000000076b500000,0x0000000786200000)
  from space 12800K, 4% used [0x0000000787000000,0x000000078709c1d8,0x0000000787c80000)
  to   space 14336K, 0% used [0x0000000786200000,0x0000000786200000,0x0000000787000000)
 ParOldGen       total 79872K, used 27523K [0x00000006c1e00000, 0x00000006c6c00000, 0x000000076b500000)
  object space 79872K, 34% used [0x00000006c1e00000,0x00000006c38e0f08,0x00000006c6c00000)
 Metaspace       used 55958K, capacity 58956K, committed 59048K, reserved 1116160K
  class space    used 7471K, capacity 8076K, committed 8112K, reserved 1048576K
Event: 13.079 GC heap after
Heap after GC invocations=18 (full 6):
 PSYoungGen      total 452096K, used 0K [0x000000076b500000, 0x0000000788400000, 0x00000007c0000000)
  eden space 439296K, 0% used [0x000000076b500000,0x000000076b500000,0x0000000786200000)
  from space 12800K, 0% used [0x0000000787000000,0x0000000787000000,0x0000000787c80000)
  to   space 14336K, 0% used [0x0000000786200000,0x0000000786200000,0x0000000787000000)
 ParOldGen       total 79872K, used 25923K [0x00000006c1e00000, 0x00000006c6c00000, 0x000000076b500000)
  object space 79872K, 32% used [0x00000006c1e00000,0x00000006c3750da8,0x00000006c6c00000)
 Metaspace       used 55958K, capacity 58956K, committed 59048K, reserved 1114112K
  class space    used 7471K, capacity 8076K, committed 8112K, reserved 1048576K
}
Event: 13.080 GC heap before
{Heap before GC invocations=19 (full 6):
 PSYoungGen      total 452096K, used 0K [0x000000076b500000, 0x0000000788400000, 0x00000007c0000000)
  eden space 439296K, 0% used [0x000000076b500000,0x000000076b500000,0x0000000786200000)
  from space 12800K, 0% used [0x0000000787000000,0x0000000787000000,0x0000000787c80000)
  to   space 14336K, 0% used [0x0000000786200000,0x0000000786200000,0x0000000787000000)
 ParOldGen       total 79872K, used 25923K [0x00000006c1e00000, 0x00000006c6c00000, 0x000000076b500000)
  object space 79872K, 32% used [0x00000006c1e00000,0x00000006c3750da8,0x00000006c6c00000)
 Metaspace       used 55958K, capacity 58956K, committed 59048K, reserved 1118208K
  class space    used 7471K, capacity 8076K, committed 8112K, reserved 1048576K
Event: 13.081 GC heap after
Heap after GC invocations=19 (full 6):
 PSYoungGen      total 453632K, used 0K [0x000000076b500000, 0x0000000788400000, 0x00000007c0000000)
  eden space 439296K, 0% used [0x000000076b500000,0x000000076b500000,0x0000000786200000)
  from space 14336K, 0% used [0x0000000786200000,0x0000000786200000,0x0000000787000000)
  to   space 12800K, 0% used [0x0000000787000000,0x0000000787000000,0x0000000787c80000)
 ParOldGen       total 79872K, used 25923K [0x00000006c1e00000, 0x00000006c6c00000, 0x000000076b500000)
  object space 79872K, 32% used [0x00000006c1e00000,0x00000006c3750da8,0x00000006c6c00000)
 Metaspace       used 55958K, capacity 58956K, committed 59048K, reserved 1118208K
  class space    used 7471K, capacity 8076K, committed 8112K, reserved 1048576K
}
Event: 13.081 GC heap before
{Heap before GC invocations=20 (full 7):
 PSYoungGen      total 453632K, used 0K [0x000000076b500000, 0x0000000788400000, 0x00000007c0000000)
  eden space 439296K, 0% used [0x000000076b500000,0x000000076b500000,0x0000000786200000)
  from space 14336K, 0% used [0x0000000786200000,0x0000000786200000,0x0000000787000000)
  to   space 12800K, 0% used [0x0000000787000000,0x0000000787000000,0x0000000787c80000)
 ParOldGen       total 79872K, used 25923K [0x00000006c1e00000, 0x00000006c6c00000, 0x000000076b500000)
  object space 79872K, 32% used [0x00000006c1e00000,0x00000006c3750da8,0x00000006c6c00000)
 Metaspace       used 55958K, capacity 58956K, committed 59048K, reserved 1118208K
  class space    used 7471K, capacity 8076K, committed 8112K, reserved 1048576K
Event: 13.161 GC heap after
Heap after GC invocations=20 (full 7):
 PSYoungGen      total 453632K, used 0K [0x000000076b500000, 0x0000000788400000, 0x00000007c0000000)
  eden space 439296K, 0% used [0x000000076b500000,0x000000076b500000,0x0000000786200000)
  from space 14336K, 0% used [0x0000000786200000,0x0000000786200000,0x0000000787000000)
  to   space 12800K, 0% used [0x0000000787000000,0x0000000787000000,0x0000000787c80000)
 ParOldGen       total 79872K, used 21187K [0x00000006c1e00000, 0x00000006c6c00000, 0x000000076b500000)
  object space 79872K, 26% used [0x00000006c1e00000,0x00000006c32b0e28,0x00000006c6c00000)
 Metaspace       used 55672K, capacity 58488K, committed 59048K, reserved 1114112K
  class space    used 7423K, capacity 7990K, committed 8112K, reserved 1048576K
}

Deoptimization events (0 events):
No events

Classes redefined (0 events):
No events

Internal exceptions (10 events):
Event: 14.407 Thread 0x000001b011fe9800 Exception <a 'java/lang/reflect/InvocationTargetException'> (0x000000077cd45420) thrown at [C:\wsjdk\Corretto8Src\installers\windows\zip\corretto-build\buildRoot\hotspot\src\share\vm\runtime\reflection.cpp, line 1092]
Event: 14.909 Thread 0x000001b011fe9800 Exception <a 'java/lang/OutOfMemoryError': unable to create new native thread> (0x000000077cd4ac88) thrown at [C:\wsjdk\Corretto8Src\installers\windows\zip\corretto-build\buildRoot\hotspot\src\share\vm\prims\jvm.cpp, line 3165]
Event: 14.978 Thread 0x000001b073881800 Exception <a 'java/lang/Error': IP Helper Library GetIfTable function failed> (0x000000077fee0358) thrown at [C:\wsjdk\Corretto8Src\installers\windows\zip\corretto-build\buildRoot\hotspot\src\share\vm\prims\jni.cpp, line 736]
Event: 14.978 Thread 0x000001b073881800 Exception <a 'java/lang/reflect/InvocationTargetException'> (0x000000077fee0b18) thrown at [C:\wsjdk\Corretto8Src\installers\windows\zip\corretto-build\buildRoot\hotspot\src\share\vm\runtime\reflection.cpp, line 1092]
Event: 14.980 Thread 0x000001b073881800 Exception <a 'java/lang/reflect/InvocationTargetException'> (0x000000077fefe740) thrown at [C:\wsjdk\Corretto8Src\installers\windows\zip\corretto-build\buildRoot\hotspot\src\share\vm\runtime\reflection.cpp, line 1092]
Event: 14.987 Thread 0x000001b073881800 Exception <a 'java/lang/NoSuchMethodError': java.lang.Object.lambda$toStream$0(Ljava/util/Optional;)Ljava/util/stream/Stream;> (0x000000077ffd86b8) thrown at [C:\wsjdk\Corretto8Src\installers\windows\zip\corretto-build\buildRoot\hotspot\src\share\vm\inter
Event: 14.987 Thread 0x000001b073881800 Exception <a 'java/lang/NoSuchMethodError': java.lang.Object.of(Ljava/lang/Object;)Ljava/util/stream/Stream;> (0x000000077ffde7b8) thrown at [C:\wsjdk\Corretto8Src\installers\windows\zip\corretto-build\buildRoot\hotspot\src\share\vm\interpreter\linkResolv
Event: 14.988 Thread 0x000001b073881800 Exception <a 'java/lang/NoSuchMethodError': java.lang.Object.empty()Ljava/util/stream/Stream;> (0x000000077ffe1598) thrown at [C:\wsjdk\Corretto8Src\installers\windows\zip\corretto-build\buildRoot\hotspot\src\share\vm\interpreter\linkResolver.cpp, line 62
Event: 15.000 Thread 0x000001b010ea0000 Exception <a 'java/lang/InterruptedException': sleep interrupted> (0x0000000780738920) thrown at [C:\wsjdk\Corretto8Src\installers\windows\zip\corretto-build\buildRoot\hotspot\src\share\vm\prims\jvm.cpp, line 3374]
Event: 15.002 Thread 0x000001b073881800 Exception <a 'java/lang/OutOfMemoryError': unable to create new native thread> (0x00000007801d8ce0) thrown at [C:\wsjdk\Corretto8Src\installers\windows\zip\corretto-build\buildRoot\hotspot\src\share\vm\prims\jvm.cpp, line 3165]

Events (10 events):
Event: 15.001 loading class io/netty/util/concurrent/GlobalEventExecutor$2 done
Event: 15.001 Thread 0x000001b010e9a800 Thread added: 0x000001b010e9a800
Event: 15.001 loading class io/netty/util/concurrent/SingleThreadEventExecutor$4
Event: 15.001 loading class io/netty/util/concurrent/SingleThreadEventExecutor$4 done
Event: 15.001 Executing VM operation: RevokeBias
Event: 15.002 Executing VM operation: RevokeBias done
Event: 15.002 loading class io/netty/util/concurrent/DefaultFutureListeners
Event: 15.002 loading class io/netty/util/concurrent/DefaultFutureListeners done
Event: 15.002 Thread 0x000001b010e9d800 Thread added: 0x000001b010e9d800
Event: 15.002 Thread 0x000001b010e99800 Thread added: 0x000001b010e99800


Dynamic libraries:
0x00007ff70f7c0000 - 0x00007ff70f7fa000 	D:\JAVA\jdk1.8.0_3.6.2\bin\java.exe
0x00007fffe19d0000 - 0x00007fffe1be7000 	C:\WINDOWS\SYSTEM32\ntdll.dll
0x00007fffe08d0000 - 0x00007fffe0994000 	C:\WINDOWS\System32\KERNEL32.DLL
0x00007fffdefa0000 - 0x00007fffdf347000 	C:\WINDOWS\System32\KERNELBASE.dll
0x00007fffdf730000 - 0x00007fffdf7e0000 	C:\WINDOWS\System32\ADVAPI32.dll
0x00007fffe0fc0000 - 0x00007fffe1067000 	C:\WINDOWS\System32\msvcrt.dll
0x00007fffe1630000 - 0x00007fffe16d6000 	C:\WINDOWS\System32\sechost.dll
0x00007fffe16e0000 - 0x00007fffe17f7000 	C:\WINDOWS\System32\RPCRT4.dll
0x00007fffe0720000 - 0x00007fffe08ce000 	C:\WINDOWS\System32\USER32.dll
0x00007fffdf350000 - 0x00007fffdf376000 	C:\WINDOWS\System32\win32u.dll
0x00007fffe0aa0000 - 0x00007fffe0ac9000 	C:\WINDOWS\System32\GDI32.dll
0x00007fffdf590000 - 0x00007fffdf6a9000 	C:\WINDOWS\System32\gdi32full.dll
0x00007fffdf380000 - 0x00007fffdf41a000 	C:\WINDOWS\System32\msvcp_win.dll
0x00007fffdee80000 - 0x00007fffdef91000 	C:\WINDOWS\System32\ucrtbase.dll
0x00007fffcc5d0000 - 0x00007fffcc863000 	C:\WINDOWS\WinSxS\amd64_microsoft.windows.common-controls_6595b64144ccf1df_6.0.22621.2506_none_270c5ae97388e100\COMCTL32.dll
0x00007fffe0a50000 - 0x00007fffe0a81000 	C:\WINDOWS\System32\IMM32.DLL
0x00007fffa5dd0000 - 0x00007fffa5ebf000 	D:\JAVA\jdk1.8.0_3.6.2\jre\bin\msvcr120.dll
0x00007fffa9370000 - 0x00007fffa9416000 	D:\JAVA\jdk1.8.0_3.6.2\jre\bin\msvcp120.dll
0x0000000058e90000 - 0x0000000059705000 	D:\JAVA\jdk1.8.0_3.6.2\jre\bin\server\jvm.dll
0x00007fffe1400000 - 0x00007fffe1408000 	C:\WINDOWS\System32\PSAPI.DLL
0x00007fffd76b0000 - 0x00007fffd76e4000 	C:\WINDOWS\SYSTEM32\WINMM.dll
0x00007fffd69f0000 - 0x00007fffd69fa000 	C:\WINDOWS\SYSTEM32\VERSION.dll
0x00007fffb07d0000 - 0x00007fffb07d9000 	C:\WINDOWS\SYSTEM32\WSOCK32.dll
0x00007fffdfcb0000 - 0x00007fffdfd21000 	C:\WINDOWS\System32\WS2_32.dll
0x00007fffd8f70000 - 0x00007fffd8f7f000 	D:\JAVA\jdk1.8.0_3.6.2\jre\bin\verify.dll
0x00007fffc3230000 - 0x00007fffc3259000 	D:\JAVA\jdk1.8.0_3.6.2\jre\bin\java.dll
0x00007fffc3160000 - 0x00007fffc318a000 	D:\JAVA\jdk1.8.0_3.6.2\jre\bin\instrument.dll
0x00007fffd7a70000 - 0x00007fffd7a86000 	D:\JAVA\jdk1.8.0_3.6.2\jre\bin\zip.dll
0x00007fffdfea0000 - 0x00007fffe06f9000 	C:\WINDOWS\System32\SHELL32.dll
0x00007fffdcc70000 - 0x00007fffdd564000 	C:\WINDOWS\SYSTEM32\windows.storage.dll
0x00007fffe1070000 - 0x00007fffe13f9000 	C:\WINDOWS\System32\combase.dll
0x00007fffdcb30000 - 0x00007fffdcc6e000 	C:\WINDOWS\SYSTEM32\wintypes.dll
0x00007fffe1890000 - 0x00007fffe1983000 	C:\WINDOWS\System32\SHCORE.dll
0x00007fffdf7e0000 - 0x00007fffdf83e000 	C:\WINDOWS\System32\shlwapi.dll
0x00007fffdec80000 - 0x00007fffdeca6000 	C:\WINDOWS\SYSTEM32\profapi.dll
0x00007fffc32a0000 - 0x00007fffc32ba000 	D:\JAVA\IntelliJ IDEA 2022.2\bin\breakgen64.dll
0x00007fffc35e0000 - 0x00007fffc35fa000 	D:\JAVA\jdk1.8.0_3.6.2\jre\bin\net.dll
0x00007fffde2c0000 - 0x00007fffde329000 	C:\WINDOWS\system32\mswsock.dll
0x00007fffdd8c0000 - 0x00007fffdd9b9000 	C:\WINDOWS\SYSTEM32\DNSAPI.dll
0x00007fffdd850000 - 0x00007fffdd87d000 	C:\WINDOWS\SYSTEM32\IPHLPAPI.DLL
0x00007fffdf840000 - 0x00007fffdf849000 	C:\WINDOWS\System32\NSI.dll
0x00007fffd8c10000 - 0x00007fffd8c1a000 	C:\Windows\System32\rasadhlp.dll
0x00007fffd63b0000 - 0x00007fffd6433000 	C:\WINDOWS\System32\fwpuclnt.dll
0x00007fffd8f20000 - 0x00007fffd8f2d000 	D:\JAVA\jdk1.8.0_3.6.2\jre\bin\management.dll
0x00007fffc3510000 - 0x00007fffc3522000 	D:\JAVA\jdk1.8.0_3.6.2\jre\bin\nio.dll
0x00007fffde510000 - 0x00007fffde52b000 	C:\WINDOWS\SYSTEM32\CRYPTSP.dll
0x00007fffddda0000 - 0x00007fffdddd5000 	C:\WINDOWS\system32\rsaenh.dll
0x00007fffde3b0000 - 0x00007fffde3dc000 	C:\WINDOWS\SYSTEM32\USERENV.dll
0x00007fffde6e0000 - 0x00007fffde708000 	C:\WINDOWS\SYSTEM32\bcrypt.dll
0x00007fffdf6b0000 - 0x00007fffdf72a000 	C:\WINDOWS\System32\bcryptprimitives.dll
0x00007fffde530000 - 0x00007fffde53c000 	C:\WINDOWS\SYSTEM32\CRYPTBASE.dll
0x00007fffd7d20000 - 0x00007fffd7d39000 	C:\WINDOWS\SYSTEM32\dhcpcsvc6.DLL
0x00007fffd7d00000 - 0x00007fffd7d1f000 	C:\WINDOWS\SYSTEM32\dhcpcsvc.DLL
0x00007fffaf220000 - 0x00007fffaf237000 	C:\WINDOWS\system32\napinsp.dll
0x00007fffaf200000 - 0x00007fffaf21b000 	C:\WINDOWS\system32\pnrpnsp.dll
0x00007fffaf1e0000 - 0x00007fffaf1f1000 	C:\WINDOWS\System32\winrnr.dll
0x00007fffd6a50000 - 0x00007fffd6a65000 	C:\WINDOWS\system32\wshbth.dll
0x00007fffaf160000 - 0x00007fffaf181000 	C:\WINDOWS\system32\nlansp_c.dll
0x00007fffc2210000 - 0x00007fffc2233000 	D:\JAVA\jdk1.8.0_3.6.2\jre\bin\sunec.dll
0x00007fffcc110000 - 0x00007fffcc11c000 	D:\JAVA\jdk1.8.0_3.6.2\jre\bin\sunmscapi.dll
0x00007fffdf420000 - 0x00007fffdf586000 	C:\WINDOWS\System32\CRYPT32.dll
0x00007fffde6b0000 - 0x00007fffde6dd000 	C:\WINDOWS\SYSTEM32\ncrypt.dll
0x00007fffde670000 - 0x00007fffde6a7000 	C:\WINDOWS\SYSTEM32\NTASN1.dll
0x00007fffdc650000 - 0x00007fffdc883000 	C:\WINDOWS\SYSTEM32\dbghelp.dll
0x00007fffdf9a0000 - 0x00007fffdfa77000 	C:\WINDOWS\System32\OLEAUT32.dll

VM Arguments:
jvm_args: -XX:TieredStopAtLevel=1 -Xverify:none -Dspring.output.ansi.enabled=always -Dcom.sun.management.jmxremote -Dspring.jmx.enabled=true -Dspring.liveBeansView.mbeanDomain -Dspring.application.admin.enabled=true -javaagent:D:\JAVA\IntelliJ IDEA 2022.2\lib\idea_rt.jar=59121:D:\JAVA\IntelliJ IDEA 2022.2\bin -Dfile.encoding=UTF-8 
java_command: com.monkey.monkeyresource.MonkeyResourceApplication
java_class_path (initial): D:\JAVA\jdk1.8.0_3.6.2\jre\lib\charsets.jar;D:\JAVA\jdk1.8.0_3.6.2\jre\lib\ext\access-bridge-64.jar;D:\JAVA\jdk1.8.0_3.6.2\jre\lib\ext\cldrdata.jar;D:\JAVA\jdk1.8.0_3.6.2\jre\lib\ext\dnsns.jar;D:\JAVA\jdk1.8.0_3.6.2\jre\lib\ext\jaccess.jar;D:\JAVA\jdk1.8.0_3.6.2\jre\lib\ext\jfxrt.jar;D:\JAVA\jdk1.8.0_3.6.2\jre\lib\ext\localedata.jar;D:\JAVA\jdk1.8.0_3.6.2\jre\lib\ext\nashorn.jar;D:\JAVA\jdk1.8.0_3.6.2\jre\lib\ext\sunec.jar;D:\JAVA\jdk1.8.0_3.6.2\jre\lib\ext\sunjce_provider.jar;D:\JAVA\jdk1.8.0_3.6.2\jre\lib\ext\sunmscapi.jar;D:\JAVA\jdk1.8.0_3.6.2\jre\lib\ext\sunpkcs11.jar;D:\JAVA\jdk1.8.0_3.6.2\jre\lib\ext\zipfs.jar;D:\JAVA\jdk1.8.0_3.6.2\jre\lib\jce.jar;D:\JAVA\jdk1.8.0_3.6.2\jre\lib\jfr.jar;D:\JAVA\jdk1.8.0_3.6.2\jre\lib\jfxswt.jar;D:\JAVA\jdk1.8.0_3.6.2\jre\lib\jsse.jar;D:\JAVA\jdk1.8.0_3.6.2\jre\lib\management-agent.jar;D:\JAVA\jdk1.8.0_3.6.2\jre\lib\resources.jar;D:\JAVA\jdk1.8.0_3.6.2\jre\lib\rt.jar;D:\JAVA\project\monkey-blog\monkey\monkey-resource\target\classes;D:\JAVA\Maven\maven-repository\repository\com\alipay\sdk\alipay-sdk-java\4.38.61.ALL\alipay-sdk-java-4.38.61.ALL.jar;D:\JAVA\Maven\maven-repository\repository\commons-logging\commons-logging\1.1.1\commons-logging-1.1.1.jar;D:\JAVA\Maven\maven-repository\repository\org\bouncycastle\bcprov-jdk15on\1.62\bcprov-jdk15on-1.62.jar;D:\JAVA\Maven\maven-repository\repository\dom4j\dom4j\1.6.1\dom4j-1.6.1.jar;D:\JAVA\Maven\maven-repository\repository\xml-apis\xml-apis\1.0.b2\xml-apis-1.0.b2.jar;D:\JAVA\Maven\maven-repository\repository\com\squareup\okhttp3\okhttp\3.14.9\okhttp-3.14.9.jar;D:\JAVA\Maven\maven-repository\repository\com\squareup\okio\okio\1.17.2\okio-1.17.2.jar;D:\JAVA\project\monkey-blog\monkey\monkey-common\spring-security\target\classes;D:\JAVA\project\monkey-blog\monkey\monkey-common\common-utils\target\classes;D:\JAVA\Maven\maven-repository\repository\org\springframework\boot\spring-boot-starter-websocket\2.6.13\spring-boot-starter-websocket-2.6.13.jar;D:\JAVA\Mav
Launcher Type: SUN_STANDARD

Environment Variables:
JAVA_HOME=D:\JAVA\jdk17
CLASSPATH=.;D:\JAVA\jdk17\lib\dt.jar;D:\JAVA\jdk17\lib\tools.jar
PATH=D:\VMware\bin\;C:\Program Files\Common Files\Oracle\Java\javapath;C:\Windows\system32;C:\Windows;C:\Windows\System32\Wbem;C:\Windows\System32\WindowsPowerShell\v1.0\;C:\Windows\System32\OpenSSH\;C:\Program Files (x86)\NVIDIA Corporation\PhysX\Common;C:\Program Files\NVIDIA Corporation\NVIDIA NvDLISR;C:\WINDOWS\system32;C:\WINDOWS;C:\WINDOWS\System32\Wbem;C:\WINDOWS\System32\WindowsPowerShell\v1.0\;C:\WINDOWS\System32\OpenSSH\;D:\JAVA\jdk17\bin;D:\JAVA\Maven\apache-maven-3.8.6\bin;d:\java\git\git\cmd;d:\java\nvm\nvm;d:\nvm\nvm;d:\java\nodejs\;D:\JAVA\mysql-8.0.32-winx64\bin;D:\sonarqube-9.9.0.65466\bin;D:\mingw64\bin;D:\JAVA\vargant\bin;D:\JAVA\Git\Git\cmd;C:\Users\吴思豪\AppData\Local\Microsoft\WindowsApps;C:\Users\吴思豪\AppData\Local\Programs\Microsoft VS Code\bin;D:\JAVA\vscode\Microsoft VS Code\bin;D:\JAVA\nodejs\node_global
USERNAME=吴思豪
OS=Windows_NT
PROCESSOR_IDENTIFIER=Intel64 Family 6 Model 165 Stepping 2, GenuineIntel



---------------  S Y S T E M  ---------------

OS: Windows 11 , 64 bit Build 22621 (10.0.22621.2506)

CPU:total 8 (initial active 8) (4 cores per cpu, 2 threads per core) family 6 model 165 stepping 2, cmov, cx8, fxsr, mmx, sse, sse2, sse3, ssse3, sse4.1, sse4.2, popcnt, avx, avx2, aes, clmul, erms, 3dnowpref, lzcnt, ht, tsc, tscinvbit, bmi1, bmi2, adx

Memory: 4k page, physical 16647984k(1068368k free), swap 32376620k(112k free)

vm_info: OpenJDK 64-Bit Server VM (25.362-b08) for windows-amd64 JRE (1.8.0_362-b08), built on Jan 13 2023 13:30:12 by "Administrator" with MS VC++ 12.0 (VS2013)

time: Thu Nov 02 17:32:51 2023
timezone: 中国标准时间
elapsed time: 15.025126 seconds (0d 0h 0m 15s)

