#
# There is insufficient memory for the Java Runtime Environment to continue.
# Native memory allocation (malloc) failed to allocate 295856 bytes for Chunk::new
# Possible reasons:
#   The system is out of physical RAM or swap space
#   The process is running with CompressedOops enabled, and the Java Heap may be blocking the growth of the native heap
# Possible solutions:
#   Reduce memory load on the system
#   Increase physical memory or swap space
#   Check if swap backing store is full
#   Decrease Java heap size (-Xmx/-Xms)
#   Decrease number of Java threads
#   Decrease Java thread stack sizes (-Xss)
#   Set larger code cache with -XX:ReservedCodeCacheSize=
#     placed in the first 32GB address space. The Java Heap base address is the
#     maximum limit for the native heap growth. Please use -XX:HeapBaseMinAddress
#     to set the Java Heap base and to place the Java Heap above 32GB virtual address.
# This output file may be truncated or incomplete.
#
#  Out of Memory Error (allocation.cpp:389), pid=34772, tid=0x0000000000007154
#
# JRE version: OpenJDK Runtime Environment (8.0_362-b08) (build 1.8.0_362-b08)
# Java VM: OpenJDK 64-Bit Server VM (25.362-b08 mixed mode windows-amd64 compressed oops)
# Failed to write core dump. Minidumps are not enabled by default on client versions of Windows
#

---------------  T H R E A D  ---------------

Current thread (0x000002a525d97000):  JavaThread "RMI TCP Connection(7)-192.168.56.1" daemon [_thread_in_native, id=29012, stack(0x000000db3ff00000,0x000000db40000000)]

Stack: [0x000000db3ff00000,0x000000db40000000]
[error occurred during error reporting (printing stack bounds), id 0xc0000005]

Native frames: (J=compiled Java code, j=interpreted, Vv=VM code, C=native code)

Java frames: (J=compiled Java code, j=interpreted, Vv=VM code)
J 666  java.lang.Class.forName0(Ljava/lang/String;ZLjava/lang/ClassLoader;Ljava/lang/Class;)Ljava/lang/Class; (0 bytes) @ 0x000002a506662f87 [0x000002a506662f00+0x87]
J 882 C1 java.lang.Class.forName(Ljava/lang/String;ZLjava/lang/ClassLoader;)Ljava/lang/Class; (53 bytes) @ 0x000002a5066be9ac [0x000002a5066be880+0x12c]
j  sun.nio.cs.AbstractCharsetProvider.lookup(Ljava/lang/String;)Ljava/nio/charset/Charset;+86
j  sun.nio.cs.AbstractCharsetProvider.charsetForName(Ljava/lang/String;)Ljava/nio/charset/Charset;+14
j  java.nio.charset.Charset.lookupExtendedCharset(Ljava/lang/String;)Ljava/nio/charset/Charset;+10
j  java.nio.charset.Charset.lookup2(Ljava/lang/String;)Ljava/nio/charset/Charset;+48
J 5948 C1 java.nio.charset.Charset.lookup(Ljava/lang/String;)Ljava/nio/charset/Charset; (44 bytes) @ 0x000002a506faee5c [0x000002a506faede0+0x7c]
j  java.nio.charset.Charset.forName(Ljava/lang/String;)Ljava/nio/charset/Charset;+1
j  com.mysql.cj.MysqlCharset.<init>(Ljava/lang/String;II[Ljava/lang/String;Lcom/mysql/cj/ServerVersion;)V+61
j  com.mysql.cj.CharsetMapping.<clinit>()V+247
v  ~StubRoutines::call_stub
j  com.mysql.cj.protocol.a.NativeProtocol.beforeHandshake()V+28
j  com.mysql.cj.protocol.a.NativeProtocol.connect(Ljava/lang/String;Ljava/lang/String;Ljava/lang/String;)V+1
j  com.mysql.cj.NativeSession.connect(Lcom/mysql/cj/conf/HostInfo;Ljava/lang/String;Ljava/lang/String;Ljava/lang/String;ILcom/mysql/cj/TransactionEventHandler;)V+110
j  com.mysql.cj.jdbc.ConnectionImpl.connectOneTryOnly(Z)V+32
j  com.mysql.cj.jdbc.ConnectionImpl.createNewIO(Z)V+27
j  com.mysql.cj.jdbc.ConnectionImpl.<init>(Lcom/mysql/cj/conf/HostInfo;)V+753
j  com.mysql.cj.jdbc.ConnectionImpl.getInstance(Lcom/mysql/cj/conf/HostInfo;)Lcom/mysql/cj/jdbc/JdbcConnection;+5
j  com.mysql.cj.jdbc.NonRegisteringDriver.connect(Ljava/lang/String;Ljava/util/Properties;)Ljava/sql/Connection;+72
j  com.zaxxer.hikari.util.DriverDataSource.getConnection(Ljava/lang/String;Ljava/lang/String;)Ljava/sql/Connection;+61
j  com.zaxxer.hikari.pool.PoolBase.newConnection()Ljava/sql/Connection;+49
j  com.zaxxer.hikari.pool.PoolBase.newPoolEntry()Lcom/zaxxer/hikari/pool/PoolEntry;+5
j  com.zaxxer.hikari.pool.HikariPool.createPoolEntry()Lcom/zaxxer/hikari/pool/PoolEntry;+1
j  com.zaxxer.hikari.pool.HikariPool.checkFailFast()V+20
j  com.zaxxer.hikari.pool.HikariPool.<init>(Lcom/zaxxer/hikari/HikariConfig;)V+128
j  com.zaxxer.hikari.HikariDataSource.getConnection()Ljava/sql/Connection;+100
j  org.springframework.jdbc.datasource.DataSourceUtils.fetchConnection(Ljavax/sql/DataSource;)Ljava/sql/Connection;+1
j  org.springframework.jdbc.datasource.DataSourceUtils.doGetConnection(Ljavax/sql/DataSource;)Ljava/sql/Connection;+77
j  org.springframework.jdbc.datasource.DataSourceUtils.getConnection(Ljavax/sql/DataSource;)Ljava/sql/Connection;+1
j  org.springframework.jdbc.core.JdbcTemplate.execute(Lorg/springframework/jdbc/core/ConnectionCallback;)Ljava/lang/Object;+10
j  org.springframework.boot.actuate.jdbc.DataSourceHealthIndicator.getProduct()Ljava/lang/String;+10
j  org.springframework.boot.actuate.jdbc.DataSourceHealthIndicator.doDataSourceHealthCheck(Lorg/springframework/boot/actuate/health/Health$Builder;)V+7
j  org.springframework.boot.actuate.jdbc.DataSourceHealthIndicator.doHealthCheck(Lorg/springframework/boot/actuate/health/Health$Builder;)V+24
j  org.springframework.boot.actuate.health.AbstractHealthIndicator.health()Lorg/springframework/boot/actuate/health/Health;+10
j  org.springframework.boot.actuate.health.HealthIndicator.getHealth(Z)Lorg/springframework/boot/actuate/health/Health;+1
j  org.springframework.boot.actuate.health.HealthEndpoint.getHealth(Lorg/springframework/boot/actuate/health/HealthContributor;Z)Lorg/springframework/boot/actuate/health/HealthComponent;+5
j  org.springframework.boot.actuate.health.HealthEndpoint.getHealth(Ljava/lang/Object;Z)Ljava/lang/Object;+6
j  org.springframework.boot.actuate.health.HealthEndpointSupport.getLoggedHealth(Ljava/lang/Object;Ljava/lang/String;Z)Ljava/lang/Object;+8
j  org.springframework.boot.actuate.health.HealthEndpointSupport.getContribution(Lorg/springframework/boot/actuate/endpoint/ApiVersion;Lorg/springframework/boot/actuate/health/HealthEndpointGroup;Ljava/lang/String;Ljava/lang/Object;ZZLjava/util/Set;)Ljava/lang/Object;+55
j  org.springframework.boot.actuate.health.HealthEndpointSupport.getAggregateContribution(Lorg/springframework/boot/actuate/endpoint/ApiVersion;Lorg/springframework/boot/actuate/health/HealthEndpointGroup;Ljava/lang/String;Lorg/springframework/boot/actuate/health/NamedContributors;ZZLjava/util/Set;)Ljava/lang/Object;+113
j  org.springframework.boot.actuate.health.HealthEndpointSupport.getContribution(Lorg/springframework/boot/actuate/endpoint/ApiVersion;Lorg/springframework/boot/actuate/health/HealthEndpointGroup;Ljava/lang/String;Ljava/lang/Object;ZZLjava/util/Set;)Ljava/lang/Object;+23
j  org.springframework.boot.actuate.health.HealthEndpointSupport.getHealth(Lorg/springframework/boot/actuate/endpoint/ApiVersion;Lorg/springframework/boot/actuate/health/HealthEndpointGroup;Lorg/springframework/boot/actuate/endpoint/SecurityContext;Z[Ljava/lang/String;I)Lorg/springframework/boot/actuate/health/HealthEndpointSupport$HealthResult;+157
j  org.springframework.boot.actuate.health.HealthEndpointSupport.getHealth(Lorg/springframework/boot/actuate/endpoint/ApiVersion;Lorg/springframework/boot/actuate/endpoint/web/WebServerNamespace;Lorg/springframework/boot/actuate/endpoint/SecurityContext;Z[Ljava/lang/String;)Lorg/springframework/boot/actuate/health/HealthEndpointSupport$HealthResult;+51
j  org.springframework.boot.actuate.health.HealthEndpoint.health(Lorg/springframework/boot/actuate/endpoint/ApiVersion;[Ljava/lang/String;)Lorg/springframework/boot/actuate/health/HealthComponent;+8
j  org.springframework.boot.actuate.health.HealthEndpoint.health()Lorg/springframework/boot/actuate/health/HealthComponent;+7
v  ~StubRoutines::call_stub
J 2082  sun.reflect.NativeMethodAccessorImpl.invoke0(Ljava/lang/reflect/Method;Ljava/lang/Object;[Ljava/lang/Object;)Ljava/lang/Object; (0 bytes) @ 0x000002a50688337f [0x000002a506883300+0x7f]
J 2081 C1 sun.reflect.NativeMethodAccessorImpl.invoke(Ljava/lang/Object;[Ljava/lang/Object;)Ljava/lang/Object; (104 bytes) @ 0x000002a506883b64 [0x000002a5068837a0+0x3c4]
J 1899 C1 sun.reflect.DelegatingMethodAccessorImpl.invoke(Ljava/lang/Object;[Ljava/lang/Object;)Ljava/lang/Object; (10 bytes) @ 0x000002a50682f9e4 [0x000002a50682f9a0+0x44]
J 1898 C1 java.lang.reflect.Method.invoke(Ljava/lang/Object;[Ljava/lang/Object;)Ljava/lang/Object; (62 bytes) @ 0x000002a50682f5e4 [0x000002a50682f4e0+0x104]
J 2680 C1 org.springframework.util.ReflectionUtils.invokeMethod(Ljava/lang/reflect/Method;Ljava/lang/Object;[Ljava/lang/Object;)Ljava/lang/Object; (22 bytes) @ 0x000002a50696c394 [0x000002a50696c380+0x14]
j  org.springframework.boot.actuate.endpoint.invoke.reflect.ReflectiveOperationInvoker.invoke(Lorg/springframework/boot/actuate/endpoint/InvocationContext;)Ljava/lang/Object;+29
j  org.springframework.boot.actuate.endpoint.annotation.AbstractDiscoveredOperation.invoke(Lorg/springframework/boot/actuate/endpoint/InvocationContext;)Ljava/lang/Object;+5
j  org.springframework.boot.actuate.endpoint.jmx.EndpointMBean.invoke(Lorg/springframework/boot/actuate/endpoint/jmx/JmxOperation;[Ljava/lang/Object;)Ljava/lang/Object;+60
j  org.springframework.boot.actuate.endpoint.jmx.EndpointMBean.invoke(Ljava/lang/String;[Ljava/lang/Object;[Ljava/lang/String;)Ljava/lang/Object;+91
j  com.sun.jmx.interceptor.DefaultMBeanServerInterceptor.invoke(Ljavax/management/ObjectName;Ljava/lang/String;[Ljava/lang/Object;[Ljava/lang/String;)Ljava/lang/Object;+28
j  com.sun.jmx.mbeanserver.JmxMBeanServer.invoke(Ljavax/management/ObjectName;Ljava/lang/String;[Ljava/lang/Object;[Ljava/lang/String;)Ljava/lang/Object;+13
j  javax.management.remote.rmi.RMIConnectionImpl.doOperation(I[Ljava/lang/Object;)Ljava/lang/Object;+391
j  javax.management.remote.rmi.RMIConnectionImpl.access$300(Ljavax/management/remote/rmi/RMIConnectionImpl;I[Ljava/lang/Object;)Ljava/lang/Object;+3
j  javax.management.remote.rmi.RMIConnectionImpl$PrivilegedOperation.run()Ljava/lang/Object;+12
j  javax.management.remote.rmi.RMIConnectionImpl.doPrivilegedOperation(I[Ljava/lang/Object;Ljavax/security/auth/Subject;)Ljava/lang/Object;+75
j  javax.management.remote.rmi.RMIConnectionImpl.invoke(Ljavax/management/ObjectName;Ljava/lang/String;Ljava/rmi/MarshalledObject;[Ljava/lang/String;Ljavax/security/auth/Subject;)Ljava/lang/Object;+186
v  ~StubRoutines::call_stub
J 2082  sun.reflect.NativeMethodAccessorImpl.invoke0(Ljava/lang/reflect/Method;Ljava/lang/Object;[Ljava/lang/Object;)Ljava/lang/Object; (0 bytes) @ 0x000002a50688337f [0x000002a506883300+0x7f]
J 2081 C1 sun.reflect.NativeMethodAccessorImpl.invoke(Ljava/lang/Object;[Ljava/lang/Object;)Ljava/lang/Object; (104 bytes) @ 0x000002a506883b64 [0x000002a5068837a0+0x3c4]
J 1899 C1 sun.reflect.DelegatingMethodAccessorImpl.invoke(Ljava/lang/Object;[Ljava/lang/Object;)Ljava/lang/Object; (10 bytes) @ 0x000002a50682f9e4 [0x000002a50682f9a0+0x44]
J 1898 C1 java.lang.reflect.Method.invoke(Ljava/lang/Object;[Ljava/lang/Object;)Ljava/lang/Object; (62 bytes) @ 0x000002a50682f5e4 [0x000002a50682f4e0+0x104]
j  sun.rmi.server.UnicastServerRef.dispatch(Ljava/rmi/Remote;Ljava/rmi/server/RemoteCall;)V+231
j  sun.rmi.transport.Transport$1.run()Ljava/lang/Void;+23
j  sun.rmi.transport.Transport$1.run()Ljava/lang/Object;+1
v  ~StubRoutines::call_stub
J 667  java.security.AccessController.doPrivileged(Ljava/security/PrivilegedExceptionAction;Ljava/security/AccessControlContext;)Ljava/lang/Object; (0 bytes) @ 0x000002a5066633a6 [0x000002a506663340+0x66]
j  sun.rmi.transport.Transport.serviceCall(Ljava/rmi/server/RemoteCall;)Z+157
j  sun.rmi.transport.tcp.TCPTransport.handleMessages(Lsun/rmi/transport/Connection;Z)V+185
j  sun.rmi.transport.tcp.TCPTransport$ConnectionHandler.run0()V+696
j  sun.rmi.transport.tcp.TCPTransport$ConnectionHandler.lambda$run$0()Ljava/lang/Void;+1
j  sun.rmi.transport.tcp.TCPTransport$ConnectionHandler$$Lambda$91.run()Ljava/lang/Object;+4
v  ~StubRoutines::call_stub
J 2024  java.security.AccessController.doPrivileged(Ljava/security/PrivilegedAction;Ljava/security/AccessControlContext;)Ljava/lang/Object; (0 bytes) @ 0x000002a50685e426 [0x000002a50685e3c0+0x66]
j  sun.rmi.transport.tcp.TCPTransport$ConnectionHandler.run()V+58
j  java.util.concurrent.ThreadPoolExecutor.runWorker(Ljava/util/concurrent/ThreadPoolExecutor$Worker;)V+95
j  java.util.concurrent.ThreadPoolExecutor$Worker.run()V+5
j  java.lang.Thread.run()V+11
v  ~StubRoutines::call_stub

---------------  P R O C E S S  ---------------

Java Threads: ( => current thread )
  0x000002a522f8c000 JavaThread "pool-3-thread-2" [_thread_blocked, id=33180, stack(0x000000db3ec00000,0x000000db3ed00000)]
  0x000002a522f8f000 JavaThread "AMQP Connection 192.168.133.138:5672" [_thread_in_native, id=32284, stack(0x000000db3eb00000,0x000000db3ec00000)]
  0x000002a522f8e000 JavaThread "JMX server connection timeout 120" daemon [_thread_blocked, id=19036, stack(0x000000db3ee00000,0x000000db3ef00000)]
  0x000002a522f8a800 JavaThread "RMI TCP Connection(8)-192.168.56.1" daemon [_thread_in_native, id=34784, stack(0x000000db3ea00000,0x000000db3eb00000)]
  0x000002a527b16800 JavaThread "nacos-grpc-client-executor-localhost-14" daemon [_thread_blocked, id=30804, stack(0x000000db3e900000,0x000000db3ea00000)]
  0x000002a527b16000 JavaThread "nacos-grpc-client-executor-localhost-13" daemon [_thread_blocked, id=20792, stack(0x000000db3e800000,0x000000db3e900000)]
  0x000002a527b15000 JavaThread "DestroyJavaVM" [_thread_blocked, id=23840, stack(0x000000db3c100000,0x000000db3c200000)]
  0x000002a527b14800 JavaThread "com.alibaba.nacos.client.Worker" daemon [_thread_blocked, id=6736, stack(0x000000db41a00000,0x000000db41b00000)]
  0x000002a527b12800 JavaThread "nacos-grpc-client-executor-localhost-5" daemon [_thread_blocked, id=23952, stack(0x000000db41900000,0x000000db41a00000)]
  0x000002a527b12000 JavaThread "nacos-grpc-client-executor-localhost-4" daemon [_thread_blocked, id=23120, stack(0x000000db41800000,0x000000db41900000)]
  0x000002a527b11000 JavaThread "nacos-grpc-client-executor-localhost-3" daemon [_thread_blocked, id=20956, stack(0x000000db41700000,0x000000db41800000)]
  0x000002a527b10800 JavaThread "nacos-grpc-client-executor-localhost-2" daemon [_thread_blocked, id=31192, stack(0x000000db41600000,0x000000db41700000)]
  0x000002a527b13800 JavaThread "nacos-grpc-client-executor-localhost-1" daemon [_thread_blocked, id=23528, stack(0x000000db41500000,0x000000db41600000)]
  0x000002a527b08800 JavaThread "nacos-grpc-client-executor-localhost-0" daemon [_thread_blocked, id=30744, stack(0x000000db41400000,0x000000db41500000)]
  0x000002a527b0f800 JavaThread "grpc-nio-worker-ELG-1-4" daemon [_thread_in_native, id=18008, stack(0x000000db41300000,0x000000db41400000)]
  0x000002a527b08000 JavaThread "grpc-nio-worker-ELG-1-3" daemon [_thread_in_native, id=28864, stack(0x000000db41200000,0x000000db41300000)]
  0x000002a527b0f000 JavaThread "com.alibaba.nacos.client.remote.worker" daemon [_thread_blocked, id=34596, stack(0x000000db41100000,0x000000db41200000)]
  0x000002a527b0e000 JavaThread "com.alibaba.nacos.client.remote.worker" daemon [_thread_blocked, id=20384, stack(0x000000db41000000,0x000000db41100000)]
  0x000002a527b0c800 JavaThread "com.alibaba.nacos.client.naming.grpc.redo.0" daemon [_thread_blocked, id=30144, stack(0x000000db40f00000,0x000000db41000000)]
  0x000002a527b0b000 JavaThread "com.alibaba.nacos.client.naming.security" daemon [_thread_blocked, id=15980, stack(0x000000db40e00000,0x000000db40f00000)]
  0x000002a527b0d800 JavaThread "com.alibaba.nacos.naming.failover" daemon [_thread_blocked, id=7304, stack(0x000000db40d00000,0x000000db40e00000)]
  0x000002a527b0a000 JavaThread "nacos.publisher-com.alibaba.nacos.client.naming.event.InstancesChangeEvent" daemon [_thread_blocked, id=22816, stack(0x000000db40c00000,0x000000db40d00000)]
  0x000002a527b0b800 JavaThread "http-nio-4400-Acceptor" daemon [_thread_in_native, id=23692, stack(0x000000db40b00000,0x000000db40c00000)]
  0x000002a527b09800 JavaThread "http-nio-4400-Poller" daemon [_thread_in_native, id=30260, stack(0x000000db40a00000,0x000000db40b00000)]
  0x000002a525d94800 JavaThread "http-nio-4400-exec-10" daemon [_thread_blocked, id=31400, stack(0x000000db40900000,0x000000db40a00000)]
  0x000002a525d93000 JavaThread "http-nio-4400-exec-9" daemon [_thread_blocked, id=34336, stack(0x000000db40800000,0x000000db40900000)]
  0x000002a525d96800 JavaThread "http-nio-4400-exec-8" daemon [_thread_blocked, id=18040, stack(0x000000db40700000,0x000000db40800000)]
  0x000002a525d99800 JavaThread "http-nio-4400-exec-7" daemon [_thread_blocked, id=32740, stack(0x000000db40600000,0x000000db40700000)]
  0x000002a525d95800 JavaThread "http-nio-4400-exec-6" daemon [_thread_blocked, id=9184, stack(0x000000db40500000,0x000000db40600000)]
  0x000002a525d94000 JavaThread "http-nio-4400-exec-5" daemon [_thread_blocked, id=28744, stack(0x000000db40400000,0x000000db40500000)]
  0x000002a525d91800 JavaThread "http-nio-4400-exec-4" daemon [_thread_blocked, id=18616, stack(0x000000db40300000,0x000000db40400000)]
  0x000002a525d92800 JavaThread "http-nio-4400-exec-3" daemon [_thread_blocked, id=27024, stack(0x000000db40200000,0x000000db40300000)]
  0x000002a525d98800 JavaThread "http-nio-4400-exec-2" daemon [_thread_blocked, id=19568, stack(0x000000db40100000,0x000000db40200000)]
  0x000002a525d98000 JavaThread "http-nio-4400-exec-1" daemon [_thread_blocked, id=31864, stack(0x000000db40000000,0x000000db40100000)]
=>0x000002a525d97000 JavaThread "RMI TCP Connection(7)-192.168.56.1" daemon [_thread_in_native, id=29012, stack(0x000000db3ff00000,0x000000db40000000)]
  0x000002a525d8b800 JavaThread "spring.cloud.inetutils" daemon [_thread_blocked, id=32212, stack(0x000000db3fe00000,0x000000db3ff00000)]
  0x000002a525d8c000 JavaThread "nacos-grpc-client-executor-localhost-12" daemon [_thread_blocked, id=14660, stack(0x000000db3fd00000,0x000000db3fe00000)]
  0x000002a525d90000 JavaThread "nacos-grpc-client-executor-localhost-11" daemon [_thread_blocked, id=23344, stack(0x000000db3fc00000,0x000000db3fd00000)]
  0x000002a525d8e800 JavaThread "lettuce-timer-3-1" daemon [_thread_blocked, id=14584, stack(0x000000db3fb00000,0x000000db3fc00000)]
  0x000002a525d91000 JavaThread "lettuce-eventExecutorLoop-1-1" daemon [_thread_blocked, id=20832, stack(0x000000db3fa00000,0x000000db3fb00000)]
  0x000002a525d8d000 JavaThread "container-0" [_thread_blocked, id=30780, stack(0x000000db3f900000,0x000000db3fa00000)]
  0x000002a525d8a800 JavaThread "Catalina-utility-2" [_thread_blocked, id=8208, stack(0x000000db3f800000,0x000000db3f900000)]
  0x000002a522f8b000 JavaThread "Catalina-utility-1" [_thread_blocked, id=26892, stack(0x000000db3f700000,0x000000db3f800000)]
  0x000002a522f91800 JavaThread "com.alibaba.nacos.client.Worker" daemon [_thread_blocked, id=20316, stack(0x000000db3f600000,0x000000db3f700000)]
  0x000002a522f90800 JavaThread "mysql-cj-abandoned-connection-cleanup" daemon [_thread_blocked, id=22384, stack(0x000000db3f500000,0x000000db3f600000)]
  0x000002a522b3c000 JavaThread "RMI TCP Connection(6)-192.168.56.1" daemon [_thread_in_native, id=22352, stack(0x000000db3e700000,0x000000db3e800000)]
  0x000002a522b38800 JavaThread "grpc-nio-worker-ELG-1-2" daemon [_thread_in_native, id=9368, stack(0x000000db3e600000,0x000000db3e700000)]
  0x000002a522b3c800 JavaThread "com.alibaba.nacos.client.Worker" daemon [_thread_blocked, id=28184, stack(0x000000db3e500000,0x000000db3e600000)]
  0x000002a522b38000 JavaThread "grpc-default-executor-0" daemon [_thread_blocked, id=28812, stack(0x000000db3e400000,0x000000db3e500000)]
  0x000002a522b3f000 JavaThread "grpc-nio-worker-ELG-1-1" daemon [_thread_in_native, id=13580, stack(0x000000db3e300000,0x000000db3e400000)]
  0x000002a522aac800 JavaThread "RMI TCP Connection(4)-192.168.56.1" daemon [_thread_in_native, id=27980, stack(0x000000db3e200000,0x000000db3e300000)]
  0x000002a522aa7000 JavaThread "com.alibaba.nacos.client.remote.worker" daemon [_thread_blocked, id=2500, stack(0x000000db3e100000,0x000000db3e200000)]
  0x000002a522aab800 JavaThread "com.alibaba.nacos.client.remote.worker" daemon [_thread_blocked, id=31680, stack(0x000000db3e000000,0x000000db3e100000)]
  0x000002a522aa6000 JavaThread "nacos.publisher-com.alibaba.nacos.common.notify.SlowEvent" daemon [_thread_blocked, id=4332, stack(0x000000db3df00000,0x000000db3e000000)]
  0x000002a522aab000 JavaThread "com.alibaba.nacos.client.Worker" daemon [_thread_blocked, id=9776, stack(0x000000db3de00000,0x000000db3df00000)]
  0x000002a522aa9000 JavaThread "com.alibaba.nacos.client.Worker" daemon [_thread_blocked, id=12836, stack(0x000000db3dd00000,0x000000db3de00000)]
  0x000002a522aa7800 JavaThread "com.alibaba.nacos.client.Worker" daemon [_thread_blocked, id=1420, stack(0x000000db3dc00000,0x000000db3dd00000)]
  0x000002a522aaa000 JavaThread "Keep-Alive-Timer" daemon [_thread_blocked, id=24880, stack(0x000000db3db00000,0x000000db3dc00000)]
  0x000002a522aa5800 JavaThread "com.alibaba.nacos.client.auth.ram.identify.watcher.0" daemon [_thread_blocked, id=9908, stack(0x000000db3d900000,0x000000db3da00000)]
  0x000002a522622000 JavaThread "RMI Scheduler(0)" daemon [_thread_blocked, id=31704, stack(0x000000db3d800000,0x000000db3d900000)]
  0x000002a5227a1000 JavaThread "RMI TCP Connection(2)-192.168.56.1" daemon [_thread_in_native, id=32396, stack(0x000000db3d700000,0x000000db3d800000)]
  0x000002a52235e000 JavaThread "RMI TCP Accept-0" daemon [_thread_in_native, id=5688, stack(0x000000db3d500000,0x000000db3d600000)]
  0x000002a522070000 JavaThread "Service Thread" daemon [_thread_blocked, id=7744, stack(0x000000db3d400000,0x000000db3d500000)]
  0x000002a52206f800 JavaThread "C1 CompilerThread3" daemon [_thread_blocked, id=8788, stack(0x000000db3d300000,0x000000db3d400000)]
  0x000002a522068800 JavaThread "C2 CompilerThread2" daemon [_thread_blocked, id=22204, stack(0x000000db3d200000,0x000000db3d300000)]
  0x000002a522021000 JavaThread "C2 CompilerThread1" daemon [_thread_blocked, id=10724, stack(0x000000db3d100000,0x000000db3d200000)]
  0x000002a522023800 JavaThread "C2 CompilerThread0" daemon [_thread_blocked, id=24000, stack(0x000000db3d000000,0x000000db3d100000)]
  0x000002a522017800 JavaThread "Monitor Ctrl-Break" daemon [_thread_in_native, id=13468, stack(0x000000db3cf00000,0x000000db3d000000)]
  0x000002a521503000 JavaThread "Attach Listener" daemon [_thread_blocked, id=12252, stack(0x000000db3ce00000,0x000000db3cf00000)]
  0x000002a521502800 JavaThread "Signal Dispatcher" daemon [_thread_blocked, id=28076, stack(0x000000db3cd00000,0x000000db3ce00000)]
  0x000002a51f90a800 JavaThread "Finalizer" daemon [_thread_blocked, id=32104, stack(0x000000db3cc00000,0x000000db3cd00000)]
  0x000002a51f8be000 JavaThread "Reference Handler" daemon [_thread_blocked, id=3388, stack(0x000000db3cb00000,0x000000db3cc00000)]

Other Threads:
  0x000002a51f8af800 VMThread [stack: 0x000000db3ca00000,0x000000db3cb00000] [id=22916]
  0x000002a522363800 WatcherThread [stack: 0x000000db3d600000,0x000000db3d700000] [id=16480]

VM state:not at safepoint (normal execution)

VM Mutex/Monitor currently owned by a thread: None

OutOfMemory and StackOverflow Exception counts:
OutOfMemoryError java_heap_errors=4

heap address: 0x00000006c1e00000, size: 4066 MB, Compressed Oops mode: Zero based, Oop shift amount: 3
Narrow klass base: 0x0000000000000000, Narrow klass shift: 3
Compressed class space size: 1073741824 Address: 0x00000007c0000000

Heap:
 PSYoungGen      total 169984K, used 7208K [0x000000076b500000, 0x0000000777480000, 0x00000007c0000000)
  eden space 154624K, 4% used [0x000000076b500000,0x000000076bc0a270,0x0000000774c00000)
  from space 15360K, 0% used [0x0000000774c00000,0x0000000774c00000,0x0000000775b00000)
  to   space 16384K, 0% used [0x0000000776480000,0x0000000776480000,0x0000000777480000)
 ParOldGen       total 287232K, used 37493K [0x00000006c1e00000, 0x00000006d3680000, 0x000000076b500000)
  object space 287232K, 13% used [0x00000006c1e00000,0x00000006c429d710,0x00000006d3680000)
 Metaspace       used 72003K, capacity 77684K, committed 77972K, reserved 1124352K
  class space    used 9826K, capacity 10849K, committed 10940K, reserved 1048576K

Card table byte_map: [0x000002a515810000,0x000002a516010000] byte_map_base: 0x000002a512201000

Marking Bits: (ParMarkBitMap*) 0x0000000059686830
 Begin Bits: [0x000002a516560000, 0x000002a51a4e8000)
 End Bits:   [0x000002a51a4e8000, 0x000002a51e470000)

Polling page: 0x000002a504890000

CodeCache: size=245760Kb used=12272Kb max_used=12337Kb free=233487Kb
 bounds [0x000002a506450000, 0x000002a507060000, 0x000002a515450000]
 total_blobs=7028 nmethods=6408 adapters=529
 compilation: enabled

Compilation events (10 events):
Event: 21.496 Thread 0x000002a52206f800 6542       1       javax.management.openmbean.CompositeDataSupport::<init> (11 bytes)
Event: 21.496 Thread 0x000002a52206f800 nmethod 6542 0x000002a5068f1650 code [0x000002a5068f17c0, 0x000002a5068f1920]
Event: 21.496 Thread 0x000002a52206f800 6546       1       sun.management.LazyCompositeData::isTypeMatched (108 bytes)
Event: 21.496 Thread 0x000002a52206f800 nmethod 6546 0x000002a506ad2e10 code [0x000002a506ad2fc0, 0x000002a506ad34a0]
Event: 21.496 Thread 0x000002a52206f800 6547       1       javax.management.openmbean.CompositeDataSupport::<init> (265 bytes)
Event: 21.500 Thread 0x000002a52206f800 

Event: 21.500 Thread 0x000002a52206f800 6545   !   1       sun.reflect.GeneratedMethodAccessor60::invoke (49 bytes)
Event: 21.501 Thread 0x000002a52206f800 nmethod 6545 0x000002a506ad23d0 code [0x000002a506ad2580, 0x000002a506ad2a70]
Event: 21.501 Thread 0x000002a52206f800 6548       1       javax.management.openmbean.TabularType::getIndexNames (5 bytes)
Event: 21.501 Thread 0x000002a52206f800 nmethod 6548 0x000002a506b03090 code [0x000002a506b031e0, 0x000002a506b032f8]

GC Heap History (10 events):
Event: 21.098 GC heap before
{Heap before GC invocations=23 (full 6):
 PSYoungGen      total 169984K, used 676K [0x000000076b500000, 0x0000000777480000, 0x00000007c0000000)
  eden space 154624K, 0% used [0x000000076b500000,0x000000076b500000,0x0000000774c00000)
  from space 15360K, 4% used [0x0000000774c00000,0x0000000774ca91d8,0x0000000775b00000)
  to   space 16384K, 0% used [0x0000000776480000,0x0000000776480000,0x0000000777480000)
 ParOldGen       total 287232K, used 40182K [0x00000006c1e00000, 0x00000006d3680000, 0x000000076b500000)
  object space 287232K, 13% used [0x00000006c1e00000,0x00000006c453d930,0x00000006d3680000)
 Metaspace       used 71335K, capacity 76970K, committed 77076K, reserved 1124352K
  class space    used 9753K, capacity 10754K, committed 10812K, reserved 1048576K
Event: 21.196 GC heap after
Heap after GC invocations=23 (full 6):
 PSYoungGen      total 169984K, used 0K [0x000000076b500000, 0x0000000777480000, 0x00000007c0000000)
  eden space 154624K, 0% used [0x000000076b500000,0x000000076b500000,0x0000000774c00000)
  from space 15360K, 0% used [0x0000000774c00000,0x0000000774c00000,0x0000000775b00000)
  to   space 16384K, 0% used [0x0000000776480000,0x0000000776480000,0x0000000777480000)
 ParOldGen       total 287232K, used 37955K [0x00000006c1e00000, 0x00000006d3680000, 0x000000076b500000)
  object space 287232K, 13% used [0x00000006c1e00000,0x00000006c4310e70,0x00000006d3680000)
 Metaspace       used 71335K, capacity 76970K, committed 77076K, reserved 1122304K
  class space    used 9753K, capacity 10754K, committed 10812K, reserved 1048576K
}
Event: 21.215 GC heap before
{Heap before GC invocations=24 (full 6):
 PSYoungGen      total 169984K, used 2693K [0x000000076b500000, 0x0000000777480000, 0x00000007c0000000)
  eden space 154624K, 1% used [0x000000076b500000,0x000000076b7a1450,0x0000000774c00000)
  from space 15360K, 0% used [0x0000000774c00000,0x0000000774c00000,0x0000000775b00000)
  to   space 16384K, 0% used [0x0000000776480000,0x0000000776480000,0x0000000777480000)
 ParOldGen       total 287232K, used 37955K [0x00000006c1e00000, 0x00000006d3680000, 0x000000076b500000)
  object space 287232K, 13% used [0x00000006c1e00000,0x00000006c4310e70,0x00000006d3680000)
 Metaspace       used 71590K, capacity 77264K, committed 77332K, reserved 1126400K
  class space    used 9769K, capacity 10787K, committed 10812K, reserved 1048576K
Event: 21.222 GC heap after
Heap after GC invocations=24 (full 6):
 PSYoungGen      total 171008K, used 272K [0x000000076b500000, 0x0000000777480000, 0x00000007c0000000)
  eden space 154624K, 0% used [0x000000076b500000,0x000000076b500000,0x0000000774c00000)
  from space 16384K, 1% used [0x0000000776480000,0x00000007764c4010,0x0000000777480000)
  to   space 15360K, 0% used [0x0000000774c00000,0x0000000774c00000,0x0000000775b00000)
 ParOldGen       total 287232K, used 37955K [0x00000006c1e00000, 0x00000006d3680000, 0x000000076b500000)
  object space 287232K, 13% used [0x00000006c1e00000,0x00000006c4310e70,0x00000006d3680000)
 Metaspace       used 71590K, capacity 77264K, committed 77332K, reserved 1126400K
  class space    used 9769K, capacity 10787K, committed 10812K, reserved 1048576K
}
Event: 21.222 GC heap before
{Heap before GC invocations=25 (full 7):
 PSYoungGen      total 171008K, used 272K [0x000000076b500000, 0x0000000777480000, 0x00000007c0000000)
  eden space 154624K, 0% used [0x000000076b500000,0x000000076b500000,0x0000000774c00000)
  from space 16384K, 1% used [0x0000000776480000,0x00000007764c4010,0x0000000777480000)
  to   space 15360K, 0% used [0x0000000774c00000,0x0000000774c00000,0x0000000775b00000)
 ParOldGen       total 287232K, used 37955K [0x00000006c1e00000, 0x00000006d3680000, 0x000000076b500000)
  object space 287232K, 13% used [0x00000006c1e00000,0x00000006c4310e70,0x00000006d3680000)
 Metaspace       used 71590K, capacity 77264K, committed 77332K, reserved 1126400K
  class space    used 9769K, capacity 10787K, committed 10812K, reserved 1048576K
Event: 21.445 GC heap after
Heap after GC invocations=25 (full 7):
 PSYoungGen      total 171008K, used 0K [0x000000076b500000, 0x0000000777480000, 0x00000007c0000000)
  eden space 154624K, 0% used [0x000000076b500000,0x000000076b500000,0x0000000774c00000)
  from space 16384K, 0% used [0x0000000776480000,0x0000000776480000,0x0000000777480000)
  to   space 15360K, 0% used [0x0000000774c00000,0x0000000774c00000,0x0000000775b00000)
 ParOldGen       total 287232K, used 37563K [0x00000006c1e00000, 0x00000006d3680000, 0x000000076b500000)
  object space 287232K, 13% used [0x00000006c1e00000,0x00000006c42aeee0,0x00000006d3680000)
 Metaspace       used 71590K, capacity 77264K, committed 77332K, reserved 1124352K
  class space    used 9769K, capacity 10787K, committed 10812K, reserved 1048576K
}
Event: 21.446 GC heap before
{Heap before GC invocations=26 (full 7):
 PSYoungGen      total 171008K, used 425K [0x000000076b500000, 0x0000000777480000, 0x00000007c0000000)
  eden space 154624K, 0% used [0x000000076b500000,0x000000076b56a4a8,0x0000000774c00000)
  from space 16384K, 0% used [0x0000000776480000,0x0000000776480000,0x0000000777480000)
  to   space 15360K, 0% used [0x0000000774c00000,0x0000000774c00000,0x0000000775b00000)
 ParOldGen       total 287232K, used 37563K [0x00000006c1e00000, 0x00000006d3680000, 0x000000076b500000)
  object space 287232K, 13% used [0x00000006c1e00000,0x00000006c42aeee0,0x00000006d3680000)
 Metaspace       used 71590K, capacity 77264K, committed 77332K, reserved 1128448K
  class space    used 9769K, capacity 10787K, committed 10812K, reserved 1048576K
Event: 21.447 GC heap after
Heap after GC invocations=26 (full 7):
 PSYoungGen      total 169984K, used 192K [0x000000076b500000, 0x0000000777480000, 0x00000007c0000000)
  eden space 154624K, 0% used [0x000000076b500000,0x000000076b500000,0x0000000774c00000)
  from space 15360K, 1% used [0x0000000774c00000,0x0000000774c30000,0x0000000775b00000)
  to   space 16384K, 0% used [0x0000000776480000,0x0000000776480000,0x0000000777480000)
 ParOldGen       total 287232K, used 37563K [0x00000006c1e00000, 0x00000006d3680000, 0x000000076b500000)
  object space 287232K, 13% used [0x00000006c1e00000,0x00000006c42aeee0,0x00000006d3680000)
 Metaspace       used 71590K, capacity 77264K, committed 77332K, reserved 1128448K
  class space    used 9769K, capacity 10787K, committed 10812K, reserved 1048576K
}
Event: 21.447 GC heap before
{Heap before GC invocations=27 (full 8):
 PSYoungGen      total 169984K, used 192K [0x000000076b500000, 0x0000000777480000, 0x00000007c0000000)
  eden space 154624K, 0% used [0x000000076b500000,0x000000076b500000,0x0000000774c00000)
  from space 15360K, 1% used [0x0000000774c00000,0x0000000774c30000,0x0000000775b00000)
  to   space 16384K, 0% used [0x0000000776480000,0x0000000776480000,0x0000000777480000)
 ParOldGen       total 287232K, used 37563K [0x00000006c1e00000, 0x00000006d3680000, 0x000000076b500000)
  object space 287232K, 13% used [0x00000006c1e00000,0x00000006c42aeee0,0x00000006d3680000)
 Metaspace       used 71590K, capacity 77264K, committed 77332K, reserved 1128448K
  class space    used 9769K, capacity 10787K, committed 10812K, reserved 1048576K
Event: 21.495 GC heap after
Heap after GC invocations=27 (full 8):
 PSYoungGen      total 169984K, used 0K [0x000000076b500000, 0x0000000777480000, 0x00000007c0000000)
  eden space 154624K, 0% used [0x000000076b500000,0x000000076b500000,0x0000000774c00000)
  from space 15360K, 0% used [0x0000000774c00000,0x0000000774c00000,0x0000000775b00000)
  to   space 16384K, 0% used [0x0000000776480000,0x0000000776480000,0x0000000777480000)
 ParOldGen       total 287232K, used 37493K [0x00000006c1e00000, 0x00000006d3680000, 0x000000076b500000)
  object space 287232K, 13% used [0x00000006c1e00000,0x00000006c429d710,0x00000006d3680000)
 Metaspace       used 71590K, capacity 77264K, committed 77332K, reserved 1124352K
  class space    used 9769K, capacity 10787K, committed 10812K, reserved 1048576K
}

Deoptimization events (0 events):
No events

Classes redefined (0 events):
No events

Internal exceptions (10 events):
Event: 18.822 Thread 0x000002a5047bc000 Exception <a 'java/lang/ClassNotFoundException': java/util/EventListenerCustomizer> (0x000000076e50ade0) thrown at [C:\wsjdk\Corretto8Src\installers\windows\zip\corretto-build\buildRoot\hotspot\src\share\vm\classfile\systemDictionary.cpp, line 217]
Event: 18.822 Thread 0x000002a5047bc000 Exception <a 'java/lang/ClassNotFoundException': com/rabbitmq/client/ShutdownListenerCustomizer> (0x000000076e53e870) thrown at [C:\wsjdk\Corretto8Src\installers\windows\zip\corretto-build\buildRoot\hotspot\src\share\vm\classfile\systemDictionary.cpp, lin
Event: 18.823 Thread 0x000002a5047bc000 Exception <a 'java/lang/ClassNotFoundException': java/util/EventListenerCustomizer> (0x000000076e554278) thrown at [C:\wsjdk\Corretto8Src\installers\windows\zip\corretto-build\buildRoot\hotspot\src\share\vm\classfile\systemDictionary.cpp, line 217]
Event: 19.684 Thread 0x000002a5047bc000 Exception <a 'java/lang/NoSuchMethodError': java.lang.Object.lambda$byPatternsCondition$0(Lspringfox/documentation/RequestHandler;)Ljava/lang/String;> (0x000000076fd95d20) thrown at [C:\wsjdk\Corretto8Src\installers\windows\zip\corretto-build\buildRoot\ho
Event: 19.753 Thread 0x000002a5047bc000 Exception <a 'java/lang/NoSuchMethodError': java.lang.Object.lambda$isEqual$3(Ljava/lang/Object;Ljava/lang/Object;)Z> (0x0000000770ab0f48) thrown at [C:\wsjdk\Corretto8Src\installers\windows\zip\corretto-build\buildRoot\hotspot\src\share\vm\interpreter\li
Event: 19.831 Thread 0x000002a5047bc000 Exception <a 'java/lang/NoSuchMethodError': java.lang.Object.lambda$builder$0(Ljava/util/function/Supplier;)D> (0x00000007718644d0) thrown at [C:\wsjdk\Corretto8Src\installers\windows\zip\corretto-build\buildRoot\hotspot\src\share\vm\interpreter\linkResol
Event: 20.765 Thread 0x000002a525d97000 Exception <a 'sun/nio/fs/WindowsException'> (0x0000000772a20c28) thrown at [C:\wsjdk\Corretto8Src\installers\windows\zip\corretto-build\buildRoot\hotspot\src\share\vm\prims\jni.cpp, line 709]
Event: 20.770 Thread 0x000002a525d97000 Exception <a 'sun/nio/fs/WindowsException'> (0x0000000772a355d0) thrown at [C:\wsjdk\Corretto8Src\installers\windows\zip\corretto-build\buildRoot\hotspot\src\share\vm\prims\jni.cpp, line 709]
Event: 20.771 Thread 0x000002a525d97000 Exception <a 'sun/nio/fs/WindowsException'> (0x0000000772a3ad30) thrown at [C:\wsjdk\Corretto8Src\installers\windows\zip\corretto-build\buildRoot\hotspot\src\share\vm\prims\jni.cpp, line 709]
Event: 20.773 Thread 0x000002a525d97000 Exception <a 'sun/nio/fs/WindowsException'> (0x0000000772a40490) thrown at [C:\wsjdk\Corretto8Src\installers\windows\zip\corretto-build\buildRoot\hotspot\src\share\vm\prims\jni.cpp, line 709]

Events (10 events):
Event: 21.516 loading class sun/nio/cs/ext/IBM943 done
Event: 21.516 loading class sun/nio/cs/ext/MS932
Event: 21.517 loading class sun/nio/cs/ext/MS932 done
Event: 21.517 loading class sun/nio/cs/ext/EUC_CN
Event: 21.517 loading class sun/nio/cs/ext/EUC_CN done
Event: 21.517 loading class sun/nio/cs/ext/EUC_JP
Event: 21.517 loading class sun/nio/cs/ext/EUC_JP done
Event: 21.517 loading class sun/nio/cs/ext/EUC_JP_Open
Event: 21.517 loading class sun/nio/cs/ext/EUC_JP_Open done
Event: 21.518 loading class sun/nio/cs/ext/GB18030


Dynamic libraries:
0x00007ff64caf0000 - 0x00007ff64cb2a000 	D:\JAVA\jdk1.8.0_3.6.2\bin\java.exe
0x00007fffe19d0000 - 0x00007fffe1be7000 	C:\WINDOWS\SYSTEM32\ntdll.dll
0x00007fffe08d0000 - 0x00007fffe0994000 	C:\WINDOWS\System32\KERNEL32.DLL
0x00007fffdefa0000 - 0x00007fffdf347000 	C:\WINDOWS\System32\KERNELBASE.dll
0x00007fffdf730000 - 0x00007fffdf7e0000 	C:\WINDOWS\System32\ADVAPI32.dll
0x00007fffe0fc0000 - 0x00007fffe1067000 	C:\WINDOWS\System32\msvcrt.dll
0x00007fffe1630000 - 0x00007fffe16d6000 	C:\WINDOWS\System32\sechost.dll
0x00007fffe16e0000 - 0x00007fffe17f7000 	C:\WINDOWS\System32\RPCRT4.dll
0x00007fffe0720000 - 0x00007fffe08ce000 	C:\WINDOWS\System32\USER32.dll
0x00007fffdf350000 - 0x00007fffdf376000 	C:\WINDOWS\System32\win32u.dll
0x00007fffe0aa0000 - 0x00007fffe0ac9000 	C:\WINDOWS\System32\GDI32.dll
0x00007fffdf590000 - 0x00007fffdf6a9000 	C:\WINDOWS\System32\gdi32full.dll
0x00007fffdf380000 - 0x00007fffdf41a000 	C:\WINDOWS\System32\msvcp_win.dll
0x00007fffdee80000 - 0x00007fffdef91000 	C:\WINDOWS\System32\ucrtbase.dll
0x00007fffcc5d0000 - 0x00007fffcc863000 	C:\WINDOWS\WinSxS\amd64_microsoft.windows.common-controls_6595b64144ccf1df_6.0.22621.2506_none_270c5ae97388e100\COMCTL32.dll
0x00007fffe0a50000 - 0x00007fffe0a81000 	C:\WINDOWS\System32\IMM32.DLL
0x00007fffa6a40000 - 0x00007fffa6b2f000 	D:\JAVA\jdk1.8.0_3.6.2\jre\bin\msvcr120.dll
0x00007fffa6990000 - 0x00007fffa6a36000 	D:\JAVA\jdk1.8.0_3.6.2\jre\bin\msvcp120.dll
0x0000000058e90000 - 0x0000000059705000 	D:\JAVA\jdk1.8.0_3.6.2\jre\bin\server\jvm.dll
0x00007fffe1400000 - 0x00007fffe1408000 	C:\WINDOWS\System32\PSAPI.DLL
0x00007fffd76b0000 - 0x00007fffd76e4000 	C:\WINDOWS\SYSTEM32\WINMM.dll
0x00007fffd69f0000 - 0x00007fffd69fa000 	C:\WINDOWS\SYSTEM32\VERSION.dll
0x00007fffb07d0000 - 0x00007fffb07d9000 	C:\WINDOWS\SYSTEM32\WSOCK32.dll
0x00007fffdfcb0000 - 0x00007fffdfd21000 	C:\WINDOWS\System32\WS2_32.dll
0x00007fffc35e0000 - 0x00007fffc35ef000 	D:\JAVA\jdk1.8.0_3.6.2\jre\bin\verify.dll
0x00007fffc0ce0000 - 0x00007fffc0d09000 	D:\JAVA\jdk1.8.0_3.6.2\jre\bin\java.dll
0x00007fffb7720000 - 0x00007fffb774a000 	D:\JAVA\jdk1.8.0_3.6.2\jre\bin\instrument.dll
0x00007fffc2100000 - 0x00007fffc2116000 	D:\JAVA\jdk1.8.0_3.6.2\jre\bin\zip.dll
0x00007fffdfea0000 - 0x00007fffe06f9000 	C:\WINDOWS\System32\SHELL32.dll
0x00007fffdcc70000 - 0x00007fffdd564000 	C:\WINDOWS\SYSTEM32\windows.storage.dll
0x00007fffe1070000 - 0x00007fffe13f9000 	C:\WINDOWS\System32\combase.dll
0x00007fffdcb30000 - 0x00007fffdcc6e000 	C:\WINDOWS\SYSTEM32\wintypes.dll
0x00007fffe1890000 - 0x00007fffe1983000 	C:\WINDOWS\System32\SHCORE.dll
0x00007fffdf7e0000 - 0x00007fffdf83e000 	C:\WINDOWS\System32\shlwapi.dll
0x00007fffdec80000 - 0x00007fffdeca6000 	C:\WINDOWS\SYSTEM32\profapi.dll
0x00007fffb7bd0000 - 0x00007fffb7bea000 	D:\JAVA\IntelliJ IDEA 2022.2\bin\breakgen64.dll
0x00007fffc0a70000 - 0x00007fffc0a8a000 	D:\JAVA\jdk1.8.0_3.6.2\jre\bin\net.dll
0x00007fffde2c0000 - 0x00007fffde329000 	C:\WINDOWS\system32\mswsock.dll
0x00007fffdd8c0000 - 0x00007fffdd9b9000 	C:\WINDOWS\SYSTEM32\DNSAPI.dll
0x00007fffdd850000 - 0x00007fffdd87d000 	C:\WINDOWS\SYSTEM32\IPHLPAPI.DLL
0x00007fffdf840000 - 0x00007fffdf849000 	C:\WINDOWS\System32\NSI.dll
0x00007fffd8c10000 - 0x00007fffd8c1a000 	C:\Windows\System32\rasadhlp.dll
0x00007fffd63b0000 - 0x00007fffd6433000 	C:\WINDOWS\System32\fwpuclnt.dll
0x00007fffc1f70000 - 0x00007fffc1f7d000 	D:\JAVA\jdk1.8.0_3.6.2\jre\bin\management.dll
0x00007fffbf940000 - 0x00007fffbf952000 	D:\JAVA\jdk1.8.0_3.6.2\jre\bin\nio.dll
0x00007fffde510000 - 0x00007fffde52b000 	C:\WINDOWS\SYSTEM32\CRYPTSP.dll
0x00007fffddda0000 - 0x00007fffdddd5000 	C:\WINDOWS\system32\rsaenh.dll
0x00007fffde3b0000 - 0x00007fffde3dc000 	C:\WINDOWS\SYSTEM32\USERENV.dll
0x00007fffde6e0000 - 0x00007fffde708000 	C:\WINDOWS\SYSTEM32\bcrypt.dll
0x00007fffdf6b0000 - 0x00007fffdf72a000 	C:\WINDOWS\System32\bcryptprimitives.dll
0x00007fffde530000 - 0x00007fffde53c000 	C:\WINDOWS\SYSTEM32\CRYPTBASE.dll
0x00007fffd7d20000 - 0x00007fffd7d39000 	C:\WINDOWS\SYSTEM32\dhcpcsvc6.DLL
0x00007fffd7d00000 - 0x00007fffd7d1f000 	C:\WINDOWS\SYSTEM32\dhcpcsvc.DLL
0x00007fffaf220000 - 0x00007fffaf237000 	C:\WINDOWS\system32\napinsp.dll
0x00007fffaf200000 - 0x00007fffaf21b000 	C:\WINDOWS\system32\pnrpnsp.dll
0x00007fffaf1e0000 - 0x00007fffaf1f1000 	C:\WINDOWS\System32\winrnr.dll
0x00007fffd6a50000 - 0x00007fffd6a65000 	C:\WINDOWS\system32\wshbth.dll
0x00007fffaf160000 - 0x00007fffaf181000 	C:\WINDOWS\system32\nlansp_c.dll
0x00007fffc0c40000 - 0x00007fffc0c63000 	D:\JAVA\jdk1.8.0_3.6.2\jre\bin\sunec.dll
0x00007fffd7a80000 - 0x00007fffd7a8c000 	D:\JAVA\jdk1.8.0_3.6.2\jre\bin\sunmscapi.dll
0x00007fffdf420000 - 0x00007fffdf586000 	C:\WINDOWS\System32\CRYPT32.dll
0x00007fffde6b0000 - 0x00007fffde6dd000 	C:\WINDOWS\SYSTEM32\ncrypt.dll
0x00007fffde670000 - 0x00007fffde6a7000 	C:\WINDOWS\SYSTEM32\NTASN1.dll

VM Arguments:
jvm_args: -XX:TieredStopAtLevel=1 -Xverify:none -Dspring.output.ansi.enabled=always -Dcom.sun.management.jmxremote -Dspring.jmx.enabled=true -Dspring.liveBeansView.mbeanDomain -Dspring.application.admin.enabled=true -javaagent:D:\JAVA\IntelliJ IDEA 2022.2\lib\idea_rt.jar=61213:D:\JAVA\IntelliJ IDEA 2022.2\bin -Dfile.encoding=UTF-8 
java_command: com.monkey.monkeyservice.MonkeyServiceApplication
java_class_path (initial): D:\JAVA\jdk1.8.0_3.6.2\jre\lib\charsets.jar;D:\JAVA\jdk1.8.0_3.6.2\jre\lib\ext\access-bridge-64.jar;D:\JAVA\jdk1.8.0_3.6.2\jre\lib\ext\cldrdata.jar;D:\JAVA\jdk1.8.0_3.6.2\jre\lib\ext\dnsns.jar;D:\JAVA\jdk1.8.0_3.6.2\jre\lib\ext\jaccess.jar;D:\JAVA\jdk1.8.0_3.6.2\jre\lib\ext\jfxrt.jar;D:\JAVA\jdk1.8.0_3.6.2\jre\lib\ext\localedata.jar;D:\JAVA\jdk1.8.0_3.6.2\jre\lib\ext\nashorn.jar;D:\JAVA\jdk1.8.0_3.6.2\jre\lib\ext\sunec.jar;D:\JAVA\jdk1.8.0_3.6.2\jre\lib\ext\sunjce_provider.jar;D:\JAVA\jdk1.8.0_3.6.2\jre\lib\ext\sunmscapi.jar;D:\JAVA\jdk1.8.0_3.6.2\jre\lib\ext\sunpkcs11.jar;D:\JAVA\jdk1.8.0_3.6.2\jre\lib\ext\zipfs.jar;D:\JAVA\jdk1.8.0_3.6.2\jre\lib\jce.jar;D:\JAVA\jdk1.8.0_3.6.2\jre\lib\jfr.jar;D:\JAVA\jdk1.8.0_3.6.2\jre\lib\jfxswt.jar;D:\JAVA\jdk1.8.0_3.6.2\jre\lib\jsse.jar;D:\JAVA\jdk1.8.0_3.6.2\jre\lib\management-agent.jar;D:\JAVA\jdk1.8.0_3.6.2\jre\lib\resources.jar;D:\JAVA\jdk1.8.0_3.6.2\jre\lib\rt.jar;D:\JAVA\project\monkey-blog\monkey\monkey-service\target\classes;D:\JAVA\project\monkey-blog\monkey\monkey-service\src\main\resources\lib\aliyun-java-vod-upload-1.4.15.jar;D:\JAVA\Maven\maven-repository\repository\com\aliyun\ecs20140526\3.1.12\ecs20140526-3.1.12.jar;D:\JAVA\Maven\maven-repository\repository\com\aliyun\tea-rpc\0.1.2\tea-rpc-0.1.2.jar;D:\JAVA\Maven\maven-repository\repository\com\aliyun\endpoint-util\0.0.7\endpoint-util-0.0.7.jar;D:\JAVA\Maven\maven-repository\repository\com\aliyun\tea-rpc-util\0.1.2\tea-rpc-util-0.1.2.jar;D:\JAVA\Maven\maven-repository\repository\dom4j\dom4j\1.6.1\dom4j-1.6.1.jar;D:\JAVA\Maven\maven-repository\repository\xml-apis\xml-apis\1.0.b2\xml-apis-1.0.b2.jar;D:\JAVA\Maven\maven-repository\repository\com\sun\xml\bind\jaxb-core\2.3.0\jaxb-core-2.3.0.jar;D:\JAVA\Maven\maven-repository\repository\com\sun\xml\bind\jaxb-impl\2.3.0\jaxb-impl-2.3.0.jar;D:\JAVA\Maven\maven-repository\repository\com\aliyun\openapiutil\0.2.1\openapiutil-0.2.1.jar;D:\JAVA\Maven\maven-repository\repository\org\bouncycastle\bc
Launcher Type: SUN_STANDARD

Environment Variables:
JAVA_HOME=D:\JAVA\jdk17
CLASSPATH=.;D:\JAVA\jdk17\lib\dt.jar;D:\JAVA\jdk17\lib\tools.jar
PATH=D:\VMware\bin\;C:\Program Files\Common Files\Oracle\Java\javapath;C:\Windows\system32;C:\Windows;C:\Windows\System32\Wbem;C:\Windows\System32\WindowsPowerShell\v1.0\;C:\Windows\System32\OpenSSH\;C:\Program Files (x86)\NVIDIA Corporation\PhysX\Common;C:\Program Files\NVIDIA Corporation\NVIDIA NvDLISR;C:\WINDOWS\system32;C:\WINDOWS;C:\WINDOWS\System32\Wbem;C:\WINDOWS\System32\WindowsPowerShell\v1.0\;C:\WINDOWS\System32\OpenSSH\;D:\JAVA\jdk17\bin;D:\JAVA\Maven\apache-maven-3.8.6\bin;d:\java\git\git\cmd;d:\java\nvm\nvm;d:\nvm\nvm;d:\java\nodejs\;D:\JAVA\mysql-8.0.32-winx64\bin;D:\sonarqube-9.9.0.65466\bin;D:\mingw64\bin;D:\JAVA\vargant\bin;D:\JAVA\Git\Git\cmd;C:\Users\吴思豪\AppData\Local\Microsoft\WindowsApps;C:\Users\吴思豪\AppData\Local\Programs\Microsoft VS Code\bin;D:\JAVA\vscode\Microsoft VS Code\bin;D:\JAVA\nodejs\node_global
USERNAME=吴思豪
OS=Windows_NT
PROCESSOR_IDENTIFIER=Intel64 Family 6 Model 165 Stepping 2, GenuineIntel



---------------  S Y S T E M  ---------------

OS: Windows 11 , 64 bit Build 22621 (10.0.22621.2506)

CPU:total 8 (initial active 8) (4 cores per cpu, 2 threads per core) family 6 model 165 stepping 2, cmov, cx8, fxsr, mmx, sse, sse2, sse3, ssse3, sse4.1, sse4.2, popcnt, avx, avx2, aes, clmul, erms, 3dnowpref, lzcnt, ht, tsc, tscinvbit, bmi1, bmi2, adx

Memory: 4k page, physical 16647984k(354116k free), swap 32376620k(0k free)

vm_info: OpenJDK 64-Bit Server VM (25.362-b08) for windows-amd64 JRE (1.8.0_362-b08), built on Jan 13 2023 13:30:12 by "Administrator" with MS VC++ 12.0 (VS2013)

time: Fri Nov 03 10:11:38 2023
timezone: 中国标准时间
elapsed time: 21.533006 seconds (0d 0h 0m 21s)

