#
# There is insufficient memory for the Java Runtime Environment to continue.
# Native memory allocation (malloc) failed to allocate 295856 bytes for Chunk::new
# Possible reasons:
#   The system is out of physical RAM or swap space
#   The process is running with CompressedOops enabled, and the Java Heap may be blocking the growth of the native heap
# Possible solutions:
#   Reduce memory load on the system
#   Increase physical memory or swap space
#   Check if swap backing store is full
#   Decrease Java heap size (-Xmx/-Xms)
#   Decrease number of Java threads
#   Decrease Java thread stack sizes (-Xss)
#   Set larger code cache with -XX:ReservedCodeCacheSize=
#   JVM is running with Zero Based Compressed Oops mode in which the Java heap is
#     placed in the first 32GB address space. The Java Heap base address is the
#     maximum limit for the native heap growth. Please use -XX:HeapBaseMinAddress
#     to set the Java Heap base and to place the Java Heap above 32GB virtual address.
# This output file may be truncated or incomplete.
#
#  Out of Memory Error (allocation.cpp:389), pid=3624, tid=0x0000000000007154
#
# JRE version: OpenJDK Runtime Environment (8.0_362-b08) (build 1.8.0_362-b08)
# Java VM: OpenJDK 64-Bit Server VM (25.362-b08 mixed mode windows-amd64 compressed oops)
# Failed to write core dump. Minidumps are not enabled by default on client versions of Windows
#

---------------  T H R E A D  ---------------

Current thread (0x000001ba161c4800):  JavaThread "RMI TCP Connection(13)-192.168.56.1" daemon [_thread_in_native, id=29012, stack(0x00000033eba00000,0x00000033ebb00000)]

Stack: [0x00000033eba00000,0x00000033ebb00000]
[error occurred during error reporting (printing stack bounds), id 0xc0000005]

Native frames: (J=compiled Java code, j=interpreted, Vv=VM code, C=native code)

Java frames: (J=compiled Java code, j=interpreted, Vv=VM code)
J 707  java.lang.Class.forName0(Ljava/lang/String;ZLjava/lang/ClassLoader;Ljava/lang/Class;)Ljava/lang/Class; (0 bytes) @ 0x000001ba002293c7 [0x000001ba00229340+0x87]
J 864 C1 java.lang.Class.forName(Ljava/lang/String;ZLjava/lang/ClassLoader;)Ljava/lang/Class; (53 bytes) @ 0x000001ba0027732c [0x000001ba00277200+0x12c]
j  sun.nio.cs.AbstractCharsetProvider.lookup(Ljava/lang/String;)Ljava/nio/charset/Charset;+86
j  sun.nio.cs.AbstractCharsetProvider.charsetForName(Ljava/lang/String;)Ljava/nio/charset/Charset;+14
j  java.nio.charset.Charset.lookupExtendedCharset(Ljava/lang/String;)Ljava/nio/charset/Charset;+10
j  java.nio.charset.Charset.lookup2(Ljava/lang/String;)Ljava/nio/charset/Charset;+48
J 4924 C1 java.nio.charset.Charset.lookup(Ljava/lang/String;)Ljava/nio/charset/Charset; (44 bytes) @ 0x000001ba0095551c [0x000001ba009554a0+0x7c]
J 5448 C1 java.nio.charset.Charset.forName(Ljava/lang/String;)Ljava/nio/charset/Charset; (20 bytes) @ 0x000001ba00a270dc [0x000001ba00a270c0+0x1c]
j  com.mysql.cj.MysqlCharset.<init>(Ljava/lang/String;II[Ljava/lang/String;Lcom/mysql/cj/ServerVersion;)V+61
j  com.mysql.cj.CharsetMapping.<clinit>()V+247
v  ~StubRoutines::call_stub
j  com.mysql.cj.protocol.a.NativeProtocol.beforeHandshake()V+28
j  com.mysql.cj.protocol.a.NativeProtocol.connect(Ljava/lang/String;Ljava/lang/String;Ljava/lang/String;)V+1
j  com.mysql.cj.NativeSession.connect(Lcom/mysql/cj/conf/HostInfo;Ljava/lang/String;Ljava/lang/String;Ljava/lang/String;ILcom/mysql/cj/TransactionEventHandler;)V+110
j  com.mysql.cj.jdbc.ConnectionImpl.connectOneTryOnly(Z)V+32
j  com.mysql.cj.jdbc.ConnectionImpl.createNewIO(Z)V+27
j  com.mysql.cj.jdbc.ConnectionImpl.<init>(Lcom/mysql/cj/conf/HostInfo;)V+753
j  com.mysql.cj.jdbc.ConnectionImpl.getInstance(Lcom/mysql/cj/conf/HostInfo;)Lcom/mysql/cj/jdbc/JdbcConnection;+5
j  com.mysql.cj.jdbc.NonRegisteringDriver.connect(Ljava/lang/String;Ljava/util/Properties;)Ljava/sql/Connection;+72
j  com.zaxxer.hikari.util.DriverDataSource.getConnection(Ljava/lang/String;Ljava/lang/String;)Ljava/sql/Connection;+61
j  com.zaxxer.hikari.pool.PoolBase.newConnection()Ljava/sql/Connection;+49
j  com.zaxxer.hikari.pool.PoolBase.newPoolEntry()Lcom/zaxxer/hikari/pool/PoolEntry;+5
j  com.zaxxer.hikari.pool.HikariPool.createPoolEntry()Lcom/zaxxer/hikari/pool/PoolEntry;+1
j  com.zaxxer.hikari.pool.HikariPool.checkFailFast()V+20
j  com.zaxxer.hikari.pool.HikariPool.<init>(Lcom/zaxxer/hikari/HikariConfig;)V+128
j  com.zaxxer.hikari.HikariDataSource.getConnection()Ljava/sql/Connection;+100
j  org.springframework.jdbc.datasource.DataSourceUtils.fetchConnection(Ljavax/sql/DataSource;)Ljava/sql/Connection;+1
j  org.springframework.jdbc.datasource.DataSourceUtils.doGetConnection(Ljavax/sql/DataSource;)Ljava/sql/Connection;+77
j  org.springframework.jdbc.datasource.DataSourceUtils.getConnection(Ljavax/sql/DataSource;)Ljava/sql/Connection;+1
j  org.springframework.jdbc.core.JdbcTemplate.execute(Lorg/springframework/jdbc/core/ConnectionCallback;)Ljava/lang/Object;+10
j  org.springframework.boot.actuate.jdbc.DataSourceHealthIndicator.getProduct()Ljava/lang/String;+10
j  org.springframework.boot.actuate.jdbc.DataSourceHealthIndicator.doDataSourceHealthCheck(Lorg/springframework/boot/actuate/health/Health$Builder;)V+7
j  org.springframework.boot.actuate.jdbc.DataSourceHealthIndicator.doHealthCheck(Lorg/springframework/boot/actuate/health/Health$Builder;)V+24
j  org.springframework.boot.actuate.health.AbstractHealthIndicator.health()Lorg/springframework/boot/actuate/health/Health;+10
j  org.springframework.boot.actuate.health.HealthIndicator.getHealth(Z)Lorg/springframework/boot/actuate/health/Health;+1
j  org.springframework.boot.actuate.health.HealthEndpoint.getHealth(Lorg/springframework/boot/actuate/health/HealthContributor;Z)Lorg/springframework/boot/actuate/health/HealthComponent;+5
j  org.springframework.boot.actuate.health.HealthEndpoint.getHealth(Ljava/lang/Object;Z)Ljava/lang/Object;+6
j  org.springframework.boot.actuate.health.HealthEndpointSupport.getLoggedHealth(Ljava/lang/Object;Ljava/lang/String;Z)Ljava/lang/Object;+8
j  org.springframework.boot.actuate.health.HealthEndpointSupport.getContribution(Lorg/springframework/boot/actuate/endpoint/ApiVersion;Lorg/springframework/boot/actuate/health/HealthEndpointGroup;Ljava/lang/String;Ljava/lang/Object;ZZLjava/util/Set;)Ljava/lang/Object;+55
j  org.springframework.boot.actuate.health.HealthEndpointSupport.getAggregateContribution(Lorg/springframework/boot/actuate/endpoint/ApiVersion;Lorg/springframework/boot/actuate/health/HealthEndpointGroup;Ljava/lang/String;Lorg/springframework/boot/actuate/health/NamedContributors;ZZLjava/util/Set;)Ljava/lang/Object;+113
j  org.springframework.boot.actuate.health.HealthEndpointSupport.getContribution(Lorg/springframework/boot/actuate/endpoint/ApiVersion;Lorg/springframework/boot/actuate/health/HealthEndpointGroup;Ljava/lang/String;Ljava/lang/Object;ZZLjava/util/Set;)Ljava/lang/Object;+23
j  org.springframework.boot.actuate.health.HealthEndpointSupport.getHealth(Lorg/springframework/boot/actuate/endpoint/ApiVersion;Lorg/springframework/boot/actuate/health/HealthEndpointGroup;Lorg/springframework/boot/actuate/endpoint/SecurityContext;Z[Ljava/lang/String;I)Lorg/springframework/boot/actuate/health/HealthEndpointSupport$HealthResult;+157
j  org.springframework.boot.actuate.health.HealthEndpointSupport.getHealth(Lorg/springframework/boot/actuate/endpoint/ApiVersion;Lorg/springframework/boot/actuate/endpoint/web/WebServerNamespace;Lorg/springframework/boot/actuate/endpoint/SecurityContext;Z[Ljava/lang/String;)Lorg/springframework/boot/actuate/health/HealthEndpointSupport$HealthResult;+51
j  org.springframework.boot.actuate.health.HealthEndpoint.health(Lorg/springframework/boot/actuate/endpoint/ApiVersion;[Ljava/lang/String;)Lorg/springframework/boot/actuate/health/HealthComponent;+8
j  org.springframework.boot.actuate.health.HealthEndpoint.health()Lorg/springframework/boot/actuate/health/HealthComponent;+7
v  ~StubRoutines::call_stub
J 2080  sun.reflect.NativeMethodAccessorImpl.invoke0(Ljava/lang/reflect/Method;Ljava/lang/Object;[Ljava/lang/Object;)Ljava/lang/Object; (0 bytes) @ 0x000001ba0043a1bf [0x000001ba0043a140+0x7f]
J 1880 C1 sun.reflect.NativeMethodAccessorImpl.invoke(Ljava/lang/Object;[Ljava/lang/Object;)Ljava/lang/Object; (104 bytes) @ 0x000001ba003e2c24 [0x000001ba003e2860+0x3c4]
J 1879 C1 sun.reflect.DelegatingMethodAccessorImpl.invoke(Ljava/lang/Object;[Ljava/lang/Object;)Ljava/lang/Object; (10 bytes) @ 0x000001ba003e2524 [0x000001ba003e24e0+0x44]
J 1878 C1 java.lang.reflect.Method.invoke(Ljava/lang/Object;[Ljava/lang/Object;)Ljava/lang/Object; (62 bytes) @ 0x000001ba003e2124 [0x000001ba003e2020+0x104]
J 2738 C1 org.springframework.util.ReflectionUtils.invokeMethod(Ljava/lang/reflect/Method;Ljava/lang/Object;[Ljava/lang/Object;)Ljava/lang/Object; (22 bytes) @ 0x000001ba00530814 [0x000001ba00530800+0x14]
j  org.springframework.boot.actuate.endpoint.invoke.reflect.ReflectiveOperationInvoker.invoke(Lorg/springframework/boot/actuate/endpoint/InvocationContext;)Ljava/lang/Object;+29
j  org.springframework.boot.actuate.endpoint.annotation.AbstractDiscoveredOperation.invoke(Lorg/springframework/boot/actuate/endpoint/InvocationContext;)Ljava/lang/Object;+5
j  org.springframework.boot.actuate.endpoint.jmx.EndpointMBean.invoke(Lorg/springframework/boot/actuate/endpoint/jmx/JmxOperation;[Ljava/lang/Object;)Ljava/lang/Object;+60
j  org.springframework.boot.actuate.endpoint.jmx.EndpointMBean.invoke(Ljava/lang/String;[Ljava/lang/Object;[Ljava/lang/String;)Ljava/lang/Object;+91
j  com.sun.jmx.interceptor.DefaultMBeanServerInterceptor.invoke(Ljavax/management/ObjectName;Ljava/lang/String;[Ljava/lang/Object;[Ljava/lang/String;)Ljava/lang/Object;+28
j  com.sun.jmx.mbeanserver.JmxMBeanServer.invoke(Ljavax/management/ObjectName;Ljava/lang/String;[Ljava/lang/Object;[Ljava/lang/String;)Ljava/lang/Object;+13
j  javax.management.remote.rmi.RMIConnectionImpl.doOperation(I[Ljava/lang/Object;)Ljava/lang/Object;+391
j  javax.management.remote.rmi.RMIConnectionImpl.access$300(Ljavax/management/remote/rmi/RMIConnectionImpl;I[Ljava/lang/Object;)Ljava/lang/Object;+3
j  javax.management.remote.rmi.RMIConnectionImpl$PrivilegedOperation.run()Ljava/lang/Object;+12
j  javax.management.remote.rmi.RMIConnectionImpl.doPrivilegedOperation(I[Ljava/lang/Object;Ljavax/security/auth/Subject;)Ljava/lang/Object;+75
j  javax.management.remote.rmi.RMIConnectionImpl.invoke(Ljavax/management/ObjectName;Ljava/lang/String;Ljava/rmi/MarshalledObject;[Ljava/lang/String;Ljavax/security/auth/Subject;)Ljava/lang/Object;+186
v  ~StubRoutines::call_stub
J 2080  sun.reflect.NativeMethodAccessorImpl.invoke0(Ljava/lang/reflect/Method;Ljava/lang/Object;[Ljava/lang/Object;)Ljava/lang/Object; (0 bytes) @ 0x000001ba0043a1bf [0x000001ba0043a140+0x7f]
J 1880 C1 sun.reflect.NativeMethodAccessorImpl.invoke(Ljava/lang/Object;[Ljava/lang/Object;)Ljava/lang/Object; (104 bytes) @ 0x000001ba003e2c24 [0x000001ba003e2860+0x3c4]
J 1879 C1 sun.reflect.DelegatingMethodAccessorImpl.invoke(Ljava/lang/Object;[Ljava/lang/Object;)Ljava/lang/Object; (10 bytes) @ 0x000001ba003e2524 [0x000001ba003e24e0+0x44]
J 1878 C1 java.lang.reflect.Method.invoke(Ljava/lang/Object;[Ljava/lang/Object;)Ljava/lang/Object; (62 bytes) @ 0x000001ba003e2124 [0x000001ba003e2020+0x104]
j  sun.rmi.server.UnicastServerRef.dispatch(Ljava/rmi/Remote;Ljava/rmi/server/RemoteCall;)V+231
j  sun.rmi.transport.Transport$1.run()Ljava/lang/Void;+23
j  sun.rmi.transport.Transport$1.run()Ljava/lang/Object;+1
v  ~StubRoutines::call_stub
J 585  java.security.AccessController.doPrivileged(Ljava/security/PrivilegedExceptionAction;Ljava/security/AccessControlContext;)Ljava/lang/Object; (0 bytes) @ 0x000001ba001e3a66 [0x000001ba001e3a00+0x66]
j  sun.rmi.transport.Transport.serviceCall(Ljava/rmi/server/RemoteCall;)Z+157
j  sun.rmi.transport.tcp.TCPTransport.handleMessages(Lsun/rmi/transport/Connection;Z)V+185
j  sun.rmi.transport.tcp.TCPTransport$ConnectionHandler.run0()V+696
j  sun.rmi.transport.tcp.TCPTransport$ConnectionHandler.lambda$run$0()Ljava/lang/Void;+1
j  sun.rmi.transport.tcp.TCPTransport$ConnectionHandler$$Lambda$91.run()Ljava/lang/Object;+4
v  ~StubRoutines::call_stub
J 2046  java.security.AccessController.doPrivileged(Ljava/security/PrivilegedAction;Ljava/security/AccessControlContext;)Ljava/lang/Object; (0 bytes) @ 0x000001ba00423aa6 [0x000001ba00423a40+0x66]
j  sun.rmi.transport.tcp.TCPTransport$ConnectionHandler.run()V+58
j  java.util.concurrent.ThreadPoolExecutor.runWorker(Ljava/util/concurrent/ThreadPoolExecutor$Worker;)V+95
j  java.util.concurrent.ThreadPoolExecutor$Worker.run()V+5
j  java.lang.Thread.run()V+11
v  ~StubRoutines::call_stub

---------------  P R O C E S S  ---------------

Java Threads: ( => current thread )
  0x000001ba1099b800 JavaThread "JMX server connection timeout 147" daemon [_thread_blocked, id=7528, stack(0x00000033ed100000,0x00000033ed200000)]
  0x000001ba15c93000 JavaThread "nacos-grpc-client-executor-localhost-17" daemon [_thread_blocked, id=304, stack(0x00000033ece00000,0x00000033ecf00000)]
  0x000001ba15c92000 JavaThread "nacos-grpc-client-executor-localhost-16" daemon [_thread_blocked, id=30436, stack(0x00000033ecd00000,0x00000033ece00000)]
  0x000001ba15c93800 JavaThread "nacos-grpc-client-executor-localhost-15" daemon [_thread_blocked, id=28324, stack(0x00000033ecc00000,0x00000033ecd00000)]
  0x000001ba15c94800 JavaThread "DestroyJavaVM" [_thread_blocked, id=25708, stack(0x00000033e6900000,0x00000033e6a00000)]
  0x000001ba15c91000 JavaThread "scheduling-1" [_thread_blocked, id=24488, stack(0x00000033ecb00000,0x00000033ecc00000)]
  0x000001ba15c90800 JavaThread "pool-3-thread-10" [_thread_blocked, id=29496, stack(0x00000033eca00000,0x00000033ecb00000)]
  0x000001ba15c88800 JavaThread "org.springframework.amqp.rabbit.RabbitListenerEndpointContainer#7-1" [_thread_blocked, id=3428, stack(0x00000033ec900000,0x00000033eca00000)]
  0x000001ba15c8f800 JavaThread "pool-3-thread-9" [_thread_blocked, id=6540, stack(0x00000033ec800000,0x00000033ec900000)]
  0x000001ba15c88000 JavaThread "org.springframework.amqp.rabbit.RabbitListenerEndpointContainer#6-1" [_thread_blocked, id=29536, stack(0x00000033ec700000,0x00000033ec800000)]
  0x000001ba15c8f000 JavaThread "pool-3-thread-8" [_thread_blocked, id=20164, stack(0x00000033ec600000,0x00000033ec700000)]
  0x000001ba15c87000 JavaThread "org.springframework.amqp.rabbit.RabbitListenerEndpointContainer#5-1" [_thread_blocked, id=29564, stack(0x00000033ec500000,0x00000033ec600000)]
  0x000001ba15c8e000 JavaThread "pool-3-thread-7" [_thread_blocked, id=5740, stack(0x00000033ec400000,0x00000033ec500000)]
  0x000001ba15c8b800 JavaThread "org.springframework.amqp.rabbit.RabbitListenerEndpointContainer#4-1" [_thread_blocked, id=33444, stack(0x00000033ec300000,0x00000033ec400000)]
  0x000001ba15c86000 JavaThread "pool-3-thread-6" [_thread_blocked, id=13280, stack(0x00000033ec200000,0x00000033ec300000)]
  0x000001ba15c8d800 JavaThread "org.springframework.amqp.rabbit.RabbitListenerEndpointContainer#3-1" [_thread_blocked, id=26744, stack(0x00000033ec100000,0x00000033ec200000)]
  0x000001ba15c89800 JavaThread "pool-3-thread-5" [_thread_blocked, id=17636, stack(0x00000033ec000000,0x00000033ec100000)]
  0x000001ba15c8c800 JavaThread "org.springframework.amqp.rabbit.RabbitListenerEndpointContainer#2-1" [_thread_blocked, id=22336, stack(0x00000033ebf00000,0x00000033ec000000)]
  0x000001ba15c8b000 JavaThread "pool-3-thread-4" [_thread_blocked, id=26936, stack(0x00000033ebe00000,0x00000033ebf00000)]
  0x000001ba15c8a000 JavaThread "org.springframework.amqp.rabbit.RabbitListenerEndpointContainer#1-1" [_thread_blocked, id=28012, stack(0x00000033ebd00000,0x00000033ebe00000)]
  0x000001ba161c6800 JavaThread "pool-3-thread-3" [_thread_blocked, id=4260, stack(0x00000033ebc00000,0x00000033ebd00000)]
  0x000001ba161c5000 JavaThread "org.springframework.amqp.rabbit.RabbitListenerEndpointContainer#0-1" [_thread_blocked, id=20028, stack(0x00000033ebb00000,0x00000033ebc00000)]
=>0x000001ba161c4800 JavaThread "RMI TCP Connection(13)-192.168.56.1" daemon [_thread_in_native, id=29012, stack(0x00000033eba00000,0x00000033ebb00000)]
  0x000001ba161c9000 JavaThread "pool-3-thread-2" [_thread_blocked, id=284, stack(0x00000033eb900000,0x00000033eba00000)]
  0x000001ba161c3800 JavaThread "AMQP Connection 192.168.133.138:5672" [_thread_in_native, id=30288, stack(0x00000033eb800000,0x00000033eb900000)]
  0x000001ba161c8000 JavaThread "com.alibaba.nacos.client.Worker" daemon [_thread_blocked, id=29152, stack(0x00000033eb700000,0x00000033eb800000)]
  0x000001ba161c7800 JavaThread "nacos-grpc-client-executor-localhost-4" daemon [_thread_blocked, id=31740, stack(0x00000033eb600000,0x00000033eb700000)]
  0x000001ba161c6000 JavaThread "nacos-grpc-client-executor-localhost-3" daemon [_thread_blocked, id=25528, stack(0x00000033eb500000,0x00000033eb600000)]
  0x000001ba161ca000 JavaThread "nacos-grpc-client-executor-localhost-2" daemon [_thread_blocked, id=17528, stack(0x00000033eb400000,0x00000033eb500000)]
  0x000001ba161bb800 JavaThread "nacos-grpc-client-executor-localhost-1" daemon [_thread_blocked, id=33784, stack(0x00000033eb300000,0x00000033eb400000)]
  0x000001ba161c2000 JavaThread "nacos-grpc-client-executor-localhost-0" daemon [_thread_blocked, id=10516, stack(0x00000033eb200000,0x00000033eb300000)]
  0x000001ba161c2800 JavaThread "grpc-nio-worker-ELG-1-4" daemon [_thread_in_native, id=10824, stack(0x00000033eb100000,0x00000033eb200000)]
  0x000001ba161c0800 JavaThread "grpc-nio-worker-ELG-1-3" daemon [_thread_in_native, id=17336, stack(0x00000033eb000000,0x00000033eb100000)]
  0x000001ba161c1000 JavaThread "com.alibaba.nacos.client.remote.worker" daemon [_thread_blocked, id=17816, stack(0x00000033eaf00000,0x00000033eb000000)]
  0x000001ba161bf800 JavaThread "com.alibaba.nacos.client.remote.worker" daemon [_thread_blocked, id=2416, stack(0x00000033eae00000,0x00000033eaf00000)]
  0x000001ba161bf000 JavaThread "com.alibaba.nacos.client.naming.grpc.redo.0" daemon [_thread_blocked, id=28732, stack(0x00000033ead00000,0x00000033eae00000)]
  0x000001ba161bb000 JavaThread "com.alibaba.nacos.client.naming.security" daemon [_thread_blocked, id=13412, stack(0x00000033eac00000,0x00000033ead00000)]
  0x000001ba161be000 JavaThread "com.alibaba.nacos.naming.failover" daemon [_thread_blocked, id=21952, stack(0x00000033eab00000,0x00000033eac00000)]
  0x000001ba161bd000 JavaThread "nacos.publisher-com.alibaba.nacos.client.naming.event.InstancesChangeEvent" daemon [_thread_blocked, id=23336, stack(0x00000033eaa00000,0x00000033eab00000)]
  0x000001ba161bc800 JavaThread "http-nio-4200-Acceptor" daemon [_thread_in_native, id=34096, stack(0x00000033ea900000,0x00000033eaa00000)]
  0x000001ba1099f000 JavaThread "http-nio-4200-Poller" daemon [_thread_in_native, id=18704, stack(0x00000033ea800000,0x00000033ea900000)]
  0x000001ba1099e800 JavaThread "http-nio-4200-exec-10" daemon [_thread_blocked, id=32220, stack(0x00000033ea700000,0x00000033ea800000)]
  0x000001ba10e24800 JavaThread "http-nio-4200-exec-9" daemon [_thread_blocked, id=3540, stack(0x00000033ea600000,0x00000033ea700000)]
  0x000001ba10e20800 JavaThread "http-nio-4200-exec-8" daemon [_thread_blocked, id=5216, stack(0x00000033ea500000,0x00000033ea600000)]
  0x000001ba10e1f800 JavaThread "http-nio-4200-exec-7" daemon [_thread_blocked, id=29348, stack(0x00000033ea400000,0x00000033ea500000)]
  0x000001ba10e21000 JavaThread "http-nio-4200-exec-6" daemon [_thread_blocked, id=4204, stack(0x00000033e9f00000,0x00000033ea000000)]
  0x000001ba10e23800 JavaThread "http-nio-4200-exec-5" daemon [_thread_blocked, id=21664, stack(0x00000033e9e00000,0x00000033e9f00000)]
  0x000001ba10e23000 JavaThread "http-nio-4200-exec-4" daemon [_thread_blocked, id=18312, stack(0x00000033e9900000,0x00000033e9a00000)]
  0x000001ba10e22000 JavaThread "http-nio-4200-exec-3" daemon [_thread_blocked, id=10892, stack(0x00000033e9800000,0x00000033e9900000)]
  0x000001ba10e1f000 JavaThread "http-nio-4200-exec-2" daemon [_thread_blocked, id=15184, stack(0x00000033e9700000,0x00000033e9800000)]
  0x000001ba10e17000 JavaThread "http-nio-4200-exec-1" daemon [_thread_blocked, id=32112, stack(0x00000033e9600000,0x00000033e9700000)]
  0x000001ba10e1e000 JavaThread "nacos-grpc-client-executor-localhost-14" daemon [_thread_blocked, id=17916, stack(0x00000033e9500000,0x00000033e9600000)]
  0x000001ba10e18000 JavaThread "com.alibaba.nacos.client.Worker" daemon [_thread_blocked, id=30304, stack(0x00000033e9400000,0x00000033e9500000)]
  0x000001ba109a8000 JavaThread "RMI TCP Connection(12)-192.168.56.1" daemon [_thread_in_native, id=9776, stack(0x00000033e9300000,0x00000033e9400000)]
  0x000001ba109a6800 JavaThread "spring.cloud.inetutils" daemon [_thread_blocked, id=1420, stack(0x00000033e9200000,0x00000033e9300000)]
  0x000001ba109a4800 JavaThread "RMI TCP Connection(10)-192.168.56.1" daemon [_thread_in_native, id=4208, stack(0x00000033e9000000,0x00000033e9100000)]
  0x000001ba109a8800 JavaThread "com.alibaba.nacos.client.Worker" daemon [_thread_blocked, id=30360, stack(0x00000033e8f00000,0x00000033e9000000)]
  0x000001ba1099d800 JavaThread "lettuce-timer-3-1" daemon [_thread_blocked, id=31724, stack(0x00000033ea300000,0x00000033ea400000)]
  0x000001ba109a2800 JavaThread "container-0" [_thread_blocked, id=10652, stack(0x00000033ea200000,0x00000033ea300000)]
  0x000001ba109a3000 JavaThread "Catalina-utility-2" [_thread_blocked, id=34784, stack(0x00000033ea100000,0x00000033ea200000)]
  0x000001ba109a0000 JavaThread "Catalina-utility-1" [_thread_blocked, id=21192, stack(0x00000033ea000000,0x00000033ea100000)]
  0x000001ba109a1800 JavaThread "com.alibaba.nacos.client.Worker" daemon [_thread_blocked, id=19036, stack(0x00000033e9d00000,0x00000033e9e00000)]
  0x000001ba109a1000 JavaThread "mysql-cj-abandoned-connection-cleanup" daemon [_thread_blocked, id=12836, stack(0x00000033e9c00000,0x00000033e9d00000)]
  0x000001ba1099a800 JavaThread "RMI TCP Connection(8)-192.168.56.1" daemon [_thread_in_native, id=24880, stack(0x00000033e9b00000,0x00000033e9c00000)]
  0x000001ba10999800 JavaThread "com.alibaba.nacos.client.Worker" daemon [_thread_blocked, id=31288, stack(0x00000033e9a00000,0x00000033e9b00000)]
  0x000001ba10e16000 JavaThread "grpc-nio-worker-ELG-1-2" daemon [_thread_in_native, id=20976, stack(0x00000033e8e00000,0x00000033e8f00000)]
  0x000001ba10e1d800 JavaThread "RMI TCP Connection(6)-192.168.56.1" daemon [_thread_in_native, id=27992, stack(0x00000033e8d00000,0x00000033e8e00000)]
  0x000001ba10e1a000 JavaThread "grpc-default-executor-0" daemon [_thread_blocked, id=576, stack(0x00000033e8c00000,0x00000033e8d00000)]
  0x000001ba10e1c800 JavaThread "grpc-nio-worker-ELG-1-1" daemon [_thread_in_native, id=16652, stack(0x00000033e8b00000,0x00000033e8c00000)]
  0x000001ba10e1b000 JavaThread "com.alibaba.nacos.client.remote.worker" daemon [_thread_blocked, id=4772, stack(0x00000033e8a00000,0x00000033e8b00000)]
  0x000001ba10e1b800 JavaThread "com.alibaba.nacos.client.remote.worker" daemon [_thread_blocked, id=32848, stack(0x00000033e8900000,0x00000033e8a00000)]
  0x000001ba10e19800 JavaThread "nacos.publisher-com.alibaba.nacos.common.notify.SlowEvent" daemon [_thread_blocked, id=5552, stack(0x00000033e8800000,0x00000033e8900000)]
  0x000001ba10e15800 JavaThread "RMI TCP Connection(4)-192.168.56.1" daemon [_thread_in_native, id=31388, stack(0x00000033e8700000,0x00000033e8800000)]
  0x000001ba10e18800 JavaThread "com.alibaba.nacos.client.Worker" daemon [_thread_blocked, id=12156, stack(0x00000033e8600000,0x00000033e8700000)]
  0x000001ba100dd800 JavaThread "com.alibaba.nacos.client.Worker" daemon [_thread_blocked, id=29408, stack(0x00000033e8500000,0x00000033e8600000)]
  0x000001ba100dd000 JavaThread "com.alibaba.nacos.client.Worker" daemon [_thread_blocked, id=16724, stack(0x00000033e8400000,0x00000033e8500000)]
  0x000001ba100d9800 JavaThread "com.alibaba.nacos.client.auth.ram.identify.watcher.0" daemon [_thread_blocked, id=33180, stack(0x00000033e8300000,0x00000033e8400000)]
  0x000001ba100e0000 JavaThread "Keep-Alive-Timer" daemon [_thread_blocked, id=32632, stack(0x00000033e8200000,0x00000033e8300000)]
  0x000001ba100df000 JavaThread "RMI Scheduler(0)" daemon [_thread_blocked, id=16512, stack(0x00000033e8000000,0x00000033e8100000)]
  0x000001ba100dc000 JavaThread "RMI TCP Connection(2)-192.168.56.1" daemon [_thread_in_native, id=2432, stack(0x00000033e7f00000,0x00000033e8000000)]
  0x000001ba100db000 JavaThread "RMI TCP Accept-0" daemon [_thread_in_native, id=32284, stack(0x00000033e7d00000,0x00000033e7e00000)]
  0x000001ba100de800 JavaThread "Service Thread" daemon [_thread_blocked, id=31476, stack(0x00000033e7c00000,0x00000033e7d00000)]
  0x000001ba1025a800 JavaThread "C1 CompilerThread3" daemon [_thread_blocked, id=3112, stack(0x00000033e7b00000,0x00000033e7c00000)]
  0x000001ba10259800 JavaThread "C2 CompilerThread2" daemon [_thread_blocked, id=9908, stack(0x00000033e7a00000,0x00000033e7b00000)]
  0x000001ba101fa000 JavaThread "C2 CompilerThread1" daemon [_thread_blocked, id=20432, stack(0x00000033e7900000,0x00000033e7a00000)]
  0x000001ba101f9800 JavaThread "C2 CompilerThread0" daemon [_thread_blocked, id=32680, stack(0x00000033e7800000,0x00000033e7900000)]
  0x000001ba100d9000 JavaThread "Monitor Ctrl-Break" daemon [_thread_in_native, id=15544, stack(0x00000033e7700000,0x00000033e7800000)]
  0x000001ba0f7b3800 JavaThread "Attach Listener" daemon [_thread_blocked, id=18624, stack(0x00000033e7600000,0x00000033e7700000)]
  0x000001ba7eb5f000 JavaThread "Signal Dispatcher" daemon [_thread_blocked, id=20036, stack(0x00000033e7500000,0x00000033e7600000)]
  0x000001ba7eb26000 JavaThread "Finalizer" daemon [_thread_blocked, id=14660, stack(0x00000033e7400000,0x00000033e7500000)]
  0x000001ba7e79e000 JavaThread "Reference Handler" daemon [_thread_blocked, id=34028, stack(0x00000033e7300000,0x00000033e7400000)]

Other Threads:
  0x000001ba7eaf1800 VMThread [stack: 0x00000033e7200000,0x00000033e7300000] [id=7124]
  0x000001ba1051e800 WatcherThread [stack: 0x00000033e7e00000,0x00000033e7f00000] [id=4648]

VM state:not at safepoint (normal execution)

VM Mutex/Monitor currently owned by a thread: None

heap address: 0x00000006c1e00000, size: 4066 MB, Compressed Oops mode: Zero based, Oop shift amount: 3
Narrow klass base: 0x0000000000000000, Narrow klass shift: 3
Compressed class space size: 1073741824 Address: 0x00000007c0000000

Heap:
 PSYoungGen      total 744448K, used 53190K [0x000000076b500000, 0x000000079b380000, 0x00000007c0000000)
  eden space 727552K, 5% used [0x000000076b500000,0x000000076d8b0600,0x0000000797b80000)
  from space 16896K, 98% used [0x000000079a300000,0x000000079b3413d0,0x000000079b380000)
  to   space 22528K, 0% used [0x0000000798780000,0x0000000798780000,0x0000000799d80000)
 ParOldGen       total 152064K, used 39061K [0x00000006c1e00000, 0x00000006cb280000, 0x000000076b500000)
  object space 152064K, 25% used [0x00000006c1e00000,0x00000006c4425730,0x00000006cb280000)
 Metaspace       used 73611K, capacity 79529K, committed 79640K, reserved 1120256K
  class space    used 9956K, capacity 11002K, committed 11056K, reserved 1048576K

Card table byte_map: [0x000001ba749f0000,0x000001ba751f0000] byte_map_base: 0x000001ba713e1000

Marking Bits: (ParMarkBitMap*) 0x0000000059686830
 Begin Bits: [0x000001ba75740000, 0x000001ba796c8000)
 End Bits:   [0x000001ba796c8000, 0x000001ba7d650000)

Polling page: 0x000001ba72b00000

CodeCache: size=245760Kb used=15369Kb max_used=15369Kb free=230390Kb
 bounds [0x000001ba00000000, 0x000001ba00f10000, 0x000001ba0f000000]
 total_blobs=8790 nmethods=8164 adapters=536
 compilation: enabled

Compilation events (10 events):
Event: 30.749 Thread 0x000001ba1025a800 8273       1       com.mysql.cj.conf.AbstractRuntimeProperty::getPropertyDefinition (5 bytes)
Event: 30.749 Thread 0x000001ba1025a800 nmethod 8273 0x000001ba00f011d0 code [0x000001ba00f01320, 0x000001ba00f01438]
Event: 30.749 Thread 0x000001ba1025a800 8274       1       com.mysql.cj.conf.AbstractPropertyDefinition::getName (5 bytes)
Event: 30.749 Thread 0x000001ba1025a800 nmethod 8274 0x000001ba00f01490 code [0x000001ba00f015e0, 0x000001ba00f016f8]
Event: 30.749 Thread 0x000001ba1025a800 8275       1       com.mysql.cj.conf.AbstractPropertyDefinition::getCcAlias (5 bytes)
Event: 30.749 Thread 0x000001ba1025a800 nmethod 8275 0x000001ba00f01750 code [0x000001ba00f018a0, 0x000001ba00f019b8]
Event: 30.767 Thread 0x000001ba1025a800 8276   !   1       com.mysql.cj.conf.DefaultPropertySet::getProperty (52 bytes)
Event: 30.768 Thread 0x000001ba1025a800 nmethod 8276 0x000001ba00f01e90 code [0x000001ba00f02040, 0x000001ba00f02400]
Event: 30.773 Thread 0x000001ba1025a800 8277       1       sun.util.PreHashedMap::get (73 bytes)
Event: 30.773 Thread 0x000001ba1025a800 nmethod 8277 0x000001ba00f02890 code [0x000001ba00f02a20, 0x000001ba00f02d20]

GC Heap History (10 events):
Event: 16.666 GC heap before
{Heap before GC invocations=11 (full 2):
 PSYoungGen      total 406016K, used 405760K [0x000000076b500000, 0x0000000785780000, 0x00000007c0000000)
  eden space 394240K, 100% used [0x000000076b500000,0x0000000783600000,0x0000000783600000)
  from space 11776K, 97% used [0x0000000784c00000,0x00000007857403b8,0x0000000785780000)
  to   space 13824K, 0% used [0x0000000783c80000,0x0000000783c80000,0x0000000784a00000)
 ParOldGen       total 115712K, used 17314K [0x00000006c1e00000, 0x00000006c8f00000, 0x000000076b500000)
  object space 115712K, 14% used [0x00000006c1e00000,0x00000006c2ee8b58,0x00000006c8f00000)
 Metaspace       used 53423K, capacity 56274K, committed 56360K, reserved 1097728K
  class space    used 7109K, capacity 7671K, committed 7728K, reserved 1048576K
Event: 16.687 GC heap after
Heap after GC invocations=11 (full 2):
 PSYoungGen      total 414720K, used 13808K [0x000000076b500000, 0x000000078f780000, 0x00000007c0000000)
  eden space 400896K, 0% used [0x000000076b500000,0x000000076b500000,0x0000000783c80000)
  from space 13824K, 99% used [0x0000000783c80000,0x00000007849fc130,0x0000000784a00000)
  to   space 19456K, 0% used [0x000000078e480000,0x000000078e480000,0x000000078f780000)
 ParOldGen       total 115712K, used 28087K [0x00000006c1e00000, 0x00000006c8f00000, 0x000000076b500000)
  object space 115712K, 24% used [0x00000006c1e00000,0x00000006c396dff8,0x00000006c8f00000)
 Metaspace       used 53423K, capacity 56274K, committed 56360K, reserved 1097728K
  class space    used 7109K, capacity 7671K, committed 7728K, reserved 1048576K
}
Event: 17.036 GC heap before
{Heap before GC invocations=12 (full 2):
 PSYoungGen      total 414720K, used 64128K [0x000000076b500000, 0x000000078f780000, 0x00000007c0000000)
  eden space 400896K, 12% used [0x000000076b500000,0x000000076e624068,0x0000000783c80000)
  from space 13824K, 99% used [0x0000000783c80000,0x00000007849fc130,0x0000000784a00000)
  to   space 19456K, 0% used [0x000000078e480000,0x000000078e480000,0x000000078f780000)
 ParOldGen       total 115712K, used 28087K [0x00000006c1e00000, 0x00000006c8f00000, 0x000000076b500000)
  object space 115712K, 24% used [0x00000006c1e00000,0x00000006c396dff8,0x00000006c8f00000)
 Metaspace       used 55898K, capacity 58933K, committed 59160K, reserved 1099776K
  class space    used 7404K, capacity 7984K, committed 7984K, reserved 1048576K
Event: 17.048 GC heap after
Heap after GC invocations=12 (full 2):
 PSYoungGen      total 572928K, used 12164K [0x000000076b500000, 0x0000000791180000, 0x00000007c0000000)
  eden space 553472K, 0% used [0x000000076b500000,0x000000076b500000,0x000000078d180000)
  from space 19456K, 62% used [0x000000078e480000,0x000000078f0612f0,0x000000078f780000)
  to   space 19456K, 0% used [0x000000078d180000,0x000000078d180000,0x000000078e480000)
 ParOldGen       total 115712K, used 31860K [0x00000006c1e00000, 0x00000006c8f00000, 0x000000076b500000)
  object space 115712K, 27% used [0x00000006c1e00000,0x00000006c3d1d008,0x00000006c8f00000)
 Metaspace       used 55898K, capacity 58933K, committed 59160K, reserved 1099776K
  class space    used 7404K, capacity 7984K, committed 7984K, reserved 1048576K
}
Event: 17.048 GC heap before
{Heap before GC invocations=13 (full 3):
 PSYoungGen      total 572928K, used 12164K [0x000000076b500000, 0x0000000791180000, 0x00000007c0000000)
  eden space 553472K, 0% used [0x000000076b500000,0x000000076b500000,0x000000078d180000)
  from space 19456K, 62% used [0x000000078e480000,0x000000078f0612f0,0x000000078f780000)
  to   space 19456K, 0% used [0x000000078d180000,0x000000078d180000,0x000000078e480000)
 ParOldGen       total 115712K, used 31860K [0x00000006c1e00000, 0x00000006c8f00000, 0x000000076b500000)
  object space 115712K, 27% used [0x00000006c1e00000,0x00000006c3d1d008,0x00000006c8f00000)
 Metaspace       used 55898K, capacity 58933K, committed 59160K, reserved 1099776K
  class space    used 7404K, capacity 7984K, committed 7984K, reserved 1048576K
Event: 17.182 GC heap after
Heap after GC invocations=13 (full 3):
 PSYoungGen      total 572928K, used 0K [0x000000076b500000, 0x0000000791180000, 0x00000007c0000000)
  eden space 553472K, 0% used [0x000000076b500000,0x000000076b500000,0x000000078d180000)
  from space 19456K, 0% used [0x000000078e480000,0x000000078e480000,0x000000078f780000)
  to   space 19456K, 0% used [0x000000078d180000,0x000000078d180000,0x000000078e480000)
 ParOldGen       total 152064K, used 27709K [0x00000006c1e00000, 0x00000006cb280000, 0x000000076b500000)
  object space 152064K, 18% used [0x00000006c1e00000,0x00000006c390f608,0x00000006cb280000)
 Metaspace       used 55898K, capacity 58933K, committed 59160K, reserved 1099776K
  class space    used 7404K, capacity 7984K, committed 7984K, reserved 1048576K
}
Event: 23.077 GC heap before
{Heap before GC invocations=14 (full 3):
 PSYoungGen      total 572928K, used 553472K [0x000000076b500000, 0x0000000791180000, 0x00000007c0000000)
  eden space 553472K, 100% used [0x000000076b500000,0x000000078d180000,0x000000078d180000)
  from space 19456K, 0% used [0x000000078e480000,0x000000078e480000,0x000000078f780000)
  to   space 19456K, 0% used [0x000000078d180000,0x000000078d180000,0x000000078e480000)
 ParOldGen       total 152064K, used 27709K [0x00000006c1e00000, 0x00000006cb280000, 0x000000076b500000)
  object space 152064K, 18% used [0x00000006c1e00000,0x00000006c390f608,0x00000006cb280000)
 Metaspace       used 65060K, capacity 69169K, committed 69400K, reserved 1110016K
  class space    used 8707K, capacity 9461K, committed 9520K, reserved 1048576K
Event: 23.101 GC heap after
Heap after GC invocations=14 (full 3):
 PSYoungGen      total 572928K, used 19158K [0x000000076b500000, 0x000000079b800000, 0x00000007c0000000)
  eden space 553472K, 0% used [0x000000076b500000,0x000000076b500000,0x000000078d180000)
  from space 19456K, 98% used [0x000000078d180000,0x000000078e4359d0,0x000000078e480000)
  to   space 21504K, 0% used [0x000000079a300000,0x000000079a300000,0x000000079b800000)
 ParOldGen       total 152064K, used 27717K [0x00000006c1e00000, 0x00000006cb280000, 0x000000076b500000)
  object space 152064K, 18% used [0x00000006c1e00000,0x00000006c3911608,0x00000006cb280000)
 Metaspace       used 65060K, capacity 69169K, committed 69400K, reserved 1110016K
  class space    used 8707K, capacity 9461K, committed 9520K, reserved 1048576K
}
Event: 30.602 GC heap before
{Heap before GC invocations=15 (full 3):
 PSYoungGen      total 572928K, used 572630K [0x000000076b500000, 0x000000079b800000, 0x00000007c0000000)
  eden space 553472K, 100% used [0x000000076b500000,0x000000078d180000,0x000000078d180000)
  from space 19456K, 98% used [0x000000078d180000,0x000000078e4359d0,0x000000078e480000)
  to   space 21504K, 0% used [0x000000079a300000,0x000000079a300000,0x000000079b800000)
 ParOldGen       total 152064K, used 27717K [0x00000006c1e00000, 0x00000006cb280000, 0x000000076b500000)
  object space 152064K, 18% used [0x00000006c1e00000,0x00000006c3911608,0x00000006cb280000)
 Metaspace       used 72018K, capacity 77857K, committed 78104K, reserved 1116160K
  class space    used 9778K, capacity 10792K, committed 10800K, reserved 1048576K
Event: 30.620 GC heap after
Heap after GC invocations=15 (full 3):
 PSYoungGen      total 744448K, used 16644K [0x000000076b500000, 0x000000079b380000, 0x00000007c0000000)
  eden space 727552K, 0% used [0x000000076b500000,0x000000076b500000,0x0000000797b80000)
  from space 16896K, 98% used [0x000000079a300000,0x000000079b3413d0,0x000000079b380000)
  to   space 22528K, 0% used [0x0000000798780000,0x0000000798780000,0x0000000799d80000)
 ParOldGen       total 152064K, used 39061K [0x00000006c1e00000, 0x00000006cb280000, 0x000000076b500000)
  object space 152064K, 25% used [0x00000006c1e00000,0x00000006c4425730,0x00000006cb280000)
 Metaspace       used 72018K, capacity 77857K, committed 78104K, reserved 1116160K
  class space    used 9778K, capacity 10792K, committed 10800K, reserved 1048576K
}

Deoptimization events (0 events):
No events

Classes redefined (0 events):
No events

Internal exceptions (10 events):
Event: 25.787 Thread 0x000001ba729a3000 Exception <a 'java/lang/ClassNotFoundException': org/springframework/beans/factory/AwareCustomizer> (0x000000077cf7e188) thrown at [C:\wsjdk\Corretto8Src\installers\windows\zip\corretto-build\buildRoot\hotspot\src\share\vm\classfile\systemDictionary.cpp, 
Event: 25.788 Thread 0x000001ba729a3000 Exception <a 'java/lang/ClassNotFoundException': org/springframework/context/ApplicationEventPublisherAwareCustomizer> (0x000000077cfbc618) thrown at [C:\wsjdk\Corretto8Src\installers\windows\zip\corretto-build\buildRoot\hotspot\src\share\vm\classfile\sys
Event: 25.788 Thread 0x000001ba729a3000 Exception <a 'java/lang/ClassNotFoundException': org/springframework/beans/factory/AwareCustomizer> (0x000000077cfeec28) thrown at [C:\wsjdk\Corretto8Src\installers\windows\zip\corretto-build\buildRoot\hotspot\src\share\vm\classfile\systemDictionary.cpp, 
Event: 25.789 Thread 0x000001ba729a3000 Exception <a 'java/lang/ClassNotFoundException': org/springframework/context/ApplicationListenerCustomizer> (0x000000077d025098) thrown at [C:\wsjdk\Corretto8Src\installers\windows\zip\corretto-build\buildRoot\hotspot\src\share\vm\classfile\systemDictiona
Event: 25.789 Thread 0x000001ba729a3000 Exception <a 'java/lang/ClassNotFoundException': java/util/EventListenerCustomizer> (0x000000077d039ed8) thrown at [C:\wsjdk\Corretto8Src\installers\windows\zip\corretto-build\buildRoot\hotspot\src\share\vm\classfile\systemDictionary.cpp, line 217]
Event: 25.790 Thread 0x000001ba729a3000 Exception <a 'java/lang/ClassNotFoundException': com/rabbitmq/client/ShutdownListenerCustomizer> (0x000000077d068d18) thrown at [C:\wsjdk\Corretto8Src\installers\windows\zip\corretto-build\buildRoot\hotspot\src\share\vm\classfile\systemDictionary.cpp, lin
Event: 25.790 Thread 0x000001ba729a3000 Exception <a 'java/lang/ClassNotFoundException': java/util/EventListenerCustomizer> (0x000000077d07c968) thrown at [C:\wsjdk\Corretto8Src\installers\windows\zip\corretto-build\buildRoot\hotspot\src\share\vm\classfile\systemDictionary.cpp, line 217]
Event: 28.105 Thread 0x000001ba729a3000 Exception <a 'java/lang/NoSuchMethodError': java.lang.Object.lambda$byPatternsCondition$0(Lspringfox/documentation/RequestHandler;)Ljava/lang/String;> (0x000000077f9e32d0) thrown at [C:\wsjdk\Corretto8Src\installers\windows\zip\corretto-build\buildRoot\ho
Event: 28.303 Thread 0x000001ba729a3000 Exception <a 'java/lang/NoSuchMethodError': java.lang.Object.lambda$isEqual$3(Ljava/lang/Object;Ljava/lang/Object;)Z> (0x0000000780fb93f0) thrown at [C:\wsjdk\Corretto8Src\installers\windows\zip\corretto-build\buildRoot\hotspot\src\share\vm\interpreter\li
Event: 30.297 Thread 0x000001ba729a3000 Exception <a 'java/lang/NoSuchMethodError': java.lang.Object.lambda$builder$0(Ljava/util/function/Supplier;)D> (0x000000078bad62a8) thrown at [C:\wsjdk\Corretto8Src\installers\windows\zip\corretto-build\buildRoot\hotspot\src\share\vm\interpreter\linkResol

Events (10 events):
Event: 30.830 loading class sun/nio/cs/ext/IBM943 done
Event: 30.831 loading class sun/nio/cs/ext/MS932
Event: 30.831 loading class sun/nio/cs/ext/MS932 done
Event: 30.831 loading class sun/nio/cs/ext/EUC_CN
Event: 30.832 loading class sun/nio/cs/ext/EUC_CN done
Event: 30.833 loading class sun/nio/cs/ext/EUC_JP
Event: 30.834 loading class sun/nio/cs/ext/EUC_JP done
Event: 30.834 loading class sun/nio/cs/ext/EUC_JP_Open
Event: 30.834 loading class sun/nio/cs/ext/EUC_JP_Open done
Event: 30.834 loading class sun/nio/cs/ext/GB18030


Dynamic libraries:
0x00007ff64caf0000 - 0x00007ff64cb2a000 	D:\JAVA\jdk1.8.0_3.6.2\bin\java.exe
0x00007fffe19d0000 - 0x00007fffe1be7000 	C:\WINDOWS\SYSTEM32\ntdll.dll
0x00007fffe08d0000 - 0x00007fffe0994000 	C:\WINDOWS\System32\KERNEL32.DLL
0x00007fffdefa0000 - 0x00007fffdf347000 	C:\WINDOWS\System32\KERNELBASE.dll
0x00007fffdf730000 - 0x00007fffdf7e0000 	C:\WINDOWS\System32\ADVAPI32.dll
0x00007fffe0fc0000 - 0x00007fffe1067000 	C:\WINDOWS\System32\msvcrt.dll
0x00007fffe1630000 - 0x00007fffe16d6000 	C:\WINDOWS\System32\sechost.dll
0x00007fffe16e0000 - 0x00007fffe17f7000 	C:\WINDOWS\System32\RPCRT4.dll
0x00007fffe0720000 - 0x00007fffe08ce000 	C:\WINDOWS\System32\USER32.dll
0x00007fffdf350000 - 0x00007fffdf376000 	C:\WINDOWS\System32\win32u.dll
0x00007fffe0aa0000 - 0x00007fffe0ac9000 	C:\WINDOWS\System32\GDI32.dll
0x00007fffdf590000 - 0x00007fffdf6a9000 	C:\WINDOWS\System32\gdi32full.dll
0x00007fffdf380000 - 0x00007fffdf41a000 	C:\WINDOWS\System32\msvcp_win.dll
0x00007fffdee80000 - 0x00007fffdef91000 	C:\WINDOWS\System32\ucrtbase.dll
0x00007fffcc5d0000 - 0x00007fffcc863000 	C:\WINDOWS\WinSxS\amd64_microsoft.windows.common-controls_6595b64144ccf1df_6.0.22621.2506_none_270c5ae97388e100\COMCTL32.dll
0x00007fffe0a50000 - 0x00007fffe0a81000 	C:\WINDOWS\System32\IMM32.DLL
0x00007fffa6a40000 - 0x00007fffa6b2f000 	D:\JAVA\jdk1.8.0_3.6.2\jre\bin\msvcr120.dll
0x00007fffa6990000 - 0x00007fffa6a36000 	D:\JAVA\jdk1.8.0_3.6.2\jre\bin\msvcp120.dll
0x0000000058e90000 - 0x0000000059705000 	D:\JAVA\jdk1.8.0_3.6.2\jre\bin\server\jvm.dll
0x00007fffe1400000 - 0x00007fffe1408000 	C:\WINDOWS\System32\PSAPI.DLL
0x00007fffd76b0000 - 0x00007fffd76e4000 	C:\WINDOWS\SYSTEM32\WINMM.dll
0x00007fffb07d0000 - 0x00007fffb07d9000 	C:\WINDOWS\SYSTEM32\WSOCK32.dll
0x00007fffdfcb0000 - 0x00007fffdfd21000 	C:\WINDOWS\System32\WS2_32.dll
0x00007fffd69f0000 - 0x00007fffd69fa000 	C:\WINDOWS\SYSTEM32\VERSION.dll
0x00007fffc35e0000 - 0x00007fffc35ef000 	D:\JAVA\jdk1.8.0_3.6.2\jre\bin\verify.dll
0x00007fffc0ce0000 - 0x00007fffc0d09000 	D:\JAVA\jdk1.8.0_3.6.2\jre\bin\java.dll
0x00007fffb7720000 - 0x00007fffb774a000 	D:\JAVA\jdk1.8.0_3.6.2\jre\bin\instrument.dll
0x00007fffc2100000 - 0x00007fffc2116000 	D:\JAVA\jdk1.8.0_3.6.2\jre\bin\zip.dll
0x00007fffdfea0000 - 0x00007fffe06f9000 	C:\WINDOWS\System32\SHELL32.dll
0x00007fffdcc70000 - 0x00007fffdd564000 	C:\WINDOWS\SYSTEM32\windows.storage.dll
0x00007fffe1070000 - 0x00007fffe13f9000 	C:\WINDOWS\System32\combase.dll
0x00007fffdcb30000 - 0x00007fffdcc6e000 	C:\WINDOWS\SYSTEM32\wintypes.dll
0x00007fffe1890000 - 0x00007fffe1983000 	C:\WINDOWS\System32\SHCORE.dll
0x00007fffdf7e0000 - 0x00007fffdf83e000 	C:\WINDOWS\System32\shlwapi.dll
0x00007fffdec80000 - 0x00007fffdeca6000 	C:\WINDOWS\SYSTEM32\profapi.dll
0x00007fffb7bd0000 - 0x00007fffb7bea000 	D:\JAVA\IntelliJ IDEA 2022.2\bin\breakgen64.dll
0x00007fffc0a70000 - 0x00007fffc0a8a000 	D:\JAVA\jdk1.8.0_3.6.2\jre\bin\net.dll
0x00007fffde2c0000 - 0x00007fffde329000 	C:\WINDOWS\system32\mswsock.dll
0x00007fffdd8c0000 - 0x00007fffdd9b9000 	C:\WINDOWS\SYSTEM32\DNSAPI.dll
0x00007fffdd850000 - 0x00007fffdd87d000 	C:\WINDOWS\SYSTEM32\IPHLPAPI.DLL
0x00007fffdf840000 - 0x00007fffdf849000 	C:\WINDOWS\System32\NSI.dll
0x00007fffd8c10000 - 0x00007fffd8c1a000 	C:\Windows\System32\rasadhlp.dll
0x00007fffd63b0000 - 0x00007fffd6433000 	C:\WINDOWS\System32\fwpuclnt.dll
0x00007fffc1f70000 - 0x00007fffc1f7d000 	D:\JAVA\jdk1.8.0_3.6.2\jre\bin\management.dll
0x00007fffbf940000 - 0x00007fffbf952000 	D:\JAVA\jdk1.8.0_3.6.2\jre\bin\nio.dll
0x00007fffde510000 - 0x00007fffde52b000 	C:\WINDOWS\SYSTEM32\CRYPTSP.dll
0x00007fffddda0000 - 0x00007fffdddd5000 	C:\WINDOWS\system32\rsaenh.dll
0x00007fffde3b0000 - 0x00007fffde3dc000 	C:\WINDOWS\SYSTEM32\USERENV.dll
0x00007fffde6e0000 - 0x00007fffde708000 	C:\WINDOWS\SYSTEM32\bcrypt.dll
0x00007fffdf6b0000 - 0x00007fffdf72a000 	C:\WINDOWS\System32\bcryptprimitives.dll
0x00007fffde530000 - 0x00007fffde53c000 	C:\WINDOWS\SYSTEM32\CRYPTBASE.dll
0x00007fffd7d20000 - 0x00007fffd7d39000 	C:\WINDOWS\SYSTEM32\dhcpcsvc6.DLL
0x00007fffd7d00000 - 0x00007fffd7d1f000 	C:\WINDOWS\SYSTEM32\dhcpcsvc.DLL
0x00007fffaf220000 - 0x00007fffaf237000 	C:\WINDOWS\system32\napinsp.dll
0x00007fffaf200000 - 0x00007fffaf21b000 	C:\WINDOWS\system32\pnrpnsp.dll
0x00007fffaf1e0000 - 0x00007fffaf1f1000 	C:\WINDOWS\System32\winrnr.dll
0x00007fffd6a50000 - 0x00007fffd6a65000 	C:\WINDOWS\system32\wshbth.dll
0x00007fffaf160000 - 0x00007fffaf181000 	C:\WINDOWS\system32\nlansp_c.dll
0x00007fffc0c40000 - 0x00007fffc0c63000 	D:\JAVA\jdk1.8.0_3.6.2\jre\bin\sunec.dll
0x00007fffd7a80000 - 0x00007fffd7a8c000 	D:\JAVA\jdk1.8.0_3.6.2\jre\bin\sunmscapi.dll
0x00007fffdf420000 - 0x00007fffdf586000 	C:\WINDOWS\System32\CRYPT32.dll
0x00007fffde6b0000 - 0x00007fffde6dd000 	C:\WINDOWS\SYSTEM32\ncrypt.dll
0x00007fffde670000 - 0x00007fffde6a7000 	C:\WINDOWS\SYSTEM32\NTASN1.dll

VM Arguments:
jvm_args: -XX:TieredStopAtLevel=1 -Xverify:none -Dspring.output.ansi.enabled=always -Dcom.sun.management.jmxremote -Dspring.jmx.enabled=true -Dspring.liveBeansView.mbeanDomain -Dspring.application.admin.enabled=true -javaagent:D:\JAVA\IntelliJ IDEA 2022.2\lib\idea_rt.jar=60842:D:\JAVA\IntelliJ IDEA 2022.2\bin -Dfile.encoding=UTF-8 
java_command: com.monkey.monkeycommunity.MonkeyCommunityApplication
java_class_path (initial): D:\JAVA\jdk1.8.0_3.6.2\jre\lib\charsets.jar;D:\JAVA\jdk1.8.0_3.6.2\jre\lib\ext\access-bridge-64.jar;D:\JAVA\jdk1.8.0_3.6.2\jre\lib\ext\cldrdata.jar;D:\JAVA\jdk1.8.0_3.6.2\jre\lib\ext\dnsns.jar;D:\JAVA\jdk1.8.0_3.6.2\jre\lib\ext\jaccess.jar;D:\JAVA\jdk1.8.0_3.6.2\jre\lib\ext\jfxrt.jar;D:\JAVA\jdk1.8.0_3.6.2\jre\lib\ext\localedata.jar;D:\JAVA\jdk1.8.0_3.6.2\jre\lib\ext\nashorn.jar;D:\JAVA\jdk1.8.0_3.6.2\jre\lib\ext\sunec.jar;D:\JAVA\jdk1.8.0_3.6.2\jre\lib\ext\sunjce_provider.jar;D:\JAVA\jdk1.8.0_3.6.2\jre\lib\ext\sunmscapi.jar;D:\JAVA\jdk1.8.0_3.6.2\jre\lib\ext\sunpkcs11.jar;D:\JAVA\jdk1.8.0_3.6.2\jre\lib\ext\zipfs.jar;D:\JAVA\jdk1.8.0_3.6.2\jre\lib\jce.jar;D:\JAVA\jdk1.8.0_3.6.2\jre\lib\jfr.jar;D:\JAVA\jdk1.8.0_3.6.2\jre\lib\jfxswt.jar;D:\JAVA\jdk1.8.0_3.6.2\jre\lib\jsse.jar;D:\JAVA\jdk1.8.0_3.6.2\jre\lib\management-agent.jar;D:\JAVA\jdk1.8.0_3.6.2\jre\lib\resources.jar;D:\JAVA\jdk1.8.0_3.6.2\jre\lib\rt.jar;D:\JAVA\project\monkey-blog\monkey\monkey-community\target\classes;D:\JAVA\Maven\maven-repository\repository\com\alibaba\easyexcel\3.1.2\easyexcel-3.1.2.jar;D:\JAVA\Maven\maven-repository\repository\com\alibaba\easyexcel-core\3.1.2\easyexcel-core-3.1.2.jar;D:\JAVA\Maven\maven-repository\repository\com\alibaba\easyexcel-support\3.1.2\easyexcel-support-3.1.2.jar;D:\JAVA\Maven\maven-repository\repository\org\apache\poi\poi\4.1.2\poi-4.1.2.jar;D:\JAVA\Maven\maven-repository\repository\commons-codec\commons-codec\1.15\commons-codec-1.15.jar;D:\JAVA\Maven\maven-repository\repository\org\apache\commons\commons-collections4\4.4\commons-collections4-4.4.jar;D:\JAVA\Maven\maven-repository\repository\org\apache\commons\commons-math3\3.6.1\commons-math3-3.6.1.jar;D:\JAVA\Maven\maven-repository\repository\com\zaxxer\SparseBitSet\1.2\SparseBitSet-1.2.jar;D:\JAVA\Maven\maven-repository\repository\org\apache\poi\poi-ooxml\4.1.2\poi-ooxml-4.1.2.jar;D:\JAVA\Maven\maven-repository\repository\org\apache\commons\commons-compress\1.19\commons-compress-1.19.
Launcher Type: SUN_STANDARD

Environment Variables:
JAVA_HOME=D:\JAVA\jdk17
CLASSPATH=.;D:\JAVA\jdk17\lib\dt.jar;D:\JAVA\jdk17\lib\tools.jar
PATH=D:\VMware\bin\;C:\Program Files\Common Files\Oracle\Java\javapath;C:\Windows\system32;C:\Windows;C:\Windows\System32\Wbem;C:\Windows\System32\WindowsPowerShell\v1.0\;C:\Windows\System32\OpenSSH\;C:\Program Files (x86)\NVIDIA Corporation\PhysX\Common;C:\Program Files\NVIDIA Corporation\NVIDIA NvDLISR;C:\WINDOWS\system32;C:\WINDOWS;C:\WINDOWS\System32\Wbem;C:\WINDOWS\System32\WindowsPowerShell\v1.0\;C:\WINDOWS\System32\OpenSSH\;D:\JAVA\jdk17\bin;D:\JAVA\Maven\apache-maven-3.8.6\bin;d:\java\git\git\cmd;d:\java\nvm\nvm;d:\nvm\nvm;d:\java\nodejs\;D:\JAVA\mysql-8.0.32-winx64\bin;D:\sonarqube-9.9.0.65466\bin;D:\mingw64\bin;D:\JAVA\vargant\bin;D:\JAVA\Git\Git\cmd;C:\Users\吴思豪\AppData\Local\Microsoft\WindowsApps;C:\Users\吴思豪\AppData\Local\Programs\Microsoft VS Code\bin;D:\JAVA\vscode\Microsoft VS Code\bin;D:\JAVA\nodejs\node_global
USERNAME=吴思豪
OS=Windows_NT
PROCESSOR_IDENTIFIER=Intel64 Family 6 Model 165 Stepping 2, GenuineIntel



---------------  S Y S T E M  ---------------

OS: Windows 11 , 64 bit Build 22621 (10.0.22621.2506)

CPU:total 8 (initial active 8) (4 cores per cpu, 2 threads per core) family 6 model 165 stepping 2, cmov, cx8, fxsr, mmx, sse, sse2, sse3, ssse3, sse4.1, sse4.2, popcnt, avx, avx2, aes, clmul, erms, 3dnowpref, lzcnt, ht, tsc, tscinvbit, bmi1, bmi2, adx

Memory: 4k page, physical 16647984k(429532k free), swap 32376620k(16k free)

vm_info: OpenJDK 64-Bit Server VM (25.362-b08) for windows-amd64 JRE (1.8.0_362-b08), built on Jan 13 2023 13:30:12 by "Administrator" with MS VC++ 12.0 (VS2013)

time: Fri Nov 03 10:11:04 2023
timezone: 中国标准时间
elapsed time: 30.863998 seconds (0d 0h 0m 30s)

