#
# A fatal error has been detected by the Java Runtime Environment:
#
#  EXCEPTION_ACCESS_VIOLATION (0xc0000005) at pc=0x00000000737462f7, pid=31304, tid=0x0000000000003294
#
# JRE version: OpenJDK Runtime Environment (8.0_362-b08) (build 1.8.0_362-b08)
# Java VM: OpenJDK 64-Bit Server VM (25.362-b08 mixed mode windows-amd64 compressed oops)
# Problematic frame:
# V  [jvm.dll+0x1e62f7]
#
# Failed to write core dump. Minidumps are not enabled by default on client versions of Windows
#
# If you would like to submit a bug report, please visit:
#   https://github.com/corretto/corretto-8/issues/
#

---------------  T H R E A D  ---------------

Current thread (0x0000024e0397b800):  JavaThread "JMX server connection timeout 86" daemon [_thread_in_vm, id=12948, stack(0x00000069b3b00000,0x00000069b3c00000)]

siginfo: ExceptionCode=0xc0000005, writing address 0x00000069b3bfb8c0

Registers:
RAX=0x00000069b3bfb8c0, RBX=0x0000000000000005, RCX=0x0000000000004000, RDX=0x0000024e02f3f3f8
RSP=0x00000069b3bff8c0, RBP=0x0000000000000000, RSI=0x00000069b3bff8c0, RDI=0x0000000000000005
R8 =0x0000000000000006, R9 =0x0000024e00f1c9a0, R10=0x0000024e7c9ae090, R11=0x00000069b3bffcb0
R12=0x00000069b3bffc00, R13=0x0000024e0397b800, R14=0x0000024e0397b800, R15=0x0000000000000000
RIP=0x00000000737462f7, EFLAGS=0x0000000000010206

Top of Stack: (sp=0x00000069b3bff8c0)
0x00000069b3bff8c0:   0000024e0397b800 0000024e0397b800
0x00000069b3bff8d0:   0000000000000000 0000024e0397b800
0x00000069b3bff8e0:   0000024e7c9ae090 00000000737467d6
0x00000069b3bff8f0:   00000069b3bff9f0 00000069b3bff988
0x00000069b3bff900:   0000024e00f1c9a0 0000000000000000
0x00000069b3bff910:   0000000000000001 0000000073604ff3
0x00000069b3bff920:   00000069b3bff960 00000069b3bff9f0
0x00000069b3bff930:   0000024e7c9ae090 0000024e0397b800
0x00000069b3bff940:   0000024e641746e0 0000024e7c9ae090
0x00000069b3bff950:   0000024e0397b800 0000024e0397b800
0x00000069b3bff960:   0000024e7c9ae090 0000024e7c9ae090
0x00000069b3bff970:   0000024e0397b800 00000069b3bffcb8
0x00000069b3bff980:   00000069b3bffa90 0000024e000d57f0
0x00000069b3bff990:   0000000000000005 0000024e7c9ae090
0x00000069b3bff9a0:   0000024e0397b800 0000000073604b9b
0x00000069b3bff9b0:   0000024e00f1c9a0 00000007c0006a20 

Instructions: (pc=0x00000000737462f7)
0x00000000737462d7:   7c 24 38 8b fb 33 ed 66 90 e8 6b 8d 08 00 ff c3
0x00000000737462e7:   48 63 c8 48 8b c6 48 0f af cf 48 ff c7 48 2b c1
0x00000000737462f7:   89 28 48 63 c3 48 3b 05 bd e2 5a 00 7e db 48 8b
0x0000000073746307:   7c 24 38 48 8b 6c 24 30 48 8b 5c 24 40 48 83 c4 


Register to memory mapping:

RAX=0x00000069b3bfb8c0 is pointing into the stack for thread: 0x0000024e0397b800
RBX=0x0000000000000005 is an unknown value
RCX=0x0000000000004000 is an unknown value
RDX=0x0000024e02f3f3f8 is an unknown value
RSP=0x00000069b3bff8c0 is pointing into the stack for thread: 0x0000024e0397b800
RBP=0x0000000000000000 is an unknown value
RSI=0x00000069b3bff8c0 is pointing into the stack for thread: 0x0000024e0397b800
RDI=0x0000000000000005 is an unknown value
R8 =0x0000000000000006 is an unknown value
R9 =0x0000024e00f1c9a0 is an unknown value
R10=