#
# A fatal error has been detected by the Java Runtime Environment:
#
#  EXCEPTION_ACCESS_VIOLATION (0xc0000005) at pc=0x00000000590762f7, pid=11336, tid=0x0000000000002084
#
# JRE version: OpenJDK Runtime Environment (8.0_362-b08) (build 1.8.0_362-b08)
# Java VM: OpenJDK 64-Bit Server VM (25.362-b08 mixed mode windows-amd64 compressed oops)
# Problematic frame:
# V  [jvm.dll+0x1e62f7]
#
# Failed to write core dump. Minidumps are not enabled by default on client versions of Windows
#
# If you would like to submit a bug report, please visit:
#   https://github.com/corretto/corretto-8/issues/
#

---------------  T H R E A D  ---------------

Current thread (0x0000025aa649c000):  JavaThread "grpc-nio-worker-ELG-1-4" daemon [_thread_in_vm, id=8324, stack(0x000000b955600000,0x000000b955700000)]

siginfo: ExceptionCode=0xc0000005, writing address 0x000000b9556f7b70

Registers:
RAX=0x000000b9556f7b70, RBX=0x0000000000000007, RCX=0x0000000000006000, RDX=0x0000025aa59b4210
RSP=0x000000b9556fdb70, RBP=0x0000000000000000, RSI=0x000000b9556fdb70, RDI=0x0000000000000007
R8 =0x0000000000000009, R9 =0x0000025aa63ef620, R10=0x0000025aa79ce5c0, R11=0x000000b9556fde00
R12=0x000000b9556fde01, R13=0x0000025aa649c000, R14=0x0000025aa649c000, R15=0x0000000000000000
RIP=0x00000000590762f7, EFLAGS=0x0000000000010202

Top of Stack: (sp=0x000000b9556fdb70)
0x000000b9556fdb70:   0000bdef973c5305 0000000000000000
0x000000b9556fdb80:   0000000000000000 0000025aa649c000
0x000000b9556fdb90:   0000025aa79ce5c0 00000000590767d6
0x000000b9556fdba0:   000000b9556fdca0 000000b9556fdc38
0x000000b9556fdbb0:   0000025aa63ef620 0000025aa79ebe40
0x000000b9556fdbc0:   000000b9556ff1e0 0000025aa2200558
0x000000b9556fdbd0:   0000025a896d04d0 0000025aa79eb808
0x000000b9556fdbe0:   0000025aa79ce5c0 0000025aa649c000
0x000000b9556fdbf0:   0000025a896e46e0 0000025aa79ce5c0
0x000000b9556fdc00:   0000025aa649c000 0000025aa59ca000
0x000000b9556fdc10:   0000000000000000 0000025aa79ce5c0
0x000000b9556fdc20:   0000025aa649c000 000000b9556fde08
0x000000b9556fdc30:   0000025aa79ebe00 0000025aa57b8bb8
0x000000b9556fdc40:   000000b9a79eb788 000000b9556ff1d0
0x000000b9556fdc50:   0000000000000000 00000000a77c72c0
0x000000b9556fdc60:   0000025aa77cb390 0000000059490d28 

Instructions: (pc=0x00000000590762f7)
0x00000000590762d7:   7c 24 38 8b fb 33 ed 66 90 e8 6b 8d 08 00 ff c3
0x00000000590762e7:   48 63 c8 48 8b c6 48 0f af cf 48 ff c7 48 2b c1
0x00000000590762f7:   89 28 48 63 c3 48 3b 05 bd e2 5a 00 7e db 48 8b
0x0000000059076307:   7c 24 38 48 8b 6c 24 30 48 8b 5c 24 40 48 83 c4 


Register to memory mapping:

RAX=0x000000b9556f7b70 is pointing into the stack for thread: 0x0000025aa649c000
RBX=0x0000000000000007 is an unknown value
RCX=0x0000000000006000 is an unknown value
RDX=0x0000025aa59b4210 is an unknown value
RSP=0x000000b9556fdb70 is pointing into the stack for thread: 0x0000025aa649c000
RBP=0x0000000000000000 is an unknown value
RSI=0x000000b9556fdb70 is pointing into the stack for thread: 0x0000025aa649c000
RDI=0x0000000000000007 is an unknown value
R8 =0x0000000000000009 is an unknown value
R9 =0x0000025aa63ef620 is an unknown value
R10={method} {0x0000025aa79ce5c8} 'run' '()Ljava/lang/Object;' in 'com/alibaba/nacos/shaded/io/grpc/netty/shaded/io/netty/channel/ChannelHandlerMask$2'
R11=0x000000b9556fde00 is pointing into the stack for thread: 0x0000025aa649c000
R12=0x000000b9556fde01 is pointing into the stack for thread: 0x0000025aa649c000
R13=0x0000025aa649c000 is a thread
R14=0x0000025aa649c000 is a thread
R15=0x0000000000000000 is an unknown value


Stack: [0x000000b955600000,0x000000b955700000],  sp=0x000000b9556fdb70,  free space=1014k
Native frames: (J=compiled Java code, j=interpreted, Vv=VM code, C=native code)

Java frames: (J=compiled Java code, j=interpreted, Vv=VM code)
J 4587  java.security.AccessController.doPrivileged(Ljava/security/PrivilegedExceptionAction;)Ljava/lang/Object; (0 bytes) @ 0x0000025a89f55452 [0x0000025a89f55400+0x52]
j  com.alibaba.nacos.shaded.io.grpc.netty.shaded.io.netty.channel.ChannelHandlerMask.isSkippable(Ljava/lang/Class;Ljava/lang/String;[Ljava/lang/Class;)Z+10
j  com.alibaba.nacos.shaded.io.grpc.netty.shaded.io.netty.channel.ChannelHandlerMask.mask0(Ljava/lang/Class;)I+29
j  com.alibaba.nacos.shaded.io.grpc.netty.shaded.io.netty.channel.ChannelHandlerMask.mask(Ljava/lang/Class;)I+26
j  com.alibaba.nacos.shaded.io.grpc.netty.shaded.io.netty.channel.AbstractChannelHandlerContext.<init>(Lcom/alibaba/nacos/shaded/io/grpc/netty/shaded/io/netty/channel/DefaultChannelPipeline;Lcom/alibaba/nacos/shaded/io/grpc/netty/shaded/io/netty/util/concurrent/EventExecutor;Ljava/lang/String;Ljava/lang/Class;)V+35
j  com.alibaba.nacos.shaded.io.grpc.netty.shaded.io.netty.channel.DefaultChannelHandlerContext.<init>(Lcom/alibaba/nacos/shaded/io/grpc/netty/shaded/io/netty/channel/DefaultChannelPipeline;Lcom/alibaba/nacos/shaded/io/grpc/netty/shaded/io/netty/util/concurrent/EventExecutor;Ljava/lang/String;Lcom/alibaba/nacos/shaded/io/grpc/netty/shaded/io/netty/channel/ChannelHandler;)V+9
j  com.alibaba.nacos.shaded.io.grpc.netty.shaded.io.netty.channel.DefaultChannelPipeline.newContext(Lcom/alibaba/nacos/shaded/io/grpc/netty/shaded/io/netty/util/concurrent/EventExecutorGroup;Ljava/lang/String;Lcom/alibaba/nacos/shaded/io/grpc/netty/shaded/io/netty/channel/ChannelHandler;)Lcom/alibaba/nacos/shaded/io/grpc/netty/shaded/io/netty/channel/AbstractChannelHandlerContext;+12
j  com.alibaba.nacos.shaded.io.grpc.netty.shaded.io.netty.channel.DefaultChannelPipeline.addBefore(Lcom/alibaba/nacos/shaded/io/grpc/netty/shaded/io/netty/util/concurrent/EventExecutorGroup;Ljava/lang/String;Ljava/lang/String;Lcom/alibaba/nacos/shaded/io/grpc/netty/shaded/io/netty/channel/ChannelHandler;)Lcom/alibaba/nacos/shaded/io/grpc/netty/shaded/io/netty/channel/ChannelPipeline;+30
j  com.alibaba.nacos.shaded.io.grpc.netty.shaded.io.netty.channel.DefaultChannelPipeline.addBefore(Ljava/lang/String;Ljava/lang/String;Lcom/alibaba/nacos/shaded/io/grpc/netty/shaded/io/netty/channel/ChannelHandler;)Lcom/alibaba/nacos/shaded/io/grpc/netty/shaded/io/netty/channel/ChannelPipeline;+5
j  com.alibaba.nacos.shaded.io.grpc.netty.shaded.io.grpc.netty.WriteBufferingAndExceptionHandler.handlerAdded(Lcom/alibaba/nacos/shaded/io/grpc/netty/shaded/io/netty/channel/ChannelHandlerContext;)V+17
j  com.alibaba.nacos.shaded.io.grpc.netty.shaded.io.netty.channel.AbstractChannelHandlerContext.callHandlerAdded()V+12
j  com.alibaba.nacos.shaded.io.grpc.netty.shaded.io.netty.channel.DefaultChannelPipeline.callHandlerAdded0(Lcom/alibaba/nacos/shaded/io/grpc/netty/shaded/io/netty/channel/AbstractChannelHandlerContext;)V+1
j  com.alibaba.nacos.shaded.io.grpc.netty.shaded.io.netty.channel.DefaultChannelPipeline.access$100(Lcom/alibaba/nacos/shaded/io/grpc/netty/shaded/io/netty/channel/DefaultChannelPipeline;Lcom/alibaba/nacos/shaded/io/grpc/netty/shaded/io/netty/channel/AbstractChannelHandlerContext;)V+2
j  com.alibaba.nacos.shaded.io.grpc.netty.shaded.io.netty.channel.DefaultChannelPipeline$PendingHandlerAddedTask.execute()V+25
j  com.alibaba.nacos.shaded.io.grpc.netty.shaded.io.netty.channel.DefaultChannelPipeline.callHandlerAddedForAllHandlers()V+57
j  com.alibaba.nacos.shaded.io.grpc.netty.shaded.io.netty.channel.DefaultChannelPipeline.invokeHandlerAddedIfNeeded()V+44
j  com.alibaba.nacos.shaded.io.grpc.netty.shaded.io.netty.channel.AbstractChannel$AbstractUnsafe.register0(Lcom/alibaba/nacos/shaded/io/grpc/netty/shaded/io/netty/channel/ChannelPromise;)V+51
j  com.alibaba.nacos.shaded.io.grpc.netty.shaded.io.netty.channel.AbstractChannel$AbstractUnsafe.access$200(Lcom/alibaba/nacos/shaded/io/grpc/netty/shaded/io/netty/channel/AbstractChannel$AbstractUnsafe;Lcom/alibaba/nacos/shaded/io/grpc/netty/shaded/io/netty/channel/ChannelPromise;)V+2
j  com.alibaba.nacos.shaded.io.grpc.netty.shaded.io.netty.channel.AbstractChannel$AbstractUnsafe$1.run()V+8
j  com.alibaba.nacos.shaded.io.grpc.netty.shaded.io.netty.util.concurrent.AbstractEventExecutor.safeExecute(Ljava/lang/Runnable;)V+1
j  com.alibaba.nacos.shaded.io.grpc.netty.shaded.io.netty.util.concurrent.SingleThreadEventExecutor.runAllTasks(J)Z+41
j  com.alibaba.nacos.shaded.io.grpc.netty.shaded.io.netty.channel.nio.NioEventLoop.run()V+265
j  com.alibaba.nacos.shaded.io.grpc.netty.shaded.io.netty.util.concurrent.SingleThreadEventExecutor$4.run()V+44
j  com.alibaba.nacos.shaded.io.grpc.netty.shaded.io.netty.util.internal.ThreadExecutorMap$2.run()V+11
j  com.alibaba.nacos.shaded.io.grpc.netty.shaded.io.netty.util.concurrent.FastThreadLocalRunnable.run()V+4
j  java.lang.Thread.run()V+11
v  ~StubRoutines::call_stub

---------------  P R O C E S S  ---------------

Java Threads: ( => current thread )
=>0x0000025aa649c000 JavaThread "grpc-nio-worker-ELG-1-4" daemon [_thread_in_vm, id=8324, stack(0x000000b955600000,0x000000b955700000)]
  0x0000025aa649a800 JavaThread "grpc-nio-worker-ELG-1-3" daemon [_thread_in_native, id=32396, stack(0x000000b955500000,0x000000b955600000)]
  0x0000025aa649d000 JavaThread "com.alibaba.nacos.client.remote.worker" daemon [_thread_blocked, id=28164, stack(0x000000b955400000,0x000000b955500000)]
  0x0000025aa6497800 JavaThread "com.alibaba.nacos.client.remote.worker" daemon [_thread_blocked, id=13912, stack(0x000000b955300000,0x000000b955400000)]
  0x0000025aa649a000 JavaThread "com.alibaba.nacos.client.naming.grpc.redo.0" daemon [_thread_blocked, id=23684, stack(0x000000b955200000,0x000000b955300000)]
  0x0000025aa57d5000 JavaThread "com.alibaba.nacos.client.naming.security" daemon [_thread_blocked, id=31704, stack(0x000000b955100000,0x000000b955200000)]
  0x0000025aa57cb000 JavaThread "com.alibaba.nacos.naming.failover" daemon [_thread_blocked, id=12400, stack(0x000000b954900000,0x000000b954a00000)]
  0x0000025aa57d1000 JavaThread "nacos.publisher-com.alibaba.nacos.client.naming.event.InstancesChangeEvent" daemon [_thread_blocked, id=20852, stack(0x000000b954800000,0x000000b954900000)]
  0x0000025aa57c9800 JavaThread "RMI TCP Connection(9)-192.168.56.1" daemon [_thread_in_native, id=10368, stack(0x000000b954700000,0x000000b954800000)]
  0x0000025aa57d0800 JavaThread "com.alibaba.nacos.client.Worker" daemon [_thread_blocked, id=21048, stack(0x000000b954600000,0x000000b954700000)]
  0x0000025aa57c8800 JavaThread "nacos-grpc-client-executor-localhost-8" daemon [_thread_blocked, id=19136, stack(0x000000b954500000,0x000000b954600000)]
  0x0000025aa57cc800 JavaThread "server" [_thread_blocked, id=22264, stack(0x000000b954400000,0x000000b954500000)]
  0x0000025aa57cf800 JavaThread "reactor-http-nio-1" daemon [_thread_in_native, id=2616, stack(0x000000b954300000,0x000000b954400000)]
  0x0000025aa57d4800 JavaThread "com.alibaba.nacos.client.Worker" daemon [_thread_blocked, id=16728, stack(0x000000b955000000,0x000000b955100000)]
  0x0000025aa57d3000 JavaThread "RMI TCP Connection(8)-192.168.56.1" daemon [_thread_in_native, id=28308, stack(0x000000b954f00000,0x000000b955000000)]
  0x0000025aa57d6800 JavaThread "nacos-grpc-client-executor-localhost-7" daemon [_thread_blocked, id=25912, stack(0x000000b954e00000,0x000000b954f00000)]
  0x0000025aa57d7800 JavaThread "com.alibaba.nacos.client.Worker" daemon [_thread_blocked, id=20832, stack(0x000000b954d00000,0x000000b954e00000)]
  0x0000025aa57d3800 JavaThread "spring.cloud.inetutils" daemon [_thread_blocked, id=8780, stack(0x000000b954c00000,0x000000b954d00000)]
  0x0000025aa57d6000 JavaThread "RMI TCP Connection(6)-192.168.56.1" daemon [_thread_in_native, id=10160, stack(0x000000b954b00000,0x000000b954c00000)]
  0x0000025aa57d2000 JavaThread "boundedElastic-evictor-1" daemon [_thread_blocked, id=30780, stack(0x000000b954a00000,0x000000b954b00000)]
  0x0000025aa57cd800 JavaThread "grpc-nio-worker-ELG-1-2" daemon [_thread_in_native, id=29144, stack(0x000000b954200000,0x000000b954300000)]
  0x0000025aa57cf000 JavaThread "com.alibaba.nacos.client.Worker" daemon [_thread_blocked, id=21868, stack(0x000000b954100000,0x000000b954200000)]
  0x0000025aa57ce000 JavaThread "grpc-default-executor-0" daemon [_thread_blocked, id=16484, stack(0x000000b954000000,0x000000b954100000)]
  0x0000025aa57ca000 JavaThread "grpc-nio-worker-ELG-1-1" daemon [_thread_in_native, id=1060, stack(0x000000b953f00000,0x000000b954000000)]
  0x0000025aa59ca000 JavaThread "RMI TCP Connection(4)-192.168.56.1" daemon [_thread_in_native, id=2856, stack(0x000000b953e00000,0x000000b953f00000)]
  0x0000025aa59c9000 JavaThread "com.alibaba.nacos.client.remote.worker" daemon [_thread_blocked, id=29092, stack(0x000000b953d00000,0x000000b953e00000)]
  0x0000025aa59cd800 JavaThread "com.alibaba.nacos.client.remote.worker" daemon [_thread_blocked, id=1444, stack(0x000000b953c00000,0x000000b953d00000)]
  0x0000025aa59cd000 JavaThread "nacos.publisher-com.alibaba.nacos.common.notify.SlowEvent" daemon [_thread_blocked, id=2420, stack(0x000000b953b00000,0x000000b953c00000)]
  0x0000025aa59cf800 JavaThread "com.alibaba.nacos.client.Worker" daemon [_thread_blocked, id=16480, stack(0x000000b953a00000,0x000000b953b00000)]
  0x0000025aa59ca800 JavaThread "com.alibaba.nacos.client.Worker" daemon [_thread_blocked, id=5688, stack(0x000000b953900000,0x000000b953a00000)]
  0x0000025aa59cc000 JavaThread "com.alibaba.nacos.client.Worker" daemon [_thread_blocked, id=27804, stack(0x000000b953800000,0x000000b953900000)]
  0x0000025aa59ce800 JavaThread "com.alibaba.nacos.client.auth.ram.identify.watcher.0" daemon [_thread_blocked, id=22360, stack(0x000000b953700000,0x000000b953800000)]
  0x0000025aa59d0000 JavaThread "Keep-Alive-Timer" daemon [_thread_blocked, id=24408, stack(0x000000b953600000,0x000000b953700000)]
  0x0000025aa534b000 JavaThread "RMI Scheduler(0)" daemon [_thread_blocked, id=33228, stack(0x000000b953400000,0x000000b953500000)]
  0x0000025aa4f3a000 JavaThread "RMI TCP Connection(2)-192.168.56.1" daemon [_thread_in_native, id=29548, stack(0x000000b953300000,0x000000b953400000)]
  0x0000025aa501a800 JavaThread "RMI TCP Accept-0" daemon [_thread_in_native, id=29212, stack(0x000000b953100000,0x000000b953200000)]
  0x0000025aa4d72000 JavaThread "Service Thread" daemon [_thread_blocked, id=11292, stack(0x000000b953000000,0x000000b953100000)]
  0x0000025aa4d26000 JavaThread "C1 CompilerThread3" daemon [_thread_blocked, id=20632, stack(0x000000b952f00000,0x000000b953000000)]
  0x0000025aa4d1e800 JavaThread "C2 CompilerThread2" daemon [_thread_blocked, id=13428, stack(0x000000b952e00000,0x000000b952f00000)]
  0x0000025aa4d1d000 JavaThread "C2 CompilerThread1" daemon [_thread_blocked, id=6864, stack(0x000000b952d00000,0x000000b952e00000)]
  0x0000025aa4d1c800 JavaThread "C2 CompilerThread0" daemon [_thread_blocked, id=3424, stack(0x000000b952c00000,0x000000b952d00000)]
  0x0000025aa4d0c800 JavaThread "Monitor Ctrl-Break" daemon [_thread_in_native, id=19280, stack(0x000000b952b00000,0x000000b952c00000)]
  0x0000025aa47a1800 JavaThread "Attach Listener" daemon [_thread_blocked, id=20648, stack(0x000000b952a00000,0x000000b952b00000)]
  0x0000025aa2bcc800 JavaThread "Signal Dispatcher" daemon [_thread_blocked, id=17056, stack(0x000000b952900000,0x000000b952a00000)]
  0x0000025aa2b50800 JavaThread "Finalizer" daemon [_thread_blocked, id=10692, stack(0x000000b952800000,0x000000b952900000)]
  0x0000025aa2b4f000 JavaThread "Reference Handler" daemon [_thread_blocked, id=32772, stack(0x000000b952700000,0x000000b952800000)]
  0x0000025a8792a000 JavaThread "main" [_thread_blocked, id=25756, stack(0x000000b951d00000,0x000000b951e00000)]

Other Threads:
  0x0000025a879d6800 VMThread [stack: 0x000000b952600000,0x000000b952700000] [id=32212]
  0x0000025aa502a000 WatcherThread [stack: 0x000000b953200000,0x000000b953300000] [id=23648]

VM state:not at safepoint (normal execution)

VM Mutex/Monitor currently owned by a thread: None

heap address: 0x00000006c1e00000, size: 4066 MB, Compressed Oops mode: Zero based, Oop shift amount: 3
Narrow klass base: 0x0000000000000000, Narrow klass shift: 3
Compressed class space size: 1073741824 Address: 0x00000007c0000000

Heap:
 PSYoungGen      total 201216K, used 177041K [0x000000076b500000, 0x000000077f880000, 0x00000007c0000000)
  eden space 190976K, 87% used [0x000000076b500000,0x00000007757e5238,0x0000000776f80000)
  from space 10240K, 99% used [0x0000000776f80000,0x000000077797f390,0x0000000777980000)
  to   space 14336K, 0% used [0x000000077ea80000,0x000000077ea80000,0x000000077f880000)
 ParOldGen       total 130048K, used 18149K [0x00000006c1e00000, 0x00000006c9d00000, 0x000000076b500000)
  object space 130048K, 13% used [0x00000006c1e00000,0x00000006c2fb9610,0x00000006c9d00000)
 Metaspace       used 49622K, capacity 52138K, committed 52352K, reserved 1093632K
  class space    used 6698K, capacity 7186K, committed 7296K, reserved 1048576K

Card table byte_map: [0x0000025a98a90000,0x0000025a99290000] byte_map_base: 0x0000025a95481000

Marking Bits: (ParMarkBitMap*) 0x0000000059686830
 Begin Bits: [0x0000025a997e0000, 0x0000025a9d768000)
 End Bits:   [0x0000025a9d768000, 0x0000025aa16f0000)

Polling page: 0x0000025a87aa0000

CodeCache: size=245760Kb used=8773Kb max_used=8773Kb free=236986Kb
 bounds [0x0000025a896d0000, 0x0000025a89f70000, 0x0000025a986d0000]
 total_blobs=5105 nmethods=4553 adapters=464
 compilation: enabled

Compilation events (10 events):
Event: 24.548 Thread 0x0000025aa4d26000 4627       1       java.lang.ProcessEnvironment$CheckedEntry::getKey (5 bytes)
Event: 24.548 Thread 0x0000025aa4d26000 nmethod 4627 0x0000025a89f60d90 code [0x0000025a89f60f00, 0x0000025a89f61070]
Event: 24.548 Thread 0x0000025aa4d26000 4628       1       java.lang.ProcessEnvironment$CheckedEntry::getKey (13 bytes)
Event: 24.548 Thread 0x0000025aa4d26000 nmethod 4628 0x0000025a89f61110 code [0x0000025a89f61280, 0x0000025a89f613f0]
Event: 24.548 Thread 0x0000025aa4d26000 4626       1       java.util.Collections$UnmodifiableMap$UnmodifiableEntrySet$UnmodifiableEntry::getValue (10 bytes)
Event: 24.548 Thread 0x0000025aa4d26000 nmethod 4626 0x0000025a89f61490 code [0x0000025a89f615e0, 0x0000025a89f61730]
Event: 24.647 Thread 0x0000025aa4d26000 4629       1       ch.qos.logback.core.pattern.LiteralConverter::convert (5 bytes)
Event: 24.648 Thread 0x0000025aa4d26000 nmethod 4629 0x0000025a89f61790 code [0x0000025a89f618e0, 0x0000025a89f619f8]
Event: 24.655 Thread 0x0000025aa4d26000 4630       1       com.alibaba.nacos.shaded.io.grpc.netty.shaded.io.netty.handler.codec.http2.DefaultHttp2ConnectionEncoder::connection (5 bytes)
Event: 24.655 Thread 0x0000025aa4d26000 nmethod 4630 0x0000025a89f61a50 code [0x0000025a89f61ba0, 0x0000025a89f61cb8]

GC Heap History (10 events):
Event: 3.623 GC heap before
{Heap before GC invocations=5 (full 1):
 PSYoungGen      total 76288K, used 65536K [0x000000076b500000, 0x0000000774a00000, 0x00000007c0000000)
  eden space 65536K, 100% used [0x000000076b500000,0x000000076f500000,0x000000076f500000)
  from space 10752K, 0% used [0x000000076f500000,0x000000076f500000,0x000000076ff80000)
  to   space 10752K, 0% used [0x0000000773f80000,0x0000000773f80000,0x0000000774a00000)
 ParOldGen       total 92160K, used 8078K [0x00000006c1e00000, 0x00000006c7800000, 0x000000076b500000)
  object space 92160K, 8% used [0x00000006c1e00000,0x00000006c25e3808,0x00000006c7800000)
 Metaspace       used 25197K, capacity 26384K, committed 26496K, reserved 1073152K
  class space    used 3417K, capacity 3704K, committed 3712K, reserved 1048576K
Event: 3.630 GC heap after
Heap after GC invocations=5 (full 1):
 PSYoungGen      total 120320K, used 6173K [0x000000076b500000, 0x0000000774600000, 0x00000007c0000000)
  eden space 113664K, 0% used [0x000000076b500000,0x000000076b500000,0x0000000772400000)
  from space 6656K, 92% used [0x0000000773f80000,0x00000007745874d0,0x0000000774600000)
  to   space 10752K, 0% used [0x0000000773100000,0x0000000773100000,0x0000000773b80000)
 ParOldGen       total 92160K, used 8086K [0x00000006c1e00000, 0x00000006c7800000, 0x000000076b500000)
  object space 92160K, 8% used [0x00000006c1e00000,0x00000006c25e5808,0x00000006c7800000)
 Metaspace       used 25197K, capacity 26384K, committed 26496K, reserved 1073152K
  class space    used 3417K, capacity 3704K, committed 3712K, reserved 1048576K
}
Event: 7.554 GC heap before
{Heap before GC invocations=6 (full 1):
 PSYoungGen      total 120320K, used 119837K [0x000000076b500000, 0x0000000774600000, 0x00000007c0000000)
  eden space 113664K, 100% used [0x000000076b500000,0x0000000772400000,0x0000000772400000)
  from space 6656K, 92% used [0x0000000773f80000,0x00000007745874d0,0x0000000774600000)
  to   space 10752K, 0% used [0x0000000773100000,0x0000000773100000,0x0000000773b80000)
 ParOldGen       total 92160K, used 8086K [0x00000006c1e00000, 0x00000006c7800000, 0x000000076b500000)
  object space 92160K, 8% used [0x00000006c1e00000,0x00000006c25e5808,0x00000006c7800000)
 Metaspace       used 31564K, capacity 32802K, committed 33024K, reserved 1077248K
  class space    used 4205K, capacity 4483K, committed 4608K, reserved 1048576K
Event: 7.564 GC heap after
Heap after GC invocations=6 (full 1):
 PSYoungGen      total 137728K, used 9225K [0x000000076b500000, 0x0000000778380000, 0x00000007c0000000)
  eden space 126976K, 0% used [0x000000076b500000,0x000000076b500000,0x0000000773100000)
  from space 10752K, 85% used [0x0000000773100000,0x0000000773a02500,0x0000000773b80000)
  to   space 10240K, 0% used [0x0000000777980000,0x0000000777980000,0x0000000778380000)
 ParOldGen       total 92160K, used 8094K [0x00000006c1e00000, 0x00000006c7800000, 0x000000076b500000)
  object space 92160K, 8% used [0x00000006c1e00000,0x00000006c25e7808,0x00000006c7800000)
 Metaspace       used 31564K, capacity 32802K, committed 33024K, reserved 1077248K
  class space    used 4205K, capacity 4483K, committed 4608K, reserved 1048576K
}
Event: 9.437 GC heap before
{Heap before GC invocations=7 (full 1):
 PSYoungGen      total 137728K, used 51739K [0x000000076b500000, 0x0000000778380000, 0x00000007c0000000)
  eden space 126976K, 33% used [0x000000076b500000,0x000000076de847e8,0x0000000773100000)
  from space 10752K, 85% used [0x0000000773100000,0x0000000773a02500,0x0000000773b80000)
  to   space 10240K, 0% used [0x0000000777980000,0x0000000777980000,0x0000000778380000)
 ParOldGen       total 92160K, used 8094K [0x00000006c1e00000, 0x00000006c7800000, 0x000000076b500000)
  object space 92160K, 8% used [0x00000006c1e00000,0x00000006c25e7808,0x00000006c7800000)
 Metaspace       used 34051K, capacity 35272K, committed 35416K, reserved 1079296K
  class space    used 4504K, capacity 4772K, committed 4864K, reserved 1048576K
Event: 9.442 GC heap after
Heap after GC invocations=7 (full 1):
 PSYoungGen      total 201216K, used 6639K [0x000000076b500000, 0x0000000779300000, 0x00000007c0000000)
  eden space 190976K, 0% used [0x000000076b500000,0x000000076b500000,0x0000000776f80000)
  from space 10240K, 64% used [0x0000000777980000,0x0000000777ffbe70,0x0000000778380000)
  to   space 10240K, 0% used [0x0000000776f80000,0x0000000776f80000,0x0000000777980000)
 ParOldGen       total 92160K, used 8102K [0x00000006c1e00000, 0x00000006c7800000, 0x000000076b500000)
  object space 92160K, 8% used [0x00000006c1e00000,0x00000006c25e9808,0x00000006c7800000)
 Metaspace       used 34051K, capacity 35272K, committed 35416K, reserved 1079296K
  class space    used 4504K, capacity 4772K, committed 4864K, reserved 1048576K
}
Event: 9.442 GC heap before
{Heap before GC invocations=8 (full 2):
 PSYoungGen      total 201216K, used 6639K [0x000000076b500000, 0x0000000779300000, 0x00000007c0000000)
  eden space 190976K, 0% used [0x000000076b500000,0x000000076b500000,0x0000000776f80000)
  from space 10240K, 64% used [0x0000000777980000,0x0000000777ffbe70,0x0000000778380000)
  to   space 10240K, 0% used [0x0000000776f80000,0x0000000776f80000,0x0000000777980000)
 ParOldGen       total 92160K, used 8102K [0x00000006c1e00000, 0x00000006c7800000, 0x000000076b500000)
  object space 92160K, 8% used [0x00000006c1e00000,0x00000006c25e9808,0x00000006c7800000)
 Metaspace       used 34051K, capacity 35272K, committed 35416K, reserved 1079296K
  class space    used 4504K, capacity 4772K, committed 4864K, reserved 1048576K
Event: 9.497 GC heap after
Heap after GC invocations=8 (full 2):
 PSYoungGen      total 201216K, used 0K [0x000000076b500000, 0x0000000779300000, 0x00000007c0000000)
  eden space 190976K, 0% used [0x000000076b500000,0x000000076b500000,0x0000000776f80000)
  from space 10240K, 0% used [0x0000000777980000,0x0000000777980000,0x0000000778380000)
  to   space 10240K, 0% used [0x0000000776f80000,0x0000000776f80000,0x0000000777980000)
 ParOldGen       total 130048K, used 11899K [0x00000006c1e00000, 0x00000006c9d00000, 0x000000076b500000)
  object space 130048K, 9% used [0x00000006c1e00000,0x00000006c299ee18,0x00000006c9d00000)
 Metaspace       used 34051K, capacity 35272K, committed 35416K, reserved 1079296K
  class space    used 4504K, capacity 4772K, committed 4864K, reserved 1048576K
}
Event: 11.130 GC heap before
{Heap before GC invocations=9 (full 2):
 PSYoungGen      total 201216K, used 190976K [0x000000076b500000, 0x0000000779300000, 0x00000007c0000000)
  eden space 190976K, 100% used [0x000000076b500000,0x0000000776f80000,0x0000000776f80000)
  from space 10240K, 0% used [0x0000000777980000,0x0000000777980000,0x0000000778380000)
  to   space 10240K, 0% used [0x0000000776f80000,0x0000000776f80000,0x0000000777980000)
 ParOldGen       total 130048K, used 11899K [0x00000006c1e00000, 0x00000006c9d00000, 0x000000076b500000)
  object space 130048K, 9% used [0x00000006c1e00000,0x00000006c299ee18,0x00000006c9d00000)
 Metaspace       used 40655K, capacity 42174K, committed 42496K, reserved 1085440K
  class space    used 5458K, capacity 5769K, committed 5888K, reserved 1048576K
Event: 11.146 GC heap after
Heap after GC invocations=9 (full 2):
 PSYoungGen      total 201216K, used 10236K [0x000000076b500000, 0x000000077f880000, 0x00000007c0000000)
  eden space 190976K, 0% used [0x000000076b500000,0x000000076b500000,0x0000000776f80000)
  from space 10240K, 99% used [0x0000000776f80000,0x000000077797f390,0x0000000777980000)
  to   space 14336K, 0% used [0x000000077ea80000,0x000000077ea80000,0x000000077f880000)
 ParOldGen       total 130048K, used 18149K [0x00000006c1e00000, 0x00000006c9d00000, 0x000000076b500000)
  object space 130048K, 13% used [0x00000006c1e00000,0x00000006c2fb9610,0x00000006c9d00000)
 Metaspace       used 40655K, capacity 42174K, committed 42496K, reserved 1085440K
  class space    used 5458K, capacity 5769K, committed 5888K, reserved 1048576K
}

Deoptimization events (0 events):
No events

Classes redefined (0 events):
No events

Internal exceptions (10 events):
Event: 18.642 Thread 0x0000025a8792a000 Exception <a 'java/lang/ClassNotFoundException': java/util/EventListenerCustomizer> (0x0000000773c846d8) thrown at [C:\wsjdk\Corretto8Src\installers\windows\zip\corretto-build\buildRoot\hotspot\src\share\vm\classfile\systemDictionary.cpp, line 217]
Event: 18.643 Thread 0x0000025a8792a000 Exception <a 'java/lang/ClassNotFoundException': java/lang/ObjectCustomizer> (0x0000000773c98a60) thrown at [C:\wsjdk\Corretto8Src\installers\windows\zip\corretto-build\buildRoot\hotspot\src\share\vm\classfile\systemDictionary.cpp, line 217]
Event: 18.643 Thread 0x0000025a8792a000 Exception <a 'java/lang/ClassNotFoundException': org/springframework/jmx/export/metadata/AbstractJmxAttributeCustomizer> (0x0000000773cbff80) thrown at [C:\wsjdk\Corretto8Src\installers\windows\zip\corretto-build\buildRoot\hotspot\src\share\vm\classfile\s
Event: 18.643 Thread 0x0000025a8792a000 Exception <a 'java/lang/ClassNotFoundException': org/springframework/jmx/export/metadata/ManagedAttributeCustomizer> (0x0000000773ce7710) thrown at [C:\wsjdk\Corretto8Src\installers\windows\zip\corretto-build\buildRoot\hotspot\src\share\vm\classfile\syste
Event: 18.674 Thread 0x0000025a8792a000 Exception <a 'java/lang/UnsatisfiedLinkError': io.netty.channel.epoll.Native.offsetofEpollData()I> (0x0000000774142468) thrown at [C:\wsjdk\Corretto8Src\installers\windows\zip\corretto-build\buildRoot\hotspot\src\share\vm\prims\nativeLookup.cpp, line 506]
Event: 18.675 Thread 0x0000025a8792a000 Exception <a 'java/lang/ExceptionInInitializerError'> (0x00000007741432d0) thrown at [C:\wsjdk\Corretto8Src\installers\windows\zip\corretto-build\buildRoot\hotspot\src\share\vm\oops\instanceKlass.cpp, line 969]
Event: 20.525 Thread 0x0000025a8792a000 Exception <a 'java/lang/IncompatibleClassChangeError': Found class java.lang.Object, but interface was expected> (0x0000000774d14ad8) thrown at [C:\wsjdk\Corretto8Src\installers\windows\zip\corretto-build\buildRoot\hotspot\src\share\vm\interpreter\linkRes
Event: 20.526 Thread 0x0000025a8792a000 Exception <a 'java/lang/IncompatibleClassChangeError': Found class java.lang.Object, but interface was expected> (0x0000000774d219a0) thrown at [C:\wsjdk\Corretto8Src\installers\windows\zip\corretto-build\buildRoot\hotspot\src\share\vm\interpreter\linkRes
Event: 23.805 Thread 0x0000025aa59ce800 Exception <a 'java/io/FileNotFoundException'> (0x000000076f9dd4d0) thrown at [C:\wsjdk\Corretto8Src\installers\windows\zip\corretto-build\buildRoot\hotspot\src\share\vm\prims\jni.cpp, line 709]
Event: 23.805 Thread 0x0000025aa59ce800 Exception <a 'java/io/FileNotFoundException'> (0x000000076f9ddaa8) thrown at [C:\wsjdk\Corretto8Src\installers\windows\zip\corretto-build\buildRoot\hotspot\src\share\vm\prims\jni.cpp, line 709]

Events (10 events):
Event: 24.655 Executing VM operation: RevokeBias done
Event: 24.655 Executing VM operation: RevokeBias
Event: 24.655 Executing VM operation: RevokeBias done
Event: 24.655 loading class com/alibaba/nacos/shaded/io/grpc/netty/shaded/io/netty/channel/epoll/Epoll
Event: 24.655 loading class com/alibaba/nacos/shaded/io/grpc/netty/shaded/io/netty/channel/epoll/Epoll done
Event: 24.656 Thread 0x0000025aa649c000 Thread added: 0x0000025aa649c000
Event: 24.664 Executing VM operation: RevokeBias
Event: 24.664 Executing VM operation: RevokeBias done
Event: 24.664 Executing VM operation: RevokeBias
Event: 24.664 Executing VM operation: RevokeBias done


Dynamic libraries:
0x00007ff64caf0000 - 0x00007ff64cb2a000 	D:\JAVA\jdk1.8.0_3.6.2\bin\java.exe
0x00007fffe19d0000 - 0x00007fffe1be7000 	C:\WINDOWS\SYSTEM32\ntdll.dll
0x00007fffe08d0000 - 0x00007fffe0994000 	C:\WINDOWS\System32\KERNEL32.DLL
0x00007fffdefa0000 - 0x00007fffdf347000 	C:\WINDOWS\System32\KERNELBASE.dll
0x00007fffdf730000 - 0x00007fffdf7e0000 	C:\WINDOWS\System32\ADVAPI32.dll
0x00007fffe0fc0000 - 0x00007fffe1067000 	C:\WINDOWS\System32\msvcrt.dll
0x00007fffe1630000 - 0x00007fffe16d6000 	C:\WINDOWS\System32\sechost.dll
0x00007fffe16e0000 - 0x00007fffe17f7000 	C:\WINDOWS\System32\RPCRT4.dll
0x00007fffe0720000 - 0x00007fffe08ce000 	C:\WINDOWS\System32\USER32.dll
0x00007fffdf350000 - 0x00007fffdf376000 	C:\WINDOWS\System32\win32u.dll
0x00007fffe0aa0000 - 0x00007fffe0ac9000 	C:\WINDOWS\System32\GDI32.dll
0x00007fffdf590000 - 0x00007fffdf6a9000 	C:\WINDOWS\System32\gdi32full.dll
0x00007fffdf380000 - 0x00007fffdf41a000 	C:\WINDOWS\System32\msvcp_win.dll
0x00007fffdee80000 - 0x00007fffdef91000 	C:\WINDOWS\System32\ucrtbase.dll
0x00007fffcc5d0000 - 0x00007fffcc863000 	C:\WINDOWS\WinSxS\amd64_microsoft.windows.common-controls_6595b64144ccf1df_6.0.22621.2506_none_270c5ae97388e100\COMCTL32.dll
0x00007fffe0a50000 - 0x00007fffe0a81000 	C:\WINDOWS\System32\IMM32.DLL
0x00007fffa6a40000 - 0x00007fffa6b2f000 	D:\JAVA\jdk1.8.0_3.6.2\jre\bin\msvcr120.dll
0x00007fffa6990000 - 0x00007fffa6a36000 	D:\JAVA\jdk1.8.0_3.6.2\jre\bin\msvcp120.dll
0x0000000058e90000 - 0x0000000059705000 	D:\JAVA\jdk1.8.0_3.6.2\jre\bin\server\jvm.dll
0x00007fffe1400000 - 0x00007fffe1408000 	C:\WINDOWS\System32\PSAPI.DLL
0x00007fffb07d0000 - 0x00007fffb07d9000 	C:\WINDOWS\SYSTEM32\WSOCK32.dll
0x00007fffdfcb0000 - 0x00007fffdfd21000 	C:\WINDOWS\System32\WS2_32.dll
0x00007fffd76b0000 - 0x00007fffd76e4000 	C:\WINDOWS\SYSTEM32\WINMM.dll
0x00007fffd69f0000 - 0x00007fffd69fa000 	C:\WINDOWS\SYSTEM32\VERSION.dll
0x00007fffc35e0000 - 0x00007fffc35ef000 	D:\JAVA\jdk1.8.0_3.6.2\jre\bin\verify.dll
0x00007fffc0ce0000 - 0x00007fffc0d09000 	D:\JAVA\jdk1.8.0_3.6.2\jre\bin\java.dll
0x00007fffb7720000 - 0x00007fffb774a000 	D:\JAVA\jdk1.8.0_3.6.2\jre\bin\instrument.dll
0x00007fffc2100000 - 0x00007fffc2116000 	D:\JAVA\jdk1.8.0_3.6.2\jre\bin\zip.dll
0x00007fffdfea0000 - 0x00007fffe06f9000 	C:\WINDOWS\System32\SHELL32.dll
0x00007fffdcc70000 - 0x00007fffdd564000 	C:\WINDOWS\SYSTEM32\windows.storage.dll
0x00007fffe1070000 - 0x00007fffe13f9000 	C:\WINDOWS\System32\combase.dll
0x00007fffdcb30000 - 0x00007fffdcc6e000 	C:\WINDOWS\SYSTEM32\wintypes.dll
0x00007fffe1890000 - 0x00007fffe1983000 	C:\WINDOWS\System32\SHCORE.dll
0x00007fffdf7e0000 - 0x00007fffdf83e000 	C:\WINDOWS\System32\shlwapi.dll
0x00007fffdec80000 - 0x00007fffdeca6000 	C:\WINDOWS\SYSTEM32\profapi.dll
0x00007fffb7bd0000 - 0x00007fffb7bea000 	D:\JAVA\IntelliJ IDEA 2022.2\bin\breakgen64.dll
0x00007fffc0a70000 - 0x00007fffc0a8a000 	D:\JAVA\jdk1.8.0_3.6.2\jre\bin\net.dll
0x00007fffde2c0000 - 0x00007fffde329000 	C:\WINDOWS\system32\mswsock.dll
0x00007fffdd8c0000 - 0x00007fffdd9b9000 	C:\WINDOWS\SYSTEM32\DNSAPI.dll
0x00007fffdd850000 - 0x00007fffdd87d000 	C:\WINDOWS\SYSTEM32\IPHLPAPI.DLL
0x00007fffdf840000 - 0x00007fffdf849000 	C:\WINDOWS\System32\NSI.dll
0x00007fffd8c10000 - 0x00007fffd8c1a000 	C:\Windows\System32\rasadhlp.dll
0x00007fffd63b0000 - 0x00007fffd6433000 	C:\WINDOWS\System32\fwpuclnt.dll
0x00007fffc1f70000 - 0x00007fffc1f7d000 	D:\JAVA\jdk1.8.0_3.6.2\jre\bin\management.dll
0x00007fffbf940000 - 0x00007fffbf952000 	D:\JAVA\jdk1.8.0_3.6.2\jre\bin\nio.dll
0x00007fffde510000 - 0x00007fffde52b000 	C:\WINDOWS\SYSTEM32\CRYPTSP.dll
0x00007fffddda0000 - 0x00007fffdddd5000 	C:\WINDOWS\system32\rsaenh.dll
0x00007fffde3b0000 - 0x00007fffde3dc000 	C:\WINDOWS\SYSTEM32\USERENV.dll
0x00007fffde6e0000 - 0x00007fffde708000 	C:\WINDOWS\SYSTEM32\bcrypt.dll
0x00007fffdf6b0000 - 0x00007fffdf72a000 	C:\WINDOWS\System32\bcryptprimitives.dll
0x00007fffde530000 - 0x00007fffde53c000 	C:\WINDOWS\SYSTEM32\CRYPTBASE.dll
0x00007fffd7d20000 - 0x00007fffd7d39000 	C:\WINDOWS\SYSTEM32\dhcpcsvc6.DLL
0x00007fffd7d00000 - 0x00007fffd7d1f000 	C:\WINDOWS\SYSTEM32\dhcpcsvc.DLL
0x00007fffaf220000 - 0x00007fffaf237000 	C:\WINDOWS\system32\napinsp.dll
0x00007fffaf200000 - 0x00007fffaf21b000 	C:\WINDOWS\system32\pnrpnsp.dll
0x00007fffaf1e0000 - 0x00007fffaf1f1000 	C:\WINDOWS\System32\winrnr.dll
0x00007fffd6a50000 - 0x00007fffd6a65000 	C:\WINDOWS\system32\wshbth.dll
0x00007fffaf160000 - 0x00007fffaf181000 	C:\WINDOWS\system32\nlansp_c.dll
0x00007fffdc650000 - 0x00007fffdc883000 	C:\WINDOWS\SYSTEM32\dbghelp.dll
0x00007fffdf9a0000 - 0x00007fffdfa77000 	C:\WINDOWS\System32\OLEAUT32.dll

VM Arguments:
jvm_args: -XX:TieredStopAtLevel=1 -Xverify:none -Dspring.output.ansi.enabled=always -Dcom.sun.management.jmxremote -Dspring.jmx.enabled=true -Dspring.liveBeansView.mbeanDomain -Dspring.application.admin.enabled=true -javaagent:D:\JAVA\IntelliJ IDEA 2022.2\lib\idea_rt.jar=60888:D:\JAVA\IntelliJ IDEA 2022.2\bin -Dfile.encoding=UTF-8 
java_command: com.monkey.monkeygateway.MonkeyGatewayApplication
java_class_path (initial): D:\JAVA\jdk1.8.0_3.6.2\jre\lib\charsets.jar;D:\JAVA\jdk1.8.0_3.6.2\jre\lib\ext\access-bridge-64.jar;D:\JAVA\jdk1.8.0_3.6.2\jre\lib\ext\cldrdata.jar;D:\JAVA\jdk1.8.0_3.6.2\jre\lib\ext\dnsns.jar;D:\JAVA\jdk1.8.0_3.6.2\jre\lib\ext\jaccess.jar;D:\JAVA\jdk1.8.0_3.6.2\jre\lib\ext\jfxrt.jar;D:\JAVA\jdk1.8.0_3.6.2\jre\lib\ext\localedata.jar;D:\JAVA\jdk1.8.0_3.6.2\jre\lib\ext\nashorn.jar;D:\JAVA\jdk1.8.0_3.6.2\jre\lib\ext\sunec.jar;D:\JAVA\jdk1.8.0_3.6.2\jre\lib\ext\sunjce_provider.jar;D:\JAVA\jdk1.8.0_3.6.2\jre\lib\ext\sunmscapi.jar;D:\JAVA\jdk1.8.0_3.6.2\jre\lib\ext\sunpkcs11.jar;D:\JAVA\jdk1.8.0_3.6.2\jre\lib\ext\zipfs.jar;D:\JAVA\jdk1.8.0_3.6.2\jre\lib\jce.jar;D:\JAVA\jdk1.8.0_3.6.2\jre\lib\jfr.jar;D:\JAVA\jdk1.8.0_3.6.2\jre\lib\jfxswt.jar;D:\JAVA\jdk1.8.0_3.6.2\jre\lib\jsse.jar;D:\JAVA\jdk1.8.0_3.6.2\jre\lib\management-agent.jar;D:\JAVA\jdk1.8.0_3.6.2\jre\lib\resources.jar;D:\JAVA\jdk1.8.0_3.6.2\jre\lib\rt.jar;D:\JAVA\project\monkey-blog\monkey\monkey-gateway\target\classes;D:\JAVA\Maven\maven-repository\repository\io\springfox\springfox-boot-starter\3.0.0\springfox-boot-starter-3.0.0.jar;D:\JAVA\Maven\maven-repository\repository\io\springfox\springfox-oas\3.0.0\springfox-oas-3.0.0.jar;D:\JAVA\Maven\maven-repository\repository\io\swagger\core\v3\swagger-annotations\2.1.2\swagger-annotations-2.1.2.jar;D:\JAVA\Maven\maven-repository\repository\io\swagger\core\v3\swagger-models\2.1.2\swagger-models-2.1.2.jar;D:\JAVA\Maven\maven-repository\repository\com\fasterxml\jackson\core\jackson-annotations\2.13.4\jackson-annotations-2.13.4.jar;D:\JAVA\Maven\maven-repository\repository\io\springfox\springfox-spi\3.0.0\springfox-spi-3.0.0.jar;D:\JAVA\Maven\maven-repository\repository\io\springfox\springfox-schema\3.0.0\springfox-schema-3.0.0.jar;D:\JAVA\Maven\maven-repository\repository\io\springfox\springfox-core\3.0.0\springfox-core-3.0.0.jar;D:\JAVA\Maven\maven-repository\repository\io\springfox\springfox-spring-web\3.0.0\springfox-spring-web-3.0.0.jar;D
Launcher Type: SUN_STANDARD

Environment Variables:
JAVA_HOME=D:\JAVA\jdk17
CLASSPATH=.;D:\JAVA\jdk17\lib\dt.jar;D:\JAVA\jdk17\lib\tools.jar
PATH=D:\VMware\bin\;C:\Program Files\Common Files\Oracle\Java\javapath;C:\Windows\system32;C:\Windows;C:\Windows\System32\Wbem;C:\Windows\System32\WindowsPowerShell\v1.0\;C:\Windows\System32\OpenSSH\;C:\Program Files (x86)\NVIDIA Corporation\PhysX\Common;C:\Program Files\NVIDIA Corporation\NVIDIA NvDLISR;C:\WINDOWS\system32;C:\WINDOWS;C:\WINDOWS\System32\Wbem;C:\WINDOWS\System32\WindowsPowerShell\v1.0\;C:\WINDOWS\System32\OpenSSH\;D:\JAVA\jdk17\bin;D:\JAVA\Maven\apache-maven-3.8.6\bin;d:\java\git\git\cmd;d:\java\nvm\nvm;d:\nvm\nvm;d:\java\nodejs\;D:\JAVA\mysql-8.0.32-winx64\bin;D:\sonarqube-9.9.0.65466\bin;D:\mingw64\bin;D:\JAVA\vargant\bin;D:\JAVA\Git\Git\cmd;C:\Users\吴思豪\AppData\Local\Microsoft\WindowsApps;C:\Users\吴思豪\AppData\Local\Programs\Microsoft VS Code\bin;D:\JAVA\vscode\Microsoft VS Code\bin;D:\JAVA\nodejs\node_global
USERNAME=吴思豪
OS=Windows_NT
PROCESSOR_IDENTIFIER=Intel64 Family 6 Model 165 Stepping 2, GenuineIntel



---------------  S Y S T E M  ---------------

OS: Windows 11 , 64 bit Build 22621 (10.0.22621.2506)

CPU:total 8 (initial active 8) (4 cores per cpu, 2 threads per core) family 6 model 165 stepping 2, cmov, cx8, fxsr, mmx, sse, sse2, sse3, ssse3, sse4.1, sse4.2, popcnt, avx, avx2, aes, clmul, erms, 3dnowpref, lzcnt, ht, tsc, tscinvbit, bmi1, bmi2, adx

Memory: 4k page, physical 16647984k(427140k free), swap 32376620k(16k free)

vm_info: OpenJDK 64-Bit Server VM (25.362-b08) for windows-amd64 JRE (1.8.0_362-b08), built on Jan 13 2023 13:30:12 by "Administrator" with MS VC++ 12.0 (VS2013)

time: Fri Nov 03 10:11:04 2023
timezone: 中国标准时间
elapsed time: 24.695940 seconds (0d 0h 0m 24s)

